# JRE version: OpenJDK Runtime Environment (8.0_242-b01) (build 1.8.0_242-release-1644-b01)
# Java VM: OpenJDK 64-Bit Server VM (25.242-b01 mixed mode windows-amd64 compressed oops)
Heap:
 PSYoungGen      total 499200K, used 498832K [0x00000000d5580000, 0x00000000ff000000, 0x0000000100000000)
  eden space 436736K, 100% used [0x00000000d5580000,0x00000000f0000000,0x00000000f0000000)
  from space 62464K, 99% used [0x00000000f0000000,0x00000000f3ca41c0,0x00000000f3d00000)
  to   space 122880K, 94% used [0x00000000f7800000,0x00000000fe9b2b78,0x00000000ff000000)
 ParOldGen       total 348160K, used 282317K [0x0000000080000000, 0x0000000095400000, 0x00000000d5580000)
  object space 348160K, 81% used [0x0000000080000000,0x00000000913b3748,0x0000000095400000)
 Metaspace       used 138750K, capacity 147818K, committed 147992K, reserved 1177600K
  class space    used 17494K, capacity 19191K, committed 19248K, reserved 1048576K
GC Heap History (10 events):
Event: 2220.234 GC heap after
Heap after GC invocations=29 (full 4):
 PSYoungGen      total 457216K, used 82415K [0x00000000d5580000, 0x00000000fc680000, 0x0000000100000000)
  eden space 374784K, 0% used [0x00000000d5580000,0x00000000d5580000,0x00000000ec380000)
  from space 82432K, 99% used [0x00000000ec380000,0x00000000f13fbf10,0x00000000f1400000)
  to   space 112128K, 0% used [0x00000000f5900000,0x00000000f5900000,0x00000000fc680000)
 ParOldGen       total 348160K, used 213291K [0x0000000080000000, 0x0000000095400000, 0x00000000d5580000)
  object space 348160K, 61% used [0x0000000080000000,0x000000008d04ae78,0x0000000095400000)
 Metaspace       used 123851K, capacity 132588K, committed 132888K, reserved 1165312K
  class space    used 15981K, capacity 17606K, committed 17712K, reserved 1048576K
}
Event: 2259.565 GC heap before
{Heap before GC invocations=30 (full 4):
 PSYoungGen      total 457216K, used 457199K [0x00000000d5580000, 0x00000000fc680000, 0x0000000100000000)
  eden space 374784K, 100% used [0x00000000d5580000,0x00000000ec380000,0x00000000ec380000)
  from space 82432K, 99% used [0x00000000ec380000,0x00000000f13fbf10,0x00000000f1400000)
  to   space 112128K, 0% used [0x00000000f5900000,0x00000000f5900000,0x00000000fc680000)
 ParOldGen       total 348160K, used 213291K [0x0000000080000000, 0x0000000095400000, 0x00000000d5580000)
  object space 348160K, 61% used [0x0000000080000000,0x000000008d04ae78,0x0000000095400000)
 Metaspace       used 124287K, capacity 133262K, committed 133528K, reserved 1165312K
  class space    used 16027K, capacity 17733K, committed 17840K, reserved 1048576K
Event: 2259.624 GC heap after
Heap after GC invocations=30 (full 4):
 PSYoungGen      total 528896K, used 61322K [0x00000000d5580000, 0x00000000fd280000, 0x0000000100000000)
  eden space 416768K, 0% used [0x00000000d5580000,0x00000000d5580000,0x00000000eec80000)
  from space 112128K, 54% used [0x00000000f5900000,0x00000000f94e2b78,0x00000000fc680000)
  to   space 111104K, 0% used [0x00000000eec80000,0x00000000eec80000,0x00000000f5900000)
 ParOldGen       total 348160K, used 230211K [0x0000000080000000, 0x0000000095400000, 0x00000000d5580000)
  object space 348160K, 66% used [0x0000000080000000,0x000000008e0d0c78,0x0000000095400000)
 Metaspace       used 124287K, capacity 133262K, committed 133528K, reserved 1165312K
  class space    used 16027K, capacity 17733K, committed 17840K, reserved 1048576K
}
Event: 2261.058 GC heap before
{Heap before GC invocations=31 (full 4):
 PSYoungGen      total 528896K, used 478090K [0x00000000d5580000, 0x00000000fd280000, 0x0000000100000000)
  eden space 416768K, 100% used [0x00000000d5580000,0x00000000eec80000,0x00000000eec80000)
  from space 112128K, 54% used [0x00000000f5900000,0x00000000f94e2b78,0x00000000fc680000)
  to   space 111104K, 0% used [0x00000000eec80000,0x00000000eec80000,0x00000000f5900000)
 ParOldGen       total 348160K, used 230211K [0x0000000080000000, 0x0000000095400000, 0x00000000d5580000)
  object space 348160K, 66% used [0x0000000080000000,0x000000008e0d0c78,0x0000000095400000)
 Metaspace       used 131303K, capacity 140214K, committed 140312K, reserved 1171456K
  class space    used 16753K, capacity 18441K, committed 18480K, reserved 1048576K
Event: 2261.115 GC heap after
Heap after GC invocations=31 (full 4):
 PSYoungGen      total 527872K, used 111082K [0x00000000d5580000, 0x0000000100000000, 0x0000000100000000)
  eden space 416768K, 0% used [0x00000000d5580000,0x00000000d5580000,0x00000000eec80000)
  from space 111104K, 99% used [0x00000000eec80000,0x00000000f58fa8d8,0x00000000f5900000)
  to   space 134656K, 0% used [0x00000000f7c80000,0x00000000f7c80000,0x0000000100000000)
 ParOldGen       total 348160K, used 247147K [0x0000000080000000, 0x0000000095400000, 0x00000000d5580000)
  object space 348160K, 70% used [0x0000000080000000,0x000000008f15ac00,0x0000000095400000)
 Metaspace       used 131303K, capacity 140214K, committed 140312K, reserved 1171456K
  class space    used 16753K, capacity 18441K, committed 18480K, reserved 1048576K
}
Event: 2544.980 GC heap before
{Heap before GC invocations=32 (full 4):
 PSYoungGen      total 527872K, used 527850K [0x00000000d5580000, 0x0000000100000000, 0x0000000100000000)
  eden space 416768K, 100% used [0x00000000d5580000,0x00000000eec80000,0x00000000eec80000)
  from space 111104K, 99% used [0x00000000eec80000,0x00000000f58fa8d8,0x00000000f5900000)
  to   space 134656K, 0% used [0x00000000f7c80000,0x00000000f7c80000,0x0000000100000000)
 ParOldGen       total 348160K, used 247147K [0x0000000080000000, 0x0000000095400000, 0x00000000d5580000)
  object space 348160K, 70% used [0x0000000080000000,0x000000008f15ac00,0x0000000095400000)
 Metaspace       used 131435K, capacity 140348K, committed 140568K, reserved 1171456K
  class space    used 16754K, capacity 18442K, committed 18480K, reserved 1048576K
Event: 2545.018 GC heap after
Heap after GC invocations=32 (full 4):
 PSYoungGen      total 571392K, used 51827K [0x00000000d5580000, 0x0000000100000000, 0x0000000100000000)
  eden space 436736K, 0% used [0x00000000d5580000,0x00000000d5580000,0x00000000f0000000)
  from space 134656K, 38% used [0x00000000f7c80000,0x00000000faf1cf30,0x0000000100000000)
  to   space 127488K, 0% used [0x00000000f0000000,0x00000000f0000000,0x00000000f7c80000)
 ParOldGen       total 348160K, used 247610K [0x0000000080000000, 0x0000000095400000, 0x00000000d5580000)
  object space 348160K, 71% used [0x0000000080000000,0x000000008f1cea50,0x0000000095400000)
 Metaspace       used 131435K, capacity 140348K, committed 140568K, reserved 1171456K
  class space    used 16754K, capacity 18442K, committed 18480K, reserved 1048576K
}
Event: 2547.581 GC heap before
{Heap before GC invocations=33 (full 4):
 PSYoungGen      total 571392K, used 488563K [0x00000000d5580000, 0x0000000100000000, 0x0000000100000000)
  eden space 436736K, 100% used [0x00000000d5580000,0x00000000f0000000,0x00000000f0000000)
  from space 134656K, 38% used [0x00000000f7c80000,0x00000000faf1cf30,0x0000000100000000)
  to   space 127488K, 0% used [0x00000000f0000000,0x00000000f0000000,0x00000000f7c80000)
 ParOldGen       total 348160K, used 247610K [0x0000000080000000, 0x0000000095400000, 0x00000000d5580000)
  object space 348160K, 71% used [0x0000000080000000,0x000000008f1cea50,0x0000000095400000)
 Metaspace       used 138589K, capacity 147598K, committed 147736K, reserved 1177600K
  class space    used 17494K, capacity 19191K, committed 19248K, reserved 1048576K
Event: 2547.615 GC heap after
Heap after GC invocations=33 (full 4):
 PSYoungGen      total 499200K, used 62096K [0x00000000d5580000, 0x00000000ff000000, 0x0000000100000000)
  eden space 436736K, 0% used [0x00000000d5580000,0x00000000d5580000,0x00000000f0000000)
  from space 62464K, 99% used [0x00000000f0000000,0x00000000f3ca41c0,0x00000000f3d00000)
  to   space 122880K, 0% used [0x00000000f7800000,0x00000000f7800000,0x00000000ff000000)
 ParOldGen       total 348160K, used 249208K [0x0000000080000000, 0x0000000095400000, 0x00000000d5580000)
  object space 348160K, 71% used [0x0000000080000000,0x000000008f35e148,0x0000000095400000)
 Metaspace       used 138589K, capacity 147598K, committed 147736K, reserved 1177600K
  class space    used 17494K, capacity 19191K, committed 19248K, reserved 1048576K
}
Event: 2548.584 GC heap before
{Heap before GC invocations=34 (full 4):
 PSYoungGen      total 499200K, used 498832K [0x00000000d5580000, 0x00000000ff000000, 0x0000000100000000)
  eden space 436736K, 100% used [0x00000000d5580000,0x00000000f0000000,0x00000000f0000000)
  from space 62464K, 99% used [0x00000000f0000000,0x00000000f3ca41c0,0x00000000f3d00000)
  to   space 122880K, 0% used [0x00000000f7800000,0x00000000f7800000,0x00000000ff000000)
 ParOldGen       total 348160K, used 249208K [0x0000000080000000, 0x0000000095400000, 0x00000000d5580000)
  object space 348160K, 71% used [0x0000000080000000,0x000000008f35e148,0x0000000095400000)
 Metaspace       used 138750K, capacity 147818K, committed 147992K, reserved 1177600K
  class space    used 17494K, capacity 19191K, committed 19248K, reserved 1048576K

