# JRE version: OpenJDK Runtime Environment (8.0_242-b01) (build 1.8.0_242-release-1644-b01)
# Java VM: OpenJDK 64-Bit Server VM (25.242-b01 mixed mode windows-amd64 compressed oops)
Heap:
 PSYoungGen      total 458752K, used 167848K [0x00000000d5580000, 0x00000000fd980000, 0x0000000100000000)
  eden space 424960K, 31% used [0x00000000d5580000,0x00000000dd86b840,0x00000000ef480000)
  from space 33792K, 99% used [0x00000000ef480000,0x00000000f157e8f8,0x00000000f1580000)
  to   space 67584K, 0% used [0x00000000f9780000,0x00000000f9780000,0x00000000fd980000)
 ParOldGen       total 240128K, used 113496K [0x0000000080000000, 0x000000008ea80000, 0x00000000d5580000)
  object space 240128K, 47% used [0x0000000080000000,0x0000000086ed6240,0x000000008ea80000)
 Metaspace       used 85718K, capacity 90262K, committed 90520K, reserved 1128448K
  class space    used 11583K, capacity 12447K, committed 12464K, reserved 1048576K
GC Heap History (10 events):
Event: 9.927 GC heap before
{Heap before GC invocations=8 (full 2):
 PSYoungGen      total 270848K, used 260096K [0x00000000d5580000, 0x00000000eac00000, 0x0000000100000000)
  eden space 260096K, 100% used [0x00000000d5580000,0x00000000e5380000,0x00000000e5380000)
  from space 10752K, 0% used [0x00000000e5380000,0x00000000e5380000,0x00000000e5e00000)
  to   space 16384K, 0% used [0x00000000e9c00000,0x00000000e9c00000,0x00000000eac00000)
 ParOldGen       total 167936K, used 16308K [0x0000000080000000, 0x000000008a400000, 0x00000000d5580000)
  object space 167936K, 9% used [0x0000000080000000,0x0000000080fed010,0x000000008a400000)
 Metaspace       used 50732K, capacity 52712K, committed 53032K, reserved 1095680K
  class space    used 6789K, capacity 7188K, committed 7216K, reserved 1048576K
Event: 9.946 GC heap after
Heap after GC invocations=8 (full 2):
 PSYoungGen      total 328192K, used 16365K [0x00000000d5580000, 0x00000000ee600000, 0x0000000100000000)
  eden space 311808K, 0% used [0x00000000d5580000,0x00000000d5580000,0x00000000e8600000)
  from space 16384K, 99% used [0x00000000e9c00000,0x00000000eabfb578,0x00000000eac00000)
  to   space 22528K, 0% used [0x00000000e8600000,0x00000000e8600000,0x00000000e9c00000)
 ParOldGen       total 167936K, used 22505K [0x0000000080000000, 0x000000008a400000, 0x00000000d5580000)
  object space 167936K, 13% used [0x0000000080000000,0x00000000815fa460,0x000000008a400000)
 Metaspace       used 50732K, capacity 52712K, committed 53032K, reserved 1095680K
  class space    used 6789K, capacity 7188K, committed 7216K, reserved 1048576K
}
Event: 11.087 GC heap before
{Heap before GC invocations=9 (full 2):
 PSYoungGen      total 328192K, used 109428K [0x00000000d5580000, 0x00000000ee600000, 0x0000000100000000)
  eden space 311808K, 29% used [0x00000000d5580000,0x00000000db061df0,0x00000000e8600000)
  from space 16384K, 99% used [0x00000000e9c00000,0x00000000eabfb578,0x00000000eac00000)
  to   space 22528K, 0% used [0x00000000e8600000,0x00000000e8600000,0x00000000e9c00000)
 ParOldGen       total 167936K, used 22505K [0x0000000080000000, 0x000000008a400000, 0x00000000d5580000)
  object space 167936K, 13% used [0x0000000080000000,0x00000000815fa460,0x000000008a400000)
 Metaspace       used 56587K, capacity 59002K, committed 59160K, reserved 1099776K
  class space    used 7749K, capacity 8220K, committed 8240K, reserved 1048576K
Event: 11.103 GC heap after
Heap after GC invocations=9 (full 2):
 PSYoungGen      total 334336K, used 21085K [0x00000000d5580000, 0x00000000f3680000, 0x0000000100000000)
  eden space 311808K, 0% used [0x00000000d5580000,0x00000000d5580000,0x00000000e8600000)
  from space 22528K, 93% used [0x00000000e8600000,0x00000000e9a975d0,0x00000000e9c00000)
  to   space 25600K, 0% used [0x00000000f1d80000,0x00000000f1d80000,0x00000000f3680000)
 ParOldGen       total 167936K, used 22513K [0x0000000080000000, 0x000000008a400000, 0x00000000d5580000)
  object space 167936K, 13% used [0x0000000080000000,0x00000000815fc460,0x000000008a400000)
 Metaspace       used 56587K, capacity 59002K, committed 59160K, reserved 1099776K
  class space    used 7749K, capacity 8220K, committed 8240K, reserved 1048576K
}
Event: 11.103 GC heap before
{Heap before GC invocations=10 (full 3):
 PSYoungGen      total 334336K, used 21085K [0x00000000d5580000, 0x00000000f3680000, 0x0000000100000000)
  eden space 311808K, 0% used [0x00000000d5580000,0x00000000d5580000,0x00000000e8600000)
  from space 22528K, 93% used [0x00000000e8600000,0x00000000e9a975d0,0x00000000e9c00000)
  to   space 25600K, 0% used [0x00000000f1d80000,0x00000000f1d80000,0x00000000f3680000)
 ParOldGen       total 167936K, used 22513K [0x0000000080000000, 0x000000008a400000, 0x00000000d5580000)
  object space 167936K, 13% used [0x0000000080000000,0x00000000815fc460,0x000000008a400000)
 Metaspace       used 56587K, capacity 59002K, committed 59160K, reserved 1099776K
  class space    used 7749K, capacity 8220K, committed 8240K, reserved 1048576K
Event: 11.241 GC heap after
Heap after GC invocations=10 (full 3):
 PSYoungGen      total 334336K, used 0K [0x00000000d5580000, 0x00000000f3680000, 0x0000000100000000)
  eden space 311808K, 0% used [0x00000000d5580000,0x00000000d5580000,0x00000000e8600000)
  from space 22528K, 0% used [0x00000000e8600000,0x00000000e8600000,0x00000000e9c00000)
  to   space 25600K, 0% used [0x00000000f1d80000,0x00000000f1d80000,0x00000000f3680000)
 ParOldGen       total 240128K, used 33099K [0x0000000080000000, 0x000000008ea80000, 0x00000000d5580000)
  object space 240128K, 13% used [0x0000000080000000,0x0000000082052c18,0x000000008ea80000)
 Metaspace       used 56542K, capacity 58852K, committed 59160K, reserved 1099776K
  class space    used 7735K, capacity 8195K, committed 8240K, reserved 1048576K
}
Event: 19.333 GC heap before
{Heap before GC invocations=11 (full 3):
 PSYoungGen      total 334336K, used 311808K [0x00000000d5580000, 0x00000000f3680000, 0x0000000100000000)
  eden space 311808K, 100% used [0x00000000d5580000,0x00000000e8600000,0x00000000e8600000)
  from space 22528K, 0% used [0x00000000e8600000,0x00000000e8600000,0x00000000e9c00000)
  to   space 25600K, 0% used [0x00000000f1d80000,0x00000000f1d80000,0x00000000f3680000)
 ParOldGen       total 240128K, used 33099K [0x0000000080000000, 0x000000008ea80000, 0x00000000d5580000)
  object space 240128K, 13% used [0x0000000080000000,0x0000000082052c18,0x000000008ea80000)
 Metaspace       used 75393K, capacity 78706K, committed 78872K, reserved 1118208K
  class space    used 10136K, capacity 10775K, committed 10800K, reserved 1048576K
Event: 19.360 GC heap after
Heap after GC invocations=11 (full 3):
 PSYoungGen      total 450560K, used 25572K [0x00000000d5580000, 0x00000000f3680000, 0x0000000100000000)
  eden space 424960K, 0% used [0x00000000d5580000,0x00000000d5580000,0x00000000ef480000)
  from space 25600K, 99% used [0x00000000f1d80000,0x00000000f3679018,0x00000000f3680000)
  to   space 33792K, 0% used [0x00000000ef480000,0x00000000ef480000,0x00000000f1580000)
 ParOldGen       total 240128K, used 42891K [0x0000000080000000, 0x000000008ea80000, 0x00000000d5580000)
  object space 240128K, 17% used [0x0000000080000000,0x00000000829e2f30,0x000000008ea80000)
 Metaspace       used 75393K, capacity 78706K, committed 78872K, reserved 1118208K
  class space    used 10136K, capacity 10775K, committed 10800K, reserved 1048576K
}
Event: 24.146 GC heap before
{Heap before GC invocations=12 (full 3):
 PSYoungGen      total 450560K, used 450134K [0x00000000d5580000, 0x00000000f3680000, 0x0000000100000000)
  eden space 424960K, 99% used [0x00000000d5580000,0x00000000ef41caa0,0x00000000ef480000)
  from space 25600K, 99% used [0x00000000f1d80000,0x00000000f3679018,0x00000000f3680000)
  to   space 33792K, 0% used [0x00000000ef480000,0x00000000ef480000,0x00000000f1580000)
 ParOldGen       total 240128K, used 42891K [0x0000000080000000, 0x000000008ea80000, 0x00000000d5580000)
  object space 240128K, 17% used [0x0000000080000000,0x00000000829e2f30,0x000000008ea80000)
 Metaspace       used 85119K, capacity 89470K, committed 89752K, reserved 1126400K
  class space    used 11523K, capacity 12361K, committed 12464K, reserved 1048576K
Event: 24.218 GC heap after
Heap after GC invocations=12 (full 3):
 PSYoungGen      total 458752K, used 33786K [0x00000000d5580000, 0x00000000fd980000, 0x0000000100000000)
  eden space 424960K, 0% used [0x00000000d5580000,0x00000000d5580000,0x00000000ef480000)
  from space 33792K, 99% used [0x00000000ef480000,0x00000000f157e8f8,0x00000000f1580000)
  to   space 67584K, 0% used [0x00000000f9780000,0x00000000f9780000,0x00000000fd980000)
 ParOldGen       total 240128K, used 113496K [0x0000000080000000, 0x000000008ea80000, 0x00000000d5580000)
  object space 240128K, 47% used [0x0000000080000000,0x0000000086ed6240,0x000000008ea80000)
 Metaspace       used 85119K, capacity 89470K, committed 89752K, reserved 1126400K
  class space    used 11523K, capacity 12361K, committed 12464K, reserved 1048576K
}

