# JRE version: OpenJDK Runtime Environment (8.0_242-b01) (build 1.8.0_242-release-1644-b01)
# Java VM: OpenJDK 64-Bit Server VM (25.242-b01 mixed mode windows-amd64 compressed oops)
Heap:
 PSYoungGen      total 236032K, used 25581K [0x00000000d5580000, 0x00000000e7380000, 0x0000000100000000)
  eden space 215040K, 2% used [0x00000000d5580000,0x00000000d59fef70,0x00000000e2780000)
  from space 20992K, 99% used [0x00000000e4780000,0x00000000e5bfc528,0x00000000e5c00000)
  to   space 32768K, 0% used [0x00000000e2780000,0x00000000e2780000,0x00000000e4780000)
 ParOldGen       total 221696K, used 57880K [0x0000000080000000, 0x000000008d880000, 0x00000000d5580000)
  object space 221696K, 26% used [0x0000000080000000,0x00000000838862a0,0x000000008d880000)
 Metaspace       used 77528K, capacity 81410K, committed 81560K, reserved 1120256K
  class space    used 10434K, capacity 11181K, committed 11184K, reserved 1048576K
GC Heap History (10 events):
Event: 4.354 GC heap before
{Heap before GC invocations=11 (full 2):
 PSYoungGen      total 161280K, used 161124K [0x00000000d5580000, 0x00000000e1300000, 0x0000000100000000)
  eden space 154112K, 100% used [0x00000000d5580000,0x00000000dec00000,0x00000000dec00000)
  from space 7168K, 97% used [0x00000000e0c00000,0x00000000e12d9378,0x00000000e1300000)
  to   space 11776K, 0% used [0x00000000dfc00000,0x00000000dfc00000,0x00000000e0780000)
 ParOldGen       total 145920K, used 14506K [0x0000000080000000, 0x0000000088e80000, 0x00000000d5580000)
  object space 145920K, 9% used [0x0000000080000000,0x0000000080e2a880,0x0000000088e80000)
 Metaspace       used 51658K, capacity 53808K, committed 53928K, reserved 1095680K
  class space    used 6921K, capacity 7342K, committed 7344K, reserved 1048576K
Event: 4.366 GC heap after
Heap after GC invocations=11 (full 2):
 PSYoungGen      total 182272K, used 11748K [0x00000000d5580000, 0x00000000e3680000, 0x0000000100000000)
  eden space 170496K, 0% used [0x00000000d5580000,0x00000000d5580000,0x00000000dfc00000)
  from space 11776K, 99% used [0x00000000dfc00000,0x00000000e0779310,0x00000000e0780000)
  to   space 17408K, 0% used [0x00000000e2580000,0x00000000e2580000,0x00000000e3680000)
 ParOldGen       total 145920K, used 26202K [0x0000000080000000, 0x0000000088e80000, 0x00000000d5580000)
  object space 145920K, 17% used [0x0000000080000000,0x0000000081996a30,0x0000000088e80000)
 Metaspace       used 51658K, capacity 53808K, committed 53928K, reserved 1095680K
  class space    used 6921K, capacity 7342K, committed 7344K, reserved 1048576K
}
Event: 4.794 GC heap before
{Heap before GC invocations=12 (full 2):
 PSYoungGen      total 182272K, used 68913K [0x00000000d5580000, 0x00000000e3680000, 0x0000000100000000)
  eden space 170496K, 33% used [0x00000000d5580000,0x00000000d8d53478,0x00000000dfc00000)
  from space 11776K, 99% used [0x00000000dfc00000,0x00000000e0779310,0x00000000e0780000)
  to   space 17408K, 0% used [0x00000000e2580000,0x00000000e2580000,0x00000000e3680000)
 ParOldGen       total 145920K, used 26202K [0x0000000080000000, 0x0000000088e80000, 0x00000000d5580000)
  object space 145920K, 17% used [0x0000000080000000,0x0000000081996a30,0x0000000088e80000)
 Metaspace       used 56772K, capacity 59144K, committed 59160K, reserved 1099776K
  class space    used 7772K, capacity 8233K, committed 8240K, reserved 1048576K
Event: 4.804 GC heap after
Heap after GC invocations=12 (full 2):
 PSYoungGen      total 210432K, used 17399K [0x00000000d5580000, 0x00000000e5180000, 0x0000000100000000)
  eden space 193024K, 0% used [0x00000000d5580000,0x00000000d5580000,0x00000000e1200000)
  from space 17408K, 99% used [0x00000000e2580000,0x00000000e367dfd8,0x00000000e3680000)
  to   space 19968K, 0% used [0x00000000e1200000,0x00000000e1200000,0x00000000e2580000)
 ParOldGen       total 145920K, used 27150K [0x0000000080000000, 0x0000000088e80000, 0x00000000d5580000)
  object space 145920K, 18% used [0x0000000080000000,0x0000000081a838d8,0x0000000088e80000)
 Metaspace       used 56772K, capacity 59144K, committed 59160K, reserved 1099776K
  class space    used 7772K, capacity 8233K, committed 8240K, reserved 1048576K
}
Event: 4.804 GC heap before
{Heap before GC invocations=13 (full 3):
 PSYoungGen      total 210432K, used 17399K [0x00000000d5580000, 0x00000000e5180000, 0x0000000100000000)
  eden space 193024K, 0% used [0x00000000d5580000,0x00000000d5580000,0x00000000e1200000)
  from space 17408K, 99% used [0x00000000e2580000,0x00000000e367dfd8,0x00000000e3680000)
  to   space 19968K, 0% used [0x00000000e1200000,0x00000000e1200000,0x00000000e2580000)
 ParOldGen       total 145920K, used 27150K [0x0000000080000000, 0x0000000088e80000, 0x00000000d5580000)
  object space 145920K, 18% used [0x0000000080000000,0x0000000081a838d8,0x0000000088e80000)
 Metaspace       used 56772K, capacity 59144K, committed 59160K, reserved 1099776K
  class space    used 7772K, capacity 8233K, committed 8240K, reserved 1048576K
Event: 4.958 GC heap after
Heap after GC invocations=13 (full 3):
 PSYoungGen      total 210432K, used 0K [0x00000000d5580000, 0x00000000e5180000, 0x0000000100000000)
  eden space 193024K, 0% used [0x00000000d5580000,0x00000000d5580000,0x00000000e1200000)
  from space 17408K, 0% used [0x00000000e2580000,0x00000000e2580000,0x00000000e3680000)
  to   space 19968K, 0% used [0x00000000e1200000,0x00000000e1200000,0x00000000e2580000)
 ParOldGen       total 221696K, used 32421K [0x0000000080000000, 0x000000008d880000, 0x00000000d5580000)
  object space 221696K, 14% used [0x0000000080000000,0x0000000081fa9450,0x000000008d880000)
 Metaspace       used 56710K, capacity 58934K, committed 59160K, reserved 1099776K
  class space    used 7753K, capacity 8198K, committed 8240K, reserved 1048576K
}
Event: 6.227 GC heap before
{Heap before GC invocations=14 (full 3):
 PSYoungGen      total 210432K, used 193024K [0x00000000d5580000, 0x00000000e5180000, 0x0000000100000000)
  eden space 193024K, 100% used [0x00000000d5580000,0x00000000e1200000,0x00000000e1200000)
  from space 17408K, 0% used [0x00000000e2580000,0x00000000e2580000,0x00000000e3680000)
  to   space 19968K, 0% used [0x00000000e1200000,0x00000000e1200000,0x00000000e2580000)
 ParOldGen       total 221696K, used 32421K [0x0000000080000000, 0x000000008d880000, 0x00000000d5580000)
  object space 221696K, 14% used [0x0000000080000000,0x0000000081fa9450,0x000000008d880000)
 Metaspace       used 63602K, capacity 67020K, committed 67352K, reserved 1107968K
  class space    used 8808K, capacity 9439K, committed 9520K, reserved 1048576K
Event: 6.240 GC heap after
Heap after GC invocations=14 (full 3):
 PSYoungGen      total 212992K, used 16355K [0x00000000d5580000, 0x00000000e5c00000, 0x0000000100000000)
  eden space 193024K, 0% used [0x00000000d5580000,0x00000000d5580000,0x00000000e1200000)
  from space 19968K, 81% used [0x00000000e1200000,0x00000000e21f8e88,0x00000000e2580000)
  to   space 20992K, 0% used [0x00000000e4780000,0x00000000e4780000,0x00000000e5c00000)
 ParOldGen       total 221696K, used 32429K [0x0000000080000000, 0x000000008d880000, 0x00000000d5580000)
  object space 221696K, 14% used [0x0000000080000000,0x0000000081fab450,0x000000008d880000)
 Metaspace       used 63602K, capacity 67020K, committed 67352K, reserved 1107968K
  class space    used 8808K, capacity 9439K, committed 9520K, reserved 1048576K
}
Event: 7.637 GC heap before
{Heap before GC invocations=15 (full 3):
 PSYoungGen      total 212992K, used 209379K [0x00000000d5580000, 0x00000000e5c00000, 0x0000000100000000)
  eden space 193024K, 100% used [0x00000000d5580000,0x00000000e1200000,0x00000000e1200000)
  from space 19968K, 81% used [0x00000000e1200000,0x00000000e21f8e88,0x00000000e2580000)
  to   space 20992K, 0% used [0x00000000e4780000,0x00000000e4780000,0x00000000e5c00000)
 ParOldGen       total 221696K, used 32429K [0x0000000080000000, 0x000000008d880000, 0x00000000d5580000)
  object space 221696K, 14% used [0x0000000080000000,0x0000000081fab450,0x000000008d880000)
 Metaspace       used 76993K, capacity 80812K, committed 80920K, reserved 1120256K
  class space    used 10352K, capacity 11048K, committed 11056K, reserved 1048576K
Event: 7.661 GC heap after
Heap after GC invocations=15 (full 3):
 PSYoungGen      total 236032K, used 20977K [0x00000000d5580000, 0x00000000e7380000, 0x0000000100000000)
  eden space 215040K, 0% used [0x00000000d5580000,0x00000000d5580000,0x00000000e2780000)
  from space 20992K, 99% used [0x00000000e4780000,0x00000000e5bfc528,0x00000000e5c00000)
  to   space 32768K, 0% used [0x00000000e2780000,0x00000000e2780000,0x00000000e4780000)
 ParOldGen       total 221696K, used 57880K [0x0000000080000000, 0x000000008d880000, 0x00000000d5580000)
  object space 221696K, 26% used [0x0000000080000000,0x00000000838862a0,0x000000008d880000)
 Metaspace       used 76993K, capacity 80812K, committed 80920K, reserved 1120256K
  class space    used 10352K, capacity 11048K, committed 11056K, reserved 1048576K
}

