# JRE version: OpenJDK Runtime Environment (8.0_242-b01) (build 1.8.0_242-release-1644-b01)
# Java VM: OpenJDK 64-Bit Server VM (25.242-b01 mixed mode windows-amd64 compressed oops)
Heap:
 PSYoungGen      total 603136K, used 303004K [0x00000000d5580000, 0x0000000100000000, 0x0000000100000000)
  eden space 553984K, 45% used [0x00000000d5580000,0x00000000e4d68bb8,0x00000000f7280000)
  from space 49152K, 99% used [0x00000000fb880000,0x00000000fe87e4f8,0x00000000fe880000)
  to   space 71680K, 0% used [0x00000000f7280000,0x00000000f7280000,0x00000000fb880000)
 ParOldGen       total 288768K, used 126743K [0x0000000080000000, 0x0000000091a00000, 0x00000000d5580000)
  object space 288768K, 43% used [0x0000000080000000,0x0000000087bc5f70,0x0000000091a00000)
 Metaspace       used 122253K, capacity 128540K, committed 128600K, reserved 1161216K
  class space    used 15754K, capacity 16980K, committed 17024K, reserved 1048576K
GC Heap History (10 events):
Event: 293.784 GC heap before
{Heap before GC invocations=16 (full 3):
 PSYoungGen      total 538112K, used 313902K [0x00000000d5580000, 0x00000000f9380000, 0x0000000100000000)
  eden space 504832K, 55% used [0x00000000d5580000,0x00000000e67a2df0,0x00000000f4280000)
  from space 33280K, 99% used [0x00000000f7300000,0x00000000f9368c88,0x00000000f9380000)
  to   space 38400K, 0% used [0x00000000f4880000,0x00000000f4880000,0x00000000f6e00000)
 ParOldGen       total 188416K, used 70165K [0x0000000080000000, 0x000000008b800000, 0x00000000d5580000)
  object space 188416K, 37% used [0x0000000080000000,0x00000000844854c8,0x000000008b800000)
 Metaspace       used 92460K, capacity 98278K, committed 98380K, reserved 1134592K
  class space    used 12406K, capacity 13526K, committed 13568K, reserved 1048576K
Event: 293.800 GC heap after
Heap after GC invocations=16 (full 3):
 PSYoungGen      total 510976K, used 25563K [0x00000000d5580000, 0x00000000f7c80000, 0x0000000100000000)
  eden space 485376K, 0% used [0x00000000d5580000,0x00000000d5580000,0x00000000f2f80000)
  from space 25600K, 99% used [0x00000000f4880000,0x00000000f6176e08,0x00000000f6180000)
  to   space 27648K, 0% used [0x00000000f6180000,0x00000000f6180000,0x00000000f7c80000)
 ParOldGen       total 188416K, used 70173K [0x0000000080000000, 0x000000008b800000, 0x00000000d5580000)
  object space 188416K, 37% used [0x0000000080000000,0x00000000844874c8,0x000000008b800000)
 Metaspace       used 92460K, capacity 98278K, committed 98380K, reserved 1134592K
  class space    used 12406K, capacity 13526K, committed 13568K, reserved 1048576K
}
Event: 293.800 GC heap before
{Heap before GC invocations=17 (full 4):
 PSYoungGen      total 510976K, used 25563K [0x00000000d5580000, 0x00000000f7c80000, 0x0000000100000000)
  eden space 485376K, 0% used [0x00000000d5580000,0x00000000d5580000,0x00000000f2f80000)
  from space 25600K, 99% used [0x00000000f4880000,0x00000000f6176e08,0x00000000f6180000)
  to   space 27648K, 0% used [0x00000000f6180000,0x00000000f6180000,0x00000000f7c80000)
 ParOldGen       total 188416K, used 70173K [0x0000000080000000, 0x000000008b800000, 0x00000000d5580000)
  object space 188416K, 37% used [0x0000000080000000,0x00000000844874c8,0x000000008b800000)
 Metaspace       used 92460K, capacity 98278K, committed 98380K, reserved 1134592K
  class space    used 12406K, capacity 13526K, committed 13568K, reserved 1048576K
Event: 293.910 GC heap after
Heap after GC invocations=17 (full 4):
 PSYoungGen      total 510976K, used 0K [0x00000000d5580000, 0x00000000f7c80000, 0x0000000100000000)
  eden space 485376K, 0% used [0x00000000d5580000,0x00000000d5580000,0x00000000f2f80000)
  from space 25600K, 0% used [0x00000000f4880000,0x00000000f4880000,0x00000000f6180000)
  to   space 27648K, 0% used [0x00000000f6180000,0x00000000f6180000,0x00000000f7c80000)
 ParOldGen       total 288768K, used 68754K [0x0000000080000000, 0x0000000091a00000, 0x00000000d5580000)
  object space 288768K, 23% used [0x0000000080000000,0x0000000084324a08,0x0000000091a00000)
 Metaspace       used 91747K, capacity 96194K, committed 98380K, reserved 1134592K
  class space    used 12171K, capacity 13110K, committed 13568K, reserved 1048576K
}
Event: 411.878 GC heap before
{Heap before GC invocations=18 (full 4):
 PSYoungGen      total 510976K, used 485376K [0x00000000d5580000, 0x00000000f7c80000, 0x0000000100000000)
  eden space 485376K, 100% used [0x00000000d5580000,0x00000000f2f80000,0x00000000f2f80000)
  from space 25600K, 0% used [0x00000000f4880000,0x00000000f4880000,0x00000000f6180000)
  to   space 27648K, 0% used [0x00000000f6180000,0x00000000f6180000,0x00000000f7c80000)
 ParOldGen       total 288768K, used 68754K [0x0000000080000000, 0x0000000091a00000, 0x00000000d5580000)
  object space 288768K, 23% used [0x0000000080000000,0x0000000084324a08,0x0000000091a00000)
 Metaspace       used 106123K, capacity 111018K, committed 112600K, reserved 1146880K
  class space    used 13785K, capacity 14765K, committed 15104K, reserved 1048576K
Event: 411.906 GC heap after
Heap after GC invocations=18 (full 4):
 PSYoungGen      total 517632K, used 27647K [0x00000000d5580000, 0x00000000fd780000, 0x0000000100000000)
  eden space 489984K, 0% used [0x00000000d5580000,0x00000000d5580000,0x00000000f3400000)
  from space 27648K, 99% used [0x00000000f6180000,0x00000000f7c7fd90,0x00000000f7c80000)
  to   space 46592K, 0% used [0x00000000f3400000,0x00000000f3400000,0x00000000f6180000)
 ParOldGen       total 288768K, used 84967K [0x0000000080000000, 0x0000000091a00000, 0x00000000d5580000)
  object space 288768K, 29% used [0x0000000080000000,0x00000000852f9ec8,0x0000000091a00000)
 Metaspace       used 106123K, capacity 111018K, committed 112600K, reserved 1146880K
  class space    used 13785K, capacity 14765K, committed 15104K, reserved 1048576K
}
Event: 414.533 GC heap before
{Heap before GC invocations=19 (full 4):
 PSYoungGen      total 517632K, used 511955K [0x00000000d5580000, 0x00000000fd780000, 0x0000000100000000)
  eden space 489984K, 98% used [0x00000000d5580000,0x00000000f2e75018,0x00000000f3400000)
  from space 27648K, 99% used [0x00000000f6180000,0x00000000f7c7fd90,0x00000000f7c80000)
  to   space 46592K, 0% used [0x00000000f3400000,0x00000000f3400000,0x00000000f6180000)
 ParOldGen       total 288768K, used 84967K [0x0000000080000000, 0x0000000091a00000, 0x00000000d5580000)
  object space 288768K, 29% used [0x0000000080000000,0x00000000852f9ec8,0x0000000091a00000)
 Metaspace       used 114277K, capacity 120278K, committed 120536K, reserved 1153024K
  class space    used 14972K, capacity 16115K, committed 16128K, reserved 1048576K
Event: 414.556 GC heap after
Heap after GC invocations=19 (full 4):
 PSYoungGen      total 536576K, used 34211K [0x00000000d5580000, 0x00000000fe880000, 0x0000000100000000)
  eden space 489984K, 0% used [0x00000000d5580000,0x00000000d5580000,0x00000000f3400000)
  from space 46592K, 73% used [0x00000000f3400000,0x00000000f5568f08,0x00000000f6180000)
  to   space 49152K, 0% used [0x00000000fb880000,0x00000000fb880000,0x00000000fe880000)
 ParOldGen       total 288768K, used 84975K [0x0000000080000000, 0x0000000091a00000, 0x00000000d5580000)
  object space 288768K, 29% used [0x0000000080000000,0x00000000852fbec8,0x0000000091a00000)
 Metaspace       used 114277K, capacity 120278K, committed 120536K, reserved 1153024K
  class space    used 14972K, capacity 16115K, committed 16128K, reserved 1048576K
}
Event: 1367.265 GC heap before
{Heap before GC invocations=20 (full 4):
 PSYoungGen      total 536576K, used 524028K [0x00000000d5580000, 0x00000000fe880000, 0x0000000100000000)
  eden space 489984K, 99% used [0x00000000d5580000,0x00000000f33d61a0,0x00000000f3400000)
  from space 46592K, 73% used [0x00000000f3400000,0x00000000f5568f08,0x00000000f6180000)
  to   space 49152K, 0% used [0x00000000fb880000,0x00000000fb880000,0x00000000fe880000)
 ParOldGen       total 288768K, used 84975K [0x0000000080000000, 0x0000000091a00000, 0x00000000d5580000)
  object space 288768K, 29% used [0x0000000080000000,0x00000000852fbec8,0x0000000091a00000)
 Metaspace       used 122194K, capacity 128442K, committed 128600K, reserved 1161216K
  class space    used 15751K, capacity 16975K, committed 17024K, reserved 1048576K
Event: 1367.325 GC heap after
Heap after GC invocations=20 (full 4):
 PSYoungGen      total 603136K, used 49145K [0x00000000d5580000, 0x0000000100000000, 0x0000000100000000)
  eden space 553984K, 0% used [0x00000000d5580000,0x00000000d5580000,0x00000000f7280000)
  from space 49152K, 99% used [0x00000000fb880000,0x00000000fe87e4f8,0x00000000fe880000)
  to   space 71680K, 0% used [0x00000000f7280000,0x00000000f7280000,0x00000000fb880000)
 ParOldGen       total 288768K, used 126743K [0x0000000080000000, 0x0000000091a00000, 0x00000000d5580000)
  object space 288768K, 43% used [0x0000000080000000,0x0000000087bc5f70,0x0000000091a00000)
 Metaspace       used 122194K, capacity 128442K, committed 128600K, reserved 1161216K
  class space    used 15751K, capacity 16975K, committed 17024K, reserved 1048576K
}

