# JRE version: OpenJDK Runtime Environment (8.0_242-b01) (build 1.8.0_242-release-1644-b01)
# Java VM: OpenJDK 64-Bit Server VM (25.242-b01 mixed mode windows-amd64 compressed oops)
Heap:
 PSYoungGen      total 427008K, used 235235K [0x00000000d5580000, 0x00000000f5380000, 0x0000000100000000)
  eden space 385024K, 59% used [0x00000000d5580000,0x00000000e3507c30,0x00000000ecd80000)
  from space 41984K, 15% used [0x00000000ecd80000,0x00000000ed3b1308,0x00000000ef680000)
  to   space 41984K, 0% used [0x00000000f2a80000,0x00000000f2a80000,0x00000000f5380000)
 ParOldGen       total 209408K, used 93283K [0x0000000080000000, 0x000000008cc80000, 0x00000000d5580000)
  object space 209408K, 44% used [0x0000000080000000,0x0000000085b18ed8,0x000000008cc80000)
 Metaspace       used 78645K, capacity 82776K, committed 82968K, reserved 1122304K
  class space    used 10299K, capacity 11039K, committed 11056K, reserved 1048576K
GC Heap History (10 events):
Event: 4.996 GC heap before
{Heap before GC invocations=10 (full 2):
 PSYoungGen      total 234496K, used 146090K [0x00000000d5580000, 0x00000000ebf80000, 0x0000000100000000)
  eden space 219136K, 59% used [0x00000000d5580000,0x00000000dd52f2d0,0x00000000e2b80000)
  from space 15360K, 99% used [0x00000000e2b80000,0x00000000e3a7b898,0x00000000e3a80000)
  to   space 18432K, 0% used [0x00000000ead80000,0x00000000ead80000,0x00000000ebf80000)
 ParOldGen       total 139776K, used 16619K [0x0000000080000000, 0x0000000088880000, 0x00000000d5580000)
  object space 139776K, 11% used [0x0000000080000000,0x000000008103ad08,0x0000000088880000)
 Metaspace       used 56783K, capacity 59132K, committed 59160K, reserved 1099776K
  class space    used 7779K, capacity 8233K, committed 8240K, reserved 1048576K
Event: 5.011 GC heap after
Heap after GC invocations=10 (full 2):
 PSYoungGen      total 347136K, used 18417K [0x00000000d5580000, 0x00000000ec500000, 0x0000000100000000)
  eden space 328704K, 0% used [0x00000000d5580000,0x00000000d5580000,0x00000000e9680000)
  from space 18432K, 99% used [0x00000000ead80000,0x00000000ebf7c720,0x00000000ebf80000)
  to   space 23552K, 0% used [0x00000000e9680000,0x00000000e9680000,0x00000000ead80000)
 ParOldGen       total 139776K, used 22772K [0x0000000080000000, 0x0000000088880000, 0x00000000d5580000)
  object space 139776K, 16% used [0x0000000080000000,0x000000008163d300,0x0000000088880000)
 Metaspace       used 56783K, capacity 59132K, committed 59160K, reserved 1099776K
  class space    used 7779K, capacity 8233K, committed 8240K, reserved 1048576K
}
Event: 5.011 GC heap before
{Heap before GC invocations=11 (full 3):
 PSYoungGen      total 347136K, used 18417K [0x00000000d5580000, 0x00000000ec500000, 0x0000000100000000)
  eden space 328704K, 0% used [0x00000000d5580000,0x00000000d5580000,0x00000000e9680000)
  from space 18432K, 99% used [0x00000000ead80000,0x00000000ebf7c720,0x00000000ebf80000)
  to   space 23552K, 0% used [0x00000000e9680000,0x00000000e9680000,0x00000000ead80000)
 ParOldGen       total 139776K, used 22772K [0x0000000080000000, 0x0000000088880000, 0x00000000d5580000)
  object space 139776K, 16% used [0x0000000080000000,0x000000008163d300,0x0000000088880000)
 Metaspace       used 56783K, capacity 59132K, committed 59160K, reserved 1099776K
  class space    used 7779K, capacity 8233K, committed 8240K, reserved 1048576K
Event: 5.159 GC heap after
Heap after GC invocations=11 (full 3):
 PSYoungGen      total 347136K, used 0K [0x00000000d5580000, 0x00000000ec500000, 0x0000000100000000)
  eden space 328704K, 0% used [0x00000000d5580000,0x00000000d5580000,0x00000000e9680000)
  from space 18432K, 0% used [0x00000000ead80000,0x00000000ead80000,0x00000000ebf80000)
  to   space 23552K, 0% used [0x00000000e9680000,0x00000000e9680000,0x00000000ead80000)
 ParOldGen       total 209408K, used 36169K [0x0000000080000000, 0x000000008cc80000, 0x00000000d5580000)
  object space 209408K, 17% used [0x0000000080000000,0x0000000082352730,0x000000008cc80000)
 Metaspace       used 56721K, capacity 58922K, committed 59160K, reserved 1099776K
  class space    used 7760K, capacity 8198K, committed 8240K, reserved 1048576K
}
Event: 8.720 GC heap before
{Heap before GC invocations=12 (full 3):
 PSYoungGen      total 347136K, used 328704K [0x00000000d5580000, 0x00000000ec500000, 0x0000000100000000)
  eden space 328704K, 100% used [0x00000000d5580000,0x00000000e9680000,0x00000000e9680000)
  from space 18432K, 0% used [0x00000000ead80000,0x00000000ead80000,0x00000000ebf80000)
  to   space 23552K, 0% used [0x00000000e9680000,0x00000000e9680000,0x00000000ead80000)
 ParOldGen       total 209408K, used 36169K [0x0000000080000000, 0x000000008cc80000, 0x00000000d5580000)
  object space 209408K, 17% used [0x0000000080000000,0x0000000082352730,0x000000008cc80000)
 Metaspace       used 68021K, capacity 71672K, committed 71960K, reserved 1112064K
  class space    used 9310K, capacity 9959K, committed 10032K, reserved 1048576K
Event: 8.740 GC heap after
Heap after GC invocations=12 (full 3):
 PSYoungGen      total 352256K, used 23551K [0x00000000d5580000, 0x00000000f1880000, 0x0000000100000000)
  eden space 328704K, 0% used [0x00000000d5580000,0x00000000d5580000,0x00000000e9680000)
  from space 23552K, 99% used [0x00000000e9680000,0x00000000ead7ff58,0x00000000ead80000)
  to   space 34304K, 0% used [0x00000000ef700000,0x00000000ef700000,0x00000000f1880000)
 ParOldGen       total 209408K, used 54827K [0x0000000080000000, 0x000000008cc80000, 0x00000000d5580000)
  object space 209408K, 26% used [0x0000000080000000,0x000000008358af98,0x000000008cc80000)
 Metaspace       used 68021K, capacity 71672K, committed 71960K, reserved 1112064K
  class space    used 9310K, capacity 9959K, committed 10032K, reserved 1048576K
}
Event: 12.495 GC heap before
{Heap before GC invocations=13 (full 3):
 PSYoungGen      total 352256K, used 352255K [0x00000000d5580000, 0x00000000f1880000, 0x0000000100000000)
  eden space 328704K, 100% used [0x00000000d5580000,0x00000000e9680000,0x00000000e9680000)
  from space 23552K, 99% used [0x00000000e9680000,0x00000000ead7ff58,0x00000000ead80000)
  to   space 34304K, 0% used [0x00000000ef700000,0x00000000ef700000,0x00000000f1880000)
 ParOldGen       total 209408K, used 54827K [0x0000000080000000, 0x000000008cc80000, 0x00000000d5580000)
  object space 209408K, 26% used [0x0000000080000000,0x000000008358af98,0x000000008cc80000)
 Metaspace       used 75376K, capacity 79358K, committed 79512K, reserved 1118208K
  class space    used 10129K, capacity 10854K, committed 10928K, reserved 1048576K
Event: 12.513 GC heap after
Heap after GC invocations=13 (full 3):
 PSYoungGen      total 419328K, used 34295K [0x00000000d5580000, 0x00000000f1f80000, 0x0000000100000000)
  eden space 385024K, 0% used [0x00000000d5580000,0x00000000d5580000,0x00000000ecd80000)
  from space 34304K, 99% used [0x00000000ef700000,0x00000000f187dff8,0x00000000f1880000)
  to   space 41984K, 0% used [0x00000000ecd80000,0x00000000ecd80000,0x00000000ef680000)
 ParOldGen       total 209408K, used 61644K [0x0000000080000000, 0x000000008cc80000, 0x00000000d5580000)
  object space 209408K, 29% used [0x0000000080000000,0x0000000083c33078,0x000000008cc80000)
 Metaspace       used 75376K, capacity 79358K, committed 79512K, reserved 1118208K
  class space    used 10129K, capacity 10854K, committed 10928K, reserved 1048576K
}
Event: 70.327 GC heap before
{Heap before GC invocations=14 (full 3):
 PSYoungGen      total 419328K, used 419319K [0x00000000d5580000, 0x00000000f1f80000, 0x0000000100000000)
  eden space 385024K, 100% used [0x00000000d5580000,0x00000000ecd80000,0x00000000ecd80000)
  from space 34304K, 99% used [0x00000000ef700000,0x00000000f187dff8,0x00000000f1880000)
  to   space 41984K, 0% used [0x00000000ecd80000,0x00000000ecd80000,0x00000000ef680000)
 ParOldGen       total 209408K, used 61644K [0x0000000080000000, 0x000000008cc80000, 0x00000000d5580000)
  object space 209408K, 29% used [0x0000000080000000,0x0000000083c33078,0x000000008cc80000)
 Metaspace       used 78430K, capacity 82580K, committed 82712K, reserved 1120256K
  class space    used 10288K, capacity 11021K, committed 11056K, reserved 1048576K
Event: 70.343 GC heap after
Heap after GC invocations=14 (full 3):
 PSYoungGen      total 427008K, used 6340K [0x00000000d5580000, 0x00000000f5380000, 0x0000000100000000)
  eden space 385024K, 0% used [0x00000000d5580000,0x00000000d5580000,0x00000000ecd80000)
  from space 41984K, 15% used [0x00000000ecd80000,0x00000000ed3b1308,0x00000000ef680000)
  to   space 41984K, 0% used [0x00000000f2a80000,0x00000000f2a80000,0x00000000f5380000)
 ParOldGen       total 209408K, used 93283K [0x0000000080000000, 0x000000008cc80000, 0x00000000d5580000)
  object space 209408K, 44% used [0x0000000080000000,0x0000000085b18ed8,0x000000008cc80000)
 Metaspace       used 78430K, capacity 82580K, committed 82712K, reserved 1120256K
  class space    used 10288K, capacity 11021K, committed 11056K, reserved 1048576K
}

