# JRE version: OpenJDK Runtime Environment (8.0_242-b01) (build 1.8.0_242-release-1644-b01)
# Java VM: OpenJDK 64-Bit Server VM (25.242-b01 mixed mode windows-amd64 compressed oops)
Heap:
 PSYoungGen      total 237568K, used 180321K [0x00000000d5580000, 0x00000000e4d80000, 0x0000000100000000)
  eden space 221696K, 81% used [0x00000000d5580000,0x00000000e05986d0,0x00000000e2e00000)
  from space 15872K, 0% used [0x00000000e3d00000,0x00000000e3d00000,0x00000000e4c80000)
  to   space 15360K, 0% used [0x00000000e2e00000,0x00000000e2e00000,0x00000000e3d00000)
 ParOldGen       total 135168K, used 14689K [0x0000000080000000, 0x0000000088400000, 0x00000000d5580000)
  object space 135168K, 10% used [0x0000000080000000,0x0000000080e587f8,0x0000000088400000)
 Metaspace       used 42527K, capacity 44446K, committed 44712K, reserved 1087488K
  class space    used 5824K, capacity 6207K, committed 6320K, reserved 1048576K
GC Heap History (10 events):
Event: 1.864 GC heap before
{Heap before GC invocations=4 (full 0):
 PSYoungGen      total 75776K, used 21872K [0x00000000d5580000, 0x00000000de980000, 0x0000000100000000)
  eden space 65024K, 17% used [0x00000000d5580000,0x00000000d6063628,0x00000000d9500000)
  from space 10752K, 99% used [0x00000000d9500000,0x00000000d9f78a30,0x00000000d9f80000)
  to   space 10752K, 0% used [0x00000000ddf00000,0x00000000ddf00000,0x00000000de980000)
 ParOldGen       total 173568K, used 921K [0x0000000080000000, 0x000000008a980000, 0x00000000d5580000)
  object space 173568K, 0% used [0x0000000080000000,0x00000000800e6700,0x000000008a980000)
 Metaspace       used 20590K, capacity 21236K, committed 21296K, reserved 1067008K
  class space    used 2878K, capacity 3080K, committed 3120K, reserved 1048576K
Event: 1.869 GC heap after
Heap after GC invocations=4 (full 0):
 PSYoungGen      total 140800K, used 7404K [0x00000000d5580000, 0x00000000de980000, 0x0000000100000000)
  eden space 130048K, 0% used [0x00000000d5580000,0x00000000d5580000,0x00000000dd480000)
  from space 10752K, 68% used [0x00000000ddf00000,0x00000000de63b060,0x00000000de980000)
  to   space 10752K, 0% used [0x00000000dd480000,0x00000000dd480000,0x00000000ddf00000)
 ParOldGen       total 173568K, used 929K [0x0000000080000000, 0x000000008a980000, 0x00000000d5580000)
  object space 173568K, 0% used [0x0000000080000000,0x00000000800e8700,0x000000008a980000)
 Metaspace       used 20590K, capacity 21236K, committed 21296K, reserved 1067008K
  class space    used 2878K, capacity 3080K, committed 3120K, reserved 1048576K
}
Event: 1.869 GC heap before
{Heap before GC invocations=5 (full 1):
 PSYoungGen      total 140800K, used 7404K [0x00000000d5580000, 0x00000000de980000, 0x0000000100000000)
  eden space 130048K, 0% used [0x00000000d5580000,0x00000000d5580000,0x00000000dd480000)
  from space 10752K, 68% used [0x00000000ddf00000,0x00000000de63b060,0x00000000de980000)
  to   space 10752K, 0% used [0x00000000dd480000,0x00000000dd480000,0x00000000ddf00000)
 ParOldGen       total 173568K, used 929K [0x0000000080000000, 0x000000008a980000, 0x00000000d5580000)
  object space 173568K, 0% used [0x0000000080000000,0x00000000800e8700,0x000000008a980000)
 Metaspace       used 20590K, capacity 21236K, committed 21296K, reserved 1067008K
  class space    used 2878K, capacity 3080K, committed 3120K, reserved 1048576K
Event: 1.890 GC heap after
Heap after GC invocations=5 (full 1):
 PSYoungGen      total 140800K, used 0K [0x00000000d5580000, 0x00000000de980000, 0x0000000100000000)
  eden space 130048K, 0% used [0x00000000d5580000,0x00000000d5580000,0x00000000dd480000)
  from space 10752K, 0% used [0x00000000ddf00000,0x00000000ddf00000,0x00000000de980000)
  to   space 10752K, 0% used [0x00000000dd480000,0x00000000dd480000,0x00000000ddf00000)
 ParOldGen       total 90624K, used 7160K [0x0000000080000000, 0x0000000085880000, 0x00000000d5580000)
  object space 90624K, 7% used [0x0000000080000000,0x00000000806fe150,0x0000000085880000)
 Metaspace       used 20590K, capacity 21236K, committed 21296K, reserved 1067008K
  class space    used 2878K, capacity 3080K, committed 3120K, reserved 1048576K
}
Event: 2.681 GC heap before
{Heap before GC invocations=6 (full 1):
 PSYoungGen      total 140800K, used 130048K [0x00000000d5580000, 0x00000000de980000, 0x0000000100000000)
  eden space 130048K, 100% used [0x00000000d5580000,0x00000000dd480000,0x00000000dd480000)
  from space 10752K, 0% used [0x00000000ddf00000,0x00000000ddf00000,0x00000000de980000)
  to   space 10752K, 0% used [0x00000000dd480000,0x00000000dd480000,0x00000000ddf00000)
 ParOldGen       total 90624K, used 7160K [0x0000000080000000, 0x0000000085880000, 0x00000000d5580000)
  object space 90624K, 7% used [0x0000000080000000,0x00000000806fe150,0x0000000085880000)
 Metaspace       used 32767K, capacity 33776K, committed 33968K, reserved 1079296K
  class space    used 4479K, capacity 4722K, committed 4784K, reserved 1048576K
Event: 2.689 GC heap after
Heap after GC invocations=6 (full 1):
 PSYoungGen      total 140800K, used 10732K [0x00000000d5580000, 0x00000000e4c80000, 0x0000000100000000)
  eden space 130048K, 0% used [0x00000000d5580000,0x00000000d5580000,0x00000000dd480000)
  from space 10752K, 99% used [0x00000000dd480000,0x00000000ddefb060,0x00000000ddf00000)
  to   space 15872K, 0% used [0x00000000e3d00000,0x00000000e3d00000,0x00000000e4c80000)
 ParOldGen       total 90624K, used 10609K [0x0000000080000000, 0x0000000085880000, 0x00000000d5580000)
  object space 90624K, 11% used [0x0000000080000000,0x0000000080a5c778,0x0000000085880000)
 Metaspace       used 32767K, capacity 33776K, committed 33968K, reserved 1079296K
  class space    used 4479K, capacity 4722K, committed 4784K, reserved 1048576K
}
Event: 2.821 GC heap before
{Heap before GC invocations=7 (full 1):
 PSYoungGen      total 140800K, used 42345K [0x00000000d5580000, 0x00000000e4c80000, 0x0000000100000000)
  eden space 130048K, 24% used [0x00000000d5580000,0x00000000d745f498,0x00000000dd480000)
  from space 10752K, 99% used [0x00000000dd480000,0x00000000ddefb060,0x00000000ddf00000)
  to   space 15872K, 0% used [0x00000000e3d00000,0x00000000e3d00000,0x00000000e4c80000)
 ParOldGen       total 90624K, used 10609K [0x0000000080000000, 0x0000000085880000, 0x00000000d5580000)
  object space 90624K, 11% used [0x0000000080000000,0x0000000080a5c778,0x0000000085880000)
 Metaspace       used 34341K, capacity 35432K, committed 35496K, reserved 1079296K
  class space    used 4728K, capacity 5007K, committed 5040K, reserved 1048576K
Event: 2.826 GC heap after
Heap after GC invocations=7 (full 1):
 PSYoungGen      total 237568K, used 8399K [0x00000000d5580000, 0x00000000e4d80000, 0x0000000100000000)
  eden space 221696K, 0% used [0x00000000d5580000,0x00000000d5580000,0x00000000e2e00000)
  from space 15872K, 52% used [0x00000000e3d00000,0x00000000e4533d20,0x00000000e4c80000)
  to   space 15360K, 0% used [0x00000000e2e00000,0x00000000e2e00000,0x00000000e3d00000)
 ParOldGen       total 90624K, used 10617K [0x0000000080000000, 0x0000000085880000, 0x00000000d5580000)
  object space 90624K, 11% used [0x0000000080000000,0x0000000080a5e778,0x0000000085880000)
 Metaspace       used 34341K, capacity 35432K, committed 35496K, reserved 1079296K
  class space    used 4728K, capacity 5007K, committed 5040K, reserved 1048576K
}
Event: 2.826 GC heap before
{Heap before GC invocations=8 (full 2):
 PSYoungGen      total 237568K, used 8399K [0x00000000d5580000, 0x00000000e4d80000, 0x0000000100000000)
  eden space 221696K, 0% used [0x00000000d5580000,0x00000000d5580000,0x00000000e2e00000)
  from space 15872K, 52% used [0x00000000e3d00000,0x00000000e4533d20,0x00000000e4c80000)
  to   space 15360K, 0% used [0x00000000e2e00000,0x00000000e2e00000,0x00000000e3d00000)
 ParOldGen       total 90624K, used 10617K [0x0000000080000000, 0x0000000085880000, 0x00000000d5580000)
  object space 90624K, 11% used [0x0000000080000000,0x0000000080a5e778,0x0000000085880000)
 Metaspace       used 34341K, capacity 35432K, committed 35496K, reserved 1079296K
  class space    used 4728K, capacity 5007K, committed 5040K, reserved 1048576K
Event: 2.853 GC heap after
Heap after GC invocations=8 (full 2):
 PSYoungGen      total 237568K, used 0K [0x00000000d5580000, 0x00000000e4d80000, 0x0000000100000000)
  eden space 221696K, 0% used [0x00000000d5580000,0x00000000d5580000,0x00000000e2e00000)
  from space 15872K, 0% used [0x00000000e3d00000,0x00000000e3d00000,0x00000000e4c80000)
  to   space 15360K, 0% used [0x00000000e2e00000,0x00000000e2e00000,0x00000000e3d00000)
 ParOldGen       total 135168K, used 14689K [0x0000000080000000, 0x0000000088400000, 0x00000000d5580000)
  object space 135168K, 10% used [0x0000000080000000,0x0000000080e587f8,0x0000000088400000)
 Metaspace       used 34341K, capacity 35432K, committed 35496K, reserved 1079296K
  class space    used 4728K, capacity 5007K, committed 5040K, reserved 1048576K
}

