# JRE version: OpenJDK Runtime Environment (8.0_242-b01) (build 1.8.0_242-release-1644-b01)
# Java VM: OpenJDK 64-Bit Server VM (25.242-b01 mixed mode windows-amd64 compressed oops)
Heap:
 PSYoungGen      total 355840K, used 355838K [0x00000000d5580000, 0x00000000f1d80000, 0x0000000100000000)
  eden space 332288K, 100% used [0x00000000d5580000,0x00000000e9a00000,0x00000000e9a00000)
  from space 23552K, 99% used [0x00000000e9a00000,0x00000000eb0ffa80,0x00000000eb100000)
  to   space 33280K, 99% used [0x00000000efd00000,0x00000000f1d7b120,0x00000000f1d80000)
 ParOldGen       total 204800K, used 69489K [0x0000000080000000, 0x000000008c800000, 0x00000000d5580000)
  object space 204800K, 33% used [0x0000000080000000,0x00000000843e4788,0x000000008c800000)
 Metaspace       used 71673K, capacity 76262K, committed 76440K, reserved 1114112K
  class space    used 10048K, capacity 10856K, committed 10928K, reserved 1048576K
GC Heap History (10 events):
Event: 2.768 GC heap after
Heap after GC invocations=8 (full 2):
 PSYoungGen      total 235008K, used 0K [0x00000000d5580000, 0x00000000e4d80000, 0x0000000100000000)
  eden space 219136K, 0% used [0x00000000d5580000,0x00000000d5580000,0x00000000e2b80000)
  from space 15872K, 0% used [0x00000000e3a80000,0x00000000e3a80000,0x00000000e4a00000)
  to   space 15360K, 0% used [0x00000000e2b80000,0x00000000e2b80000,0x00000000e3a80000)
 ParOldGen       total 136192K, used 14680K [0x0000000080000000, 0x0000000088500000, 0x00000000d5580000)
  object space 136192K, 10% used [0x0000000080000000,0x0000000080e561e0,0x0000000088500000)
 Metaspace       used 34348K, capacity 35432K, committed 35496K, reserved 1079296K
  class space    used 4731K, capacity 5007K, committed 5040K, reserved 1048576K
}
Event: 3.734 GC heap before
{Heap before GC invocations=9 (full 2):
 PSYoungGen      total 235008K, used 219136K [0x00000000d5580000, 0x00000000e4d80000, 0x0000000100000000)
  eden space 219136K, 100% used [0x00000000d5580000,0x00000000e2b80000,0x00000000e2b80000)
  from space 15872K, 0% used [0x00000000e3a80000,0x00000000e3a80000,0x00000000e4a00000)
  to   space 15360K, 0% used [0x00000000e2b80000,0x00000000e2b80000,0x00000000e3a80000)
 ParOldGen       total 136192K, used 14680K [0x0000000080000000, 0x0000000088500000, 0x00000000d5580000)
  object space 136192K, 10% used [0x0000000080000000,0x0000000080e561e0,0x0000000088500000)
 Metaspace       used 46110K, capacity 48012K, committed 48168K, reserved 1091584K
  class space    used 6255K, capacity 6612K, committed 6704K, reserved 1048576K
Event: 3.744 GC heap after
Heap after GC invocations=9 (full 2):
 PSYoungGen      total 234496K, used 15344K [0x00000000d5580000, 0x00000000ec300000, 0x0000000100000000)
  eden space 219136K, 0% used [0x00000000d5580000,0x00000000d5580000,0x00000000e2b80000)
  from space 15360K, 99% used [0x00000000e2b80000,0x00000000e3a7c178,0x00000000e3a80000)
  to   space 18432K, 0% used [0x00000000eb100000,0x00000000eb100000,0x00000000ec300000)
 ParOldGen       total 136192K, used 16649K [0x0000000080000000, 0x0000000088500000, 0x00000000d5580000)
  object space 136192K, 12% used [0x0000000080000000,0x00000000810426f0,0x0000000088500000)
 Metaspace       used 46110K, capacity 48012K, committed 48168K, reserved 1091584K
  class space    used 6255K, capacity 6612K, committed 6704K, reserved 1048576K
}
Event: 4.602 GC heap before
{Heap before GC invocations=10 (full 2):
 PSYoungGen      total 234496K, used 146199K [0x00000000d5580000, 0x00000000ec300000, 0x0000000100000000)
  eden space 219136K, 59% used [0x00000000d5580000,0x00000000dd549c28,0x00000000e2b80000)
  from space 15360K, 99% used [0x00000000e2b80000,0x00000000e3a7c178,0x00000000e3a80000)
  to   space 18432K, 0% used [0x00000000eb100000,0x00000000eb100000,0x00000000ec300000)
 ParOldGen       total 136192K, used 16649K [0x0000000080000000, 0x0000000088500000, 0x00000000d5580000)
  object space 136192K, 12% used [0x0000000080000000,0x00000000810426f0,0x0000000088500000)
 Metaspace       used 56792K, capacity 59152K, committed 59160K, reserved 1099776K
  class space    used 7784K, capacity 8237K, committed 8240K, reserved 1048576K
Event: 4.615 GC heap after
Heap after GC invocations=10 (full 2):
 PSYoungGen      total 350720K, used 18427K [0x00000000d5580000, 0x00000000ec800000, 0x0000000100000000)
  eden space 332288K, 0% used [0x00000000d5580000,0x00000000d5580000,0x00000000e9a00000)
  from space 18432K, 99% used [0x00000000eb100000,0x00000000ec2fef28,0x00000000ec300000)
  to   space 23552K, 0% used [0x00000000e9a00000,0x00000000e9a00000,0x00000000eb100000)
 ParOldGen       total 136192K, used 22538K [0x0000000080000000, 0x0000000088500000, 0x00000000d5580000)
  object space 136192K, 16% used [0x0000000080000000,0x0000000081602868,0x0000000088500000)
 Metaspace       used 56792K, capacity 59152K, committed 59160K, reserved 1099776K
  class space    used 7784K, capacity 8237K, committed 8240K, reserved 1048576K
}
Event: 4.615 GC heap before
{Heap before GC invocations=11 (full 3):
 PSYoungGen      total 350720K, used 18427K [0x00000000d5580000, 0x00000000ec800000, 0x0000000100000000)
  eden space 332288K, 0% used [0x00000000d5580000,0x00000000d5580000,0x00000000e9a00000)
  from space 18432K, 99% used [0x00000000eb100000,0x00000000ec2fef28,0x00000000ec300000)
  to   space 23552K, 0% used [0x00000000e9a00000,0x00000000e9a00000,0x00000000eb100000)
 ParOldGen       total 136192K, used 22538K [0x0000000080000000, 0x0000000088500000, 0x00000000d5580000)
  object space 136192K, 16% used [0x0000000080000000,0x0000000081602868,0x0000000088500000)
 Metaspace       used 56792K, capacity 59152K, committed 59160K, reserved 1099776K
  class space    used 7784K, capacity 8237K, committed 8240K, reserved 1048576K
Event: 4.753 GC heap after
Heap after GC invocations=11 (full 3):
 PSYoungGen      total 350720K, used 0K [0x00000000d5580000, 0x00000000ec800000, 0x0000000100000000)
  eden space 332288K, 0% used [0x00000000d5580000,0x00000000d5580000,0x00000000e9a00000)
  from space 18432K, 0% used [0x00000000eb100000,0x00000000eb100000,0x00000000ec300000)
  to   space 23552K, 0% used [0x00000000e9a00000,0x00000000e9a00000,0x00000000eb100000)
 ParOldGen       total 204800K, used 36055K [0x0000000080000000, 0x000000008c800000, 0x00000000d5580000)
  object space 204800K, 17% used [0x0000000080000000,0x0000000082335ca0,0x000000008c800000)
 Metaspace       used 56723K, capacity 58918K, committed 59160K, reserved 1099776K
  class space    used 7763K, capacity 8198K, committed 8240K, reserved 1048576K
}
Event: 6.291 GC heap before
{Heap before GC invocations=12 (full 3):
 PSYoungGen      total 350720K, used 327940K [0x00000000d5580000, 0x00000000ec800000, 0x0000000100000000)
  eden space 332288K, 98% used [0x00000000d5580000,0x00000000e95c1000,0x00000000e9a00000)
  from space 18432K, 0% used [0x00000000eb100000,0x00000000eb100000,0x00000000ec300000)
  to   space 23552K, 0% used [0x00000000e9a00000,0x00000000e9a00000,0x00000000eb100000)
 ParOldGen       total 204800K, used 36055K [0x0000000080000000, 0x000000008c800000, 0x00000000d5580000)
  object space 204800K, 17% used [0x0000000080000000,0x0000000082335ca0,0x000000008c800000)
 Metaspace       used 66721K, capacity 70350K, committed 70680K, reserved 1110016K
  class space    used 9254K, capacity 9916K, committed 10032K, reserved 1048576K
Event: 6.311 GC heap after
Heap after GC invocations=12 (full 3):
 PSYoungGen      total 355840K, used 23550K [0x00000000d5580000, 0x00000000f1d80000, 0x0000000100000000)
  eden space 332288K, 0% used [0x00000000d5580000,0x00000000d5580000,0x00000000e9a00000)
  from space 23552K, 99% used [0x00000000e9a00000,0x00000000eb0ffa80,0x00000000eb100000)
  to   space 33280K, 0% used [0x00000000efd00000,0x00000000efd00000,0x00000000f1d80000)
 ParOldGen       total 204800K, used 51852K [0x0000000080000000, 0x000000008c800000, 0x00000000d5580000)
  object space 204800K, 25% used [0x0000000080000000,0x00000000832a3380,0x000000008c800000)
 Metaspace       used 66721K, capacity 70350K, committed 70680K, reserved 1110016K
  class space    used 9254K, capacity 9916K, committed 10032K, reserved 1048576K
}
Event: 7.991 GC heap before
{Heap before GC invocations=13 (full 3):
 PSYoungGen      total 355840K, used 355838K [0x00000000d5580000, 0x00000000f1d80000, 0x0000000100000000)
  eden space 332288K, 100% used [0x00000000d5580000,0x00000000e9a00000,0x00000000e9a00000)
  from space 23552K, 99% used [0x00000000e9a00000,0x00000000eb0ffa80,0x00000000eb100000)
  to   space 33280K, 0% used [0x00000000efd00000,0x00000000efd00000,0x00000000f1d80000)
 ParOldGen       total 204800K, used 51852K [0x0000000080000000, 0x000000008c800000, 0x00000000d5580000)
  object space 204800K, 25% used [0x0000000080000000,0x00000000832a3380,0x000000008c800000)
 Metaspace       used 71673K, capacity 76262K, committed 76440K, reserved 1114112K
  class space    used 10048K, capacity 10856K, committed 10928K, reserved 1048576K

