# JRE version: OpenJDK Runtime Environment (8.0_242-b01) (build 1.8.0_242-release-1644-b01)
# Java VM: OpenJDK 64-Bit Server VM (25.242-b01 mixed mode windows-amd64 compressed oops)
Heap:
 PSYoungGen      total 195072K, used 195018K [0x00000000d5580000, 0x00000000e4900000, 0x0000000100000000)
  eden space 185856K, 100% used [0x00000000d5580000,0x00000000e0b00000,0x00000000e0b00000)
  from space 9216K, 99% used [0x00000000e4000000,0x00000000e48f28e0,0x00000000e4900000)
  to   space 11776K, 99% used [0x00000000e3200000,0x00000000e3d78888,0x00000000e3d80000)
 ParOldGen       total 119296K, used 21644K [0x0000000080000000, 0x0000000087480000, 0x00000000d5580000)
  object space 119296K, 18% used [0x0000000080000000,0x0000000081523008,0x0000000087480000)
 Metaspace       used 56454K, capacity 58954K, committed 59160K, reserved 1099776K
  class space    used 7733K, capacity 8208K, committed 8240K, reserved 1048576K
GC Heap History (10 events):
Event: 6.716 GC heap after
Heap after GC invocations=6 (full 1):
 PSYoungGen      total 75776K, used 8702K [0x00000000d5580000, 0x00000000de400000, 0x0000000100000000)
  eden space 65024K, 0% used [0x00000000d5580000,0x00000000d5580000,0x00000000d9500000)
  from space 10752K, 80% used [0x00000000d9500000,0x00000000d9d7f9c8,0x00000000d9f80000)
  to   space 12288K, 0% used [0x00000000dd800000,0x00000000dd800000,0x00000000de400000)
 ParOldGen       total 81408K, used 7206K [0x0000000080000000, 0x0000000084f80000, 0x00000000d5580000)
  object space 81408K, 8% used [0x0000000080000000,0x0000000080709bb8,0x0000000084f80000)
 Metaspace       used 28828K, capacity 29708K, committed 29872K, reserved 1075200K
  class space    used 3994K, capacity 4231K, committed 4272K, reserved 1048576K
}
Event: 7.063 GC heap before
{Heap before GC invocations=7 (full 1):
 PSYoungGen      total 75776K, used 73726K [0x00000000d5580000, 0x00000000de400000, 0x0000000100000000)
  eden space 65024K, 100% used [0x00000000d5580000,0x00000000d9500000,0x00000000d9500000)
  from space 10752K, 80% used [0x00000000d9500000,0x00000000d9d7f9c8,0x00000000d9f80000)
  to   space 12288K, 0% used [0x00000000dd800000,0x00000000dd800000,0x00000000de400000)
 ParOldGen       total 81408K, used 7206K [0x0000000080000000, 0x0000000084f80000, 0x00000000d5580000)
  object space 81408K, 8% used [0x0000000080000000,0x0000000080709bb8,0x0000000084f80000)
 Metaspace       used 32969K, capacity 34030K, committed 34224K, reserved 1079296K
  class space    used 4509K, capacity 4762K, committed 4784K, reserved 1048576K
Event: 7.069 GC heap after
Heap after GC invocations=7 (full 1):
 PSYoungGen      total 131584K, used 9302K [0x00000000d5580000, 0x00000000de280000, 0x0000000100000000)
  eden space 120832K, 0% used [0x00000000d5580000,0x00000000d5580000,0x00000000dcb80000)
  from space 10752K, 86% used [0x00000000dd800000,0x00000000de1158a8,0x00000000de280000)
  to   space 11776K, 0% used [0x00000000dcb80000,0x00000000dcb80000,0x00000000dd700000)
 ParOldGen       total 81408K, used 7214K [0x0000000080000000, 0x0000000084f80000, 0x00000000d5580000)
  object space 81408K, 8% used [0x0000000080000000,0x000000008070bbb8,0x0000000084f80000)
 Metaspace       used 32969K, capacity 34030K, committed 34224K, reserved 1079296K
  class space    used 4509K, capacity 4762K, committed 4784K, reserved 1048576K
}
Event: 7.194 GC heap before
{Heap before GC invocations=8 (full 1):
 PSYoungGen      total 131584K, used 37597K [0x00000000d5580000, 0x00000000de280000, 0x0000000100000000)
  eden space 120832K, 23% used [0x00000000d5580000,0x00000000d7121cd8,0x00000000dcb80000)
  from space 10752K, 86% used [0x00000000dd800000,0x00000000de1158a8,0x00000000de280000)
  to   space 11776K, 0% used [0x00000000dcb80000,0x00000000dcb80000,0x00000000dd700000)
 ParOldGen       total 81408K, used 7214K [0x0000000080000000, 0x0000000084f80000, 0x00000000d5580000)
  object space 81408K, 8% used [0x0000000080000000,0x000000008070bbb8,0x0000000084f80000)
 Metaspace       used 34342K, capacity 35432K, committed 35496K, reserved 1079296K
  class space    used 4727K, capacity 5007K, committed 5040K, reserved 1048576K
Event: 7.199 GC heap after
Heap after GC invocations=8 (full 1):
 PSYoungGen      total 132608K, used 8205K [0x00000000d5580000, 0x00000000e4b80000, 0x0000000100000000)
  eden space 120832K, 0% used [0x00000000d5580000,0x00000000d5580000,0x00000000dcb80000)
  from space 11776K, 69% used [0x00000000dcb80000,0x00000000dd383620,0x00000000dd700000)
  to   space 11776K, 0% used [0x00000000e4000000,0x00000000e4000000,0x00000000e4b80000)
 ParOldGen       total 81408K, used 7222K [0x0000000080000000, 0x0000000084f80000, 0x00000000d5580000)
  object space 81408K, 8% used [0x0000000080000000,0x000000008070dbb8,0x0000000084f80000)
 Metaspace       used 34342K, capacity 35432K, committed 35496K, reserved 1079296K
  class space    used 4727K, capacity 5007K, committed 5040K, reserved 1048576K
}
Event: 7.199 GC heap before
{Heap before GC invocations=9 (full 2):
 PSYoungGen      total 132608K, used 8205K [0x00000000d5580000, 0x00000000e4b80000, 0x0000000100000000)
  eden space 120832K, 0% used [0x00000000d5580000,0x00000000d5580000,0x00000000dcb80000)
  from space 11776K, 69% used [0x00000000dcb80000,0x00000000dd383620,0x00000000dd700000)
  to   space 11776K, 0% used [0x00000000e4000000,0x00000000e4000000,0x00000000e4b80000)
 ParOldGen       total 81408K, used 7222K [0x0000000080000000, 0x0000000084f80000, 0x00000000d5580000)
  object space 81408K, 8% used [0x0000000080000000,0x000000008070dbb8,0x0000000084f80000)
 Metaspace       used 34342K, capacity 35432K, committed 35496K, reserved 1079296K
  class space    used 4727K, capacity 5007K, committed 5040K, reserved 1048576K
Event: 7.230 GC heap after
Heap after GC invocations=9 (full 2):
 PSYoungGen      total 132608K, used 0K [0x00000000d5580000, 0x00000000e4b80000, 0x0000000100000000)
  eden space 120832K, 0% used [0x00000000d5580000,0x00000000d5580000,0x00000000dcb80000)
  from space 11776K, 0% used [0x00000000dcb80000,0x00000000dcb80000,0x00000000dd700000)
  to   space 11776K, 0% used [0x00000000e4000000,0x00000000e4000000,0x00000000e4b80000)
 ParOldGen       total 119296K, used 14527K [0x0000000080000000, 0x0000000087480000, 0x00000000d5580000)
  object space 119296K, 12% used [0x0000000080000000,0x0000000080e2fee0,0x0000000087480000)
 Metaspace       used 34342K, capacity 35432K, committed 35496K, reserved 1079296K
  class space    used 4727K, capacity 5007K, committed 5040K, reserved 1048576K
}
Event: 7.882 GC heap before
{Heap before GC invocations=10 (full 2):
 PSYoungGen      total 132608K, used 120832K [0x00000000d5580000, 0x00000000e4b80000, 0x0000000100000000)
  eden space 120832K, 100% used [0x00000000d5580000,0x00000000dcb80000,0x00000000dcb80000)
  from space 11776K, 0% used [0x00000000dcb80000,0x00000000dcb80000,0x00000000dd700000)
  to   space 11776K, 0% used [0x00000000e4000000,0x00000000e4000000,0x00000000e4b80000)
 ParOldGen       total 119296K, used 14527K [0x0000000080000000, 0x0000000087480000, 0x00000000d5580000)
  object space 119296K, 12% used [0x0000000080000000,0x0000000080e2fee0,0x0000000087480000)
 Metaspace       used 39467K, capacity 41406K, committed 41512K, reserved 1085440K
  class space    used 5456K, capacity 5849K, committed 5936K, reserved 1048576K
Event: 7.888 GC heap after
Heap after GC invocations=10 (full 2):
 PSYoungGen      total 195072K, used 9162K [0x00000000d5580000, 0x00000000e4900000, 0x0000000100000000)
  eden space 185856K, 0% used [0x00000000d5580000,0x00000000d5580000,0x00000000e0b00000)
  from space 9216K, 99% used [0x00000000e4000000,0x00000000e48f28e0,0x00000000e4900000)
  to   space 11776K, 0% used [0x00000000e3200000,0x00000000e3200000,0x00000000e3d80000)
 ParOldGen       total 119296K, used 14535K [0x0000000080000000, 0x0000000087480000, 0x00000000d5580000)
  object space 119296K, 12% used [0x0000000080000000,0x0000000080e31ee0,0x0000000087480000)
 Metaspace       used 39467K, capacity 41406K, committed 41512K, reserved 1085440K
  class space    used 5456K, capacity 5849K, committed 5936K, reserved 1048576K
}
Event: 9.238 GC heap before
{Heap before GC invocations=11 (full 2):
 PSYoungGen      total 195072K, used 195018K [0x00000000d5580000, 0x00000000e4900000, 0x0000000100000000)
  eden space 185856K, 100% used [0x00000000d5580000,0x00000000e0b00000,0x00000000e0b00000)
  from space 9216K, 99% used [0x00000000e4000000,0x00000000e48f28e0,0x00000000e4900000)
  to   space 11776K, 0% used [0x00000000e3200000,0x00000000e3200000,0x00000000e3d80000)
 ParOldGen       total 119296K, used 14535K [0x0000000080000000, 0x0000000087480000, 0x00000000d5580000)
  object space 119296K, 12% used [0x0000000080000000,0x0000000080e31ee0,0x0000000087480000)
 Metaspace       used 56454K, capacity 58954K, committed 59160K, reserved 1099776K
  class space    used 7733K, capacity 8208K, committed 8240K, reserved 1048576K

