# JRE version: OpenJDK Runtime Environment (8.0_242-b01) (build 1.8.0_242-release-1644-b01)
# Java VM: OpenJDK 64-Bit Server VM (25.242-b01 mixed mode windows-amd64 compressed oops)
Heap:
 PSYoungGen      total 230400K, used 92852K [0x00000000d5580000, 0x00000000eae00000, 0x0000000100000000)
  eden space 215552K, 36% used [0x00000000d5580000,0x00000000da1b0038,0x00000000e2800000)
  from space 14848K, 99% used [0x00000000e2800000,0x00000000e367d038,0x00000000e3680000)
  to   space 17920K, 0% used [0x00000000e9c80000,0x00000000e9c80000,0x00000000eae00000)
 ParOldGen       total 143360K, used 16972K [0x0000000080000000, 0x0000000088c00000, 0x00000000d5580000)
  object space 143360K, 11% used [0x0000000080000000,0x0000000081093168,0x0000000088c00000)
 Metaspace       used 51512K, capacity 53606K, committed 53672K, reserved 1095680K
  class space    used 6892K, capacity 7331K, committed 7344K, reserved 1048576K
GC Heap History (10 events):
Event: 3.167 GC heap before
{Heap before GC invocations=5 (full 1):
 PSYoungGen      total 140800K, used 7501K [0x00000000d5580000, 0x00000000de980000, 0x0000000100000000)
  eden space 130048K, 0% used [0x00000000d5580000,0x00000000d5580000,0x00000000dd480000)
  from space 10752K, 69% used [0x00000000ddf00000,0x00000000de6534a0,0x00000000de980000)
  to   space 10752K, 0% used [0x00000000dd480000,0x00000000dd480000,0x00000000ddf00000)
 ParOldGen       total 173568K, used 839K [0x0000000080000000, 0x000000008a980000, 0x00000000d5580000)
  object space 173568K, 0% used [0x0000000080000000,0x00000000800d1ce0,0x000000008a980000)
 Metaspace       used 20597K, capacity 21236K, committed 21296K, reserved 1067008K
  class space    used 2877K, capacity 3080K, committed 3120K, reserved 1048576K
Event: 3.199 GC heap after
Heap after GC invocations=5 (full 1):
 PSYoungGen      total 140800K, used 0K [0x00000000d5580000, 0x00000000de980000, 0x0000000100000000)
  eden space 130048K, 0% used [0x00000000d5580000,0x00000000d5580000,0x00000000dd480000)
  from space 10752K, 0% used [0x00000000ddf00000,0x00000000ddf00000,0x00000000de980000)
  to   space 10752K, 0% used [0x00000000dd480000,0x00000000dd480000,0x00000000ddf00000)
 ParOldGen       total 93696K, used 7242K [0x0000000080000000, 0x0000000085b80000, 0x00000000d5580000)
  object space 93696K, 7% used [0x0000000080000000,0x0000000080712bc0,0x0000000085b80000)
 Metaspace       used 20597K, capacity 21236K, committed 21296K, reserved 1067008K
  class space    used 2877K, capacity 3080K, committed 3120K, reserved 1048576K
}
Event: 4.679 GC heap before
{Heap before GC invocations=6 (full 1):
 PSYoungGen      total 140800K, used 130048K [0x00000000d5580000, 0x00000000de980000, 0x0000000100000000)
  eden space 130048K, 100% used [0x00000000d5580000,0x00000000dd480000,0x00000000dd480000)
  from space 10752K, 0% used [0x00000000ddf00000,0x00000000ddf00000,0x00000000de980000)
  to   space 10752K, 0% used [0x00000000dd480000,0x00000000dd480000,0x00000000ddf00000)
 ParOldGen       total 93696K, used 7242K [0x0000000080000000, 0x0000000085b80000, 0x00000000d5580000)
  object space 93696K, 7% used [0x0000000080000000,0x0000000080712bc0,0x0000000085b80000)
 Metaspace       used 32698K, capacity 33648K, committed 33712K, reserved 1079296K
  class space    used 4469K, capacity 4722K, committed 4784K, reserved 1048576K
Event: 4.695 GC heap after
Heap after GC invocations=6 (full 1):
 PSYoungGen      total 140800K, used 10735K [0x00000000d5580000, 0x00000000e4780000, 0x0000000100000000)
  eden space 130048K, 0% used [0x00000000d5580000,0x00000000d5580000,0x00000000dd480000)
  from space 10752K, 99% used [0x00000000dd480000,0x00000000ddefbe30,0x00000000ddf00000)
  to   space 15872K, 0% used [0x00000000e3800000,0x00000000e3800000,0x00000000e4780000)
 ParOldGen       total 93696K, used 10471K [0x0000000080000000, 0x0000000085b80000, 0x00000000d5580000)
  object space 93696K, 11% used [0x0000000080000000,0x0000000080a39e90,0x0000000085b80000)
 Metaspace       used 32698K, capacity 33648K, committed 33712K, reserved 1079296K
  class space    used 4469K, capacity 4722K, committed 4784K, reserved 1048576K
}
Event: 5.129 GC heap before
{Heap before GC invocations=7 (full 1):
 PSYoungGen      total 140800K, used 44027K [0x00000000d5580000, 0x00000000e4780000, 0x0000000100000000)
  eden space 130048K, 25% used [0x00000000d5580000,0x00000000d7603038,0x00000000dd480000)
  from space 10752K, 99% used [0x00000000dd480000,0x00000000ddefbe30,0x00000000ddf00000)
  to   space 15872K, 0% used [0x00000000e3800000,0x00000000e3800000,0x00000000e4780000)
 ParOldGen       total 93696K, used 10471K [0x0000000080000000, 0x0000000085b80000, 0x00000000d5580000)
  object space 93696K, 11% used [0x0000000080000000,0x0000000080a39e90,0x0000000085b80000)
 Metaspace       used 34347K, capacity 35432K, committed 35496K, reserved 1079296K
  class space    used 4727K, capacity 5007K, committed 5040K, reserved 1048576K
Event: 5.137 GC heap after
Heap after GC invocations=7 (full 1):
 PSYoungGen      total 228864K, used 8452K [0x00000000d5580000, 0x00000000e4500000, 0x0000000100000000)
  eden space 215552K, 0% used [0x00000000d5580000,0x00000000d5580000,0x00000000e2800000)
  from space 13312K, 63% used [0x00000000e3800000,0x00000000e40413d0,0x00000000e4500000)
  to   space 14848K, 0% used [0x00000000e2800000,0x00000000e2800000,0x00000000e3680000)
 ParOldGen       total 93696K, used 10479K [0x0000000080000000, 0x0000000085b80000, 0x00000000d5580000)
  object space 93696K, 11% used [0x0000000080000000,0x0000000080a3be90,0x0000000085b80000)
 Metaspace       used 34347K, capacity 35432K, committed 35496K, reserved 1079296K
  class space    used 4727K, capacity 5007K, committed 5040K, reserved 1048576K
}
Event: 5.137 GC heap before
{Heap before GC invocations=8 (full 2):
 PSYoungGen      total 228864K, used 8452K [0x00000000d5580000, 0x00000000e4500000, 0x0000000100000000)
  eden space 215552K, 0% used [0x00000000d5580000,0x00000000d5580000,0x00000000e2800000)
  from space 13312K, 63% used [0x00000000e3800000,0x00000000e40413d0,0x00000000e4500000)
  to   space 14848K, 0% used [0x00000000e2800000,0x00000000e2800000,0x00000000e3680000)
 ParOldGen       total 93696K, used 10479K [0x0000000080000000, 0x0000000085b80000, 0x00000000d5580000)
  object space 93696K, 11% used [0x0000000080000000,0x0000000080a3be90,0x0000000085b80000)
 Metaspace       used 34347K, capacity 35432K, committed 35496K, reserved 1079296K
  class space    used 4727K, capacity 5007K, committed 5040K, reserved 1048576K
Event: 5.184 GC heap after
Heap after GC invocations=8 (full 2):
 PSYoungGen      total 228864K, used 0K [0x00000000d5580000, 0x00000000e4500000, 0x0000000100000000)
  eden space 215552K, 0% used [0x00000000d5580000,0x00000000d5580000,0x00000000e2800000)
  from space 13312K, 0% used [0x00000000e3800000,0x00000000e3800000,0x00000000e4500000)
  to   space 14848K, 0% used [0x00000000e2800000,0x00000000e2800000,0x00000000e3680000)
 ParOldGen       total 143360K, used 14788K [0x0000000080000000, 0x0000000088c00000, 0x00000000d5580000)
  object space 143360K, 10% used [0x0000000080000000,0x0000000080e71328,0x0000000088c00000)
 Metaspace       used 34347K, capacity 35432K, committed 35496K, reserved 1079296K
  class space    used 4727K, capacity 5007K, committed 5040K, reserved 1048576K
}
Event: 8.942 GC heap before
{Heap before GC invocations=9 (full 2):
 PSYoungGen      total 228864K, used 215552K [0x00000000d5580000, 0x00000000e4500000, 0x0000000100000000)
  eden space 215552K, 100% used [0x00000000d5580000,0x00000000e2800000,0x00000000e2800000)
  from space 13312K, 0% used [0x00000000e3800000,0x00000000e3800000,0x00000000e4500000)
  to   space 14848K, 0% used [0x00000000e2800000,0x00000000e2800000,0x00000000e3680000)
 ParOldGen       total 143360K, used 14788K [0x0000000080000000, 0x0000000088c00000, 0x00000000d5580000)
  object space 143360K, 10% used [0x0000000080000000,0x0000000080e71328,0x0000000088c00000)
 Metaspace       used 45832K, capacity 47694K, committed 47784K, reserved 1091584K
  class space    used 6202K, capacity 6563K, committed 6576K, reserved 1048576K
Event: 8.951 GC heap after
Heap after GC invocations=9 (full 2):
 PSYoungGen      total 230400K, used 14836K [0x00000000d5580000, 0x00000000eae00000, 0x0000000100000000)
  eden space 215552K, 0% used [0x00000000d5580000,0x00000000d5580000,0x00000000e2800000)
  from space 14848K, 99% used [0x00000000e2800000,0x00000000e367d038,0x00000000e3680000)
  to   space 17920K, 0% used [0x00000000e9c80000,0x00000000e9c80000,0x00000000eae00000)
 ParOldGen       total 143360K, used 16972K [0x0000000080000000, 0x0000000088c00000, 0x00000000d5580000)
  object space 143360K, 11% used [0x0000000080000000,0x0000000081093168,0x0000000088c00000)
 Metaspace       used 45832K, capacity 47694K, committed 47784K, reserved 1091584K
  class space    used 6202K, capacity 6563K, committed 6576K, reserved 1048576K
}

