# JRE version: OpenJDK Runtime Environment (8.0_242-b01) (build 1.8.0_242-release-1644-b01)
# Java VM: OpenJDK 64-Bit Server VM (25.242-b01 mixed mode windows-amd64 compressed oops)
Heap:
 PSYoungGen      total 331776K, used 69177K [0x00000000d5580000, 0x00000000eb580000, 0x0000000100000000)
  eden space 313344K, 22% used [0x00000000d5580000,0x00000000d990e448,0x00000000e8780000)
  from space 18432K, 0% used [0x00000000ea300000,0x00000000ea300000,0x00000000eb500000)
  to   space 23552K, 0% used [0x00000000e8780000,0x00000000e8780000,0x00000000e9e80000)
 ParOldGen       total 208896K, used 36306K [0x0000000080000000, 0x000000008cc00000, 0x00000000d5580000)
  object space 208896K, 17% used [0x0000000080000000,0x0000000082374898,0x000000008cc00000)
 Metaspace       used 61256K, capacity 63912K, committed 64152K, reserved 1103872K
  class space    used 8485K, capacity 9019K, committed 9136K, reserved 1048576K
GC Heap History (10 events):
Event: 2.726 GC heap before
{Heap before GC invocations=7 (full 1):
 PSYoungGen      total 140800K, used 42362K [0x00000000d5580000, 0x00000000e4700000, 0x0000000100000000)
  eden space 130048K, 24% used [0x00000000d5580000,0x00000000d7465bf0,0x00000000dd480000)
  from space 10752K, 99% used [0x00000000dd480000,0x00000000ddef8fd0,0x00000000ddf00000)
  to   space 15872K, 0% used [0x00000000e3780000,0x00000000e3780000,0x00000000e4700000)
 ParOldGen       total 93696K, used 10726K [0x0000000080000000, 0x0000000085b80000, 0x00000000d5580000)
  object space 93696K, 11% used [0x0000000080000000,0x0000000080a79b48,0x0000000085b80000)
 Metaspace       used 34349K, capacity 35432K, committed 35496K, reserved 1079296K
  class space    used 4728K, capacity 5007K, committed 5040K, reserved 1048576K
Event: 2.730 GC heap after
Heap after GC invocations=7 (full 1):
 PSYoungGen      total 231936K, used 8442K [0x00000000d5580000, 0x00000000e4880000, 0x0000000100000000)
  eden space 216064K, 0% used [0x00000000d5580000,0x00000000d5580000,0x00000000e2880000)
  from space 15872K, 53% used [0x00000000e3780000,0x00000000e3fbebc8,0x00000000e4700000)
  to   space 15360K, 0% used [0x00000000e2880000,0x00000000e2880000,0x00000000e3780000)
 ParOldGen       total 93696K, used 10734K [0x0000000080000000, 0x0000000085b80000, 0x00000000d5580000)
  object space 93696K, 11% used [0x0000000080000000,0x0000000080a7bb48,0x0000000085b80000)
 Metaspace       used 34349K, capacity 35432K, committed 35496K, reserved 1079296K
  class space    used 4728K, capacity 5007K, committed 5040K, reserved 1048576K
}
Event: 2.730 GC heap before
{Heap before GC invocations=8 (full 2):
 PSYoungGen      total 231936K, used 8442K [0x00000000d5580000, 0x00000000e4880000, 0x0000000100000000)
  eden space 216064K, 0% used [0x00000000d5580000,0x00000000d5580000,0x00000000e2880000)
  from space 15872K, 53% used [0x00000000e3780000,0x00000000e3fbebc8,0x00000000e4700000)
  to   space 15360K, 0% used [0x00000000e2880000,0x00000000e2880000,0x00000000e3780000)
 ParOldGen       total 93696K, used 10734K [0x0000000080000000, 0x0000000085b80000, 0x00000000d5580000)
  object space 93696K, 11% used [0x0000000080000000,0x0000000080a7bb48,0x0000000085b80000)
 Metaspace       used 34349K, capacity 35432K, committed 35496K, reserved 1079296K
  class space    used 4728K, capacity 5007K, committed 5040K, reserved 1048576K
Event: 2.755 GC heap after
Heap after GC invocations=8 (full 2):
 PSYoungGen      total 231936K, used 0K [0x00000000d5580000, 0x00000000e4880000, 0x0000000100000000)
  eden space 216064K, 0% used [0x00000000d5580000,0x00000000d5580000,0x00000000e2880000)
  from space 15872K, 0% used [0x00000000e3780000,0x00000000e3780000,0x00000000e4700000)
  to   space 15360K, 0% used [0x00000000e2880000,0x00000000e2880000,0x00000000e3780000)
 ParOldGen       total 141824K, used 14688K [0x0000000080000000, 0x0000000088a80000, 0x00000000d5580000)
  object space 141824K, 10% used [0x0000000080000000,0x0000000080e582a8,0x0000000088a80000)
 Metaspace       used 34349K, capacity 35432K, committed 35496K, reserved 1079296K
  class space    used 4728K, capacity 5007K, committed 5040K, reserved 1048576K
}
Event: 6.011 GC heap before
{Heap before GC invocations=9 (full 2):
 PSYoungGen      total 231936K, used 216064K [0x00000000d5580000, 0x00000000e4880000, 0x0000000100000000)
  eden space 216064K, 100% used [0x00000000d5580000,0x00000000e2880000,0x00000000e2880000)
  from space 15872K, 0% used [0x00000000e3780000,0x00000000e3780000,0x00000000e4700000)
  to   space 15360K, 0% used [0x00000000e2880000,0x00000000e2880000,0x00000000e3780000)
 ParOldGen       total 141824K, used 14688K [0x0000000080000000, 0x0000000088a80000, 0x00000000d5580000)
  object space 141824K, 10% used [0x0000000080000000,0x0000000080e582a8,0x0000000088a80000)
 Metaspace       used 45743K, capacity 47620K, committed 47784K, reserved 1091584K
  class space    used 6203K, capacity 6574K, committed 6576K, reserved 1048576K
Event: 6.020 GC heap after
Heap after GC invocations=9 (full 2):
 PSYoungGen      total 231424K, used 15344K [0x00000000d5580000, 0x00000000eb500000, 0x0000000100000000)
  eden space 216064K, 0% used [0x00000000d5580000,0x00000000d5580000,0x00000000e2880000)
  from space 15360K, 99% used [0x00000000e2880000,0x00000000e377c338,0x00000000e3780000)
  to   space 18432K, 0% used [0x00000000ea300000,0x00000000ea300000,0x00000000eb500000)
 ParOldGen       total 141824K, used 16217K [0x0000000080000000, 0x0000000088a80000, 0x00000000d5580000)
  object space 141824K, 11% used [0x0000000080000000,0x0000000080fd6788,0x0000000088a80000)
 Metaspace       used 45743K, capacity 47620K, committed 47784K, reserved 1091584K
  class space    used 6203K, capacity 6574K, committed 6576K, reserved 1048576K
}
Event: 7.966 GC heap before
{Heap before GC invocations=10 (full 2):
 PSYoungGen      total 231424K, used 152560K [0x00000000d5580000, 0x00000000eb500000, 0x0000000100000000)
  eden space 216064K, 63% used [0x00000000d5580000,0x00000000ddb7fe20,0x00000000e2880000)
  from space 15360K, 99% used [0x00000000e2880000,0x00000000e377c338,0x00000000e3780000)
  to   space 18432K, 0% used [0x00000000ea300000,0x00000000ea300000,0x00000000eb500000)
 ParOldGen       total 141824K, used 16217K [0x0000000080000000, 0x0000000088a80000, 0x00000000d5580000)
  object space 141824K, 11% used [0x0000000080000000,0x0000000080fd6788,0x0000000088a80000)
 Metaspace       used 56759K, capacity 59142K, committed 59160K, reserved 1099776K
  class space    used 7775K, capacity 8234K, committed 8240K, reserved 1048576K
Event: 7.977 GC heap after
Heap after GC invocations=10 (full 2):
 PSYoungGen      total 331776K, used 18428K [0x00000000d5580000, 0x00000000eb580000, 0x0000000100000000)
  eden space 313344K, 0% used [0x00000000d5580000,0x00000000d5580000,0x00000000e8780000)
  from space 18432K, 99% used [0x00000000ea300000,0x00000000eb4ff280,0x00000000eb500000)
  to   space 23552K, 0% used [0x00000000e8780000,0x00000000e8780000,0x00000000e9e80000)
 ParOldGen       total 141824K, used 22446K [0x0000000080000000, 0x0000000088a80000, 0x00000000d5580000)
  object space 141824K, 15% used [0x0000000080000000,0x00000000815ebbe0,0x0000000088a80000)
 Metaspace       used 56759K, capacity 59142K, committed 59160K, reserved 1099776K
  class space    used 7775K, capacity 8234K, committed 8240K, reserved 1048576K
}
Event: 7.977 GC heap before
{Heap before GC invocations=11 (full 3):
 PSYoungGen      total 331776K, used 18428K [0x00000000d5580000, 0x00000000eb580000, 0x0000000100000000)
  eden space 313344K, 0% used [0x00000000d5580000,0x00000000d5580000,0x00000000e8780000)
  from space 18432K, 99% used [0x00000000ea300000,0x00000000eb4ff280,0x00000000eb500000)
  to   space 23552K, 0% used [0x00000000e8780000,0x00000000e8780000,0x00000000e9e80000)
 ParOldGen       total 141824K, used 22446K [0x0000000080000000, 0x0000000088a80000, 0x00000000d5580000)
  object space 141824K, 15% used [0x0000000080000000,0x00000000815ebbe0,0x0000000088a80000)
 Metaspace       used 56759K, capacity 59142K, committed 59160K, reserved 1099776K
  class space    used 7775K, capacity 8234K, committed 8240K, reserved 1048576K
Event: 8.111 GC heap after
Heap after GC invocations=11 (full 3):
 PSYoungGen      total 331776K, used 0K [0x00000000d5580000, 0x00000000eb580000, 0x0000000100000000)
  eden space 313344K, 0% used [0x00000000d5580000,0x00000000d5580000,0x00000000e8780000)
  from space 18432K, 0% used [0x00000000ea300000,0x00000000ea300000,0x00000000eb500000)
  to   space 23552K, 0% used [0x00000000e8780000,0x00000000e8780000,0x00000000e9e80000)
 ParOldGen       total 208896K, used 36306K [0x0000000080000000, 0x000000008cc00000, 0x00000000d5580000)
  object space 208896K, 17% used [0x0000000080000000,0x0000000082374898,0x000000008cc00000)
 Metaspace       used 56695K, capacity 58926K, committed 59160K, reserved 1099776K
  class space    used 7755K, capacity 8198K, committed 8240K, reserved 1048576K
}

