# JRE version: OpenJDK Runtime Environment (8.0_242-b01) (build 1.8.0_242-release-1644-b01)
# Java VM: OpenJDK 64-Bit Server VM (25.242-b01 mixed mode windows-amd64 compressed oops)
Heap:
 PSYoungGen      total 349696K, used 70421K [0x00000000d5580000, 0x00000000f0e00000, 0x0000000100000000)
  eden space 326656K, 14% used [0x00000000d5580000,0x00000000d83cb700,0x00000000e9480000)
  from space 23040K, 99% used [0x00000000e9480000,0x00000000eaaf9e38,0x00000000eab00000)
  to   space 32256K, 0% used [0x00000000eee80000,0x00000000eee80000,0x00000000f0e00000)
 ParOldGen       total 213504K, used 51120K [0x0000000080000000, 0x000000008d080000, 0x00000000d5580000)
  object space 213504K, 23% used [0x0000000080000000,0x00000000831ec3b8,0x000000008d080000)
 Metaspace       used 77213K, capacity 80912K, committed 81304K, reserved 1120256K
  class space    used 10387K, capacity 11070K, committed 11184K, reserved 1048576K
GC Heap History (10 events):
Event: 2.664 GC heap before
{Heap before GC invocations=8 (full 2):
 PSYoungGen      total 233984K, used 8492K [0x00000000d5580000, 0x00000000e4b80000, 0x0000000100000000)
  eden space 218112K, 0% used [0x00000000d5580000,0x00000000d5580000,0x00000000e2a80000)
  from space 15872K, 53% used [0x00000000e3980000,0x00000000e41cb120,0x00000000e4900000)
  to   space 15360K, 0% used [0x00000000e2a80000,0x00000000e2a80000,0x00000000e3980000)
 ParOldGen       total 93696K, used 10722K [0x0000000080000000, 0x0000000085b80000, 0x00000000d5580000)
  object space 93696K, 11% used [0x0000000080000000,0x0000000080a78aa0,0x0000000085b80000)
 Metaspace       used 34347K, capacity 35432K, committed 35496K, reserved 1079296K
  class space    used 4729K, capacity 5007K, committed 5040K, reserved 1048576K
Event: 2.690 GC heap after
Heap after GC invocations=8 (full 2):
 PSYoungGen      total 233984K, used 0K [0x00000000d5580000, 0x00000000e4b80000, 0x0000000100000000)
  eden space 218112K, 0% used [0x00000000d5580000,0x00000000d5580000,0x00000000e2a80000)
  from space 15872K, 0% used [0x00000000e3980000,0x00000000e3980000,0x00000000e4900000)
  to   space 15360K, 0% used [0x00000000e2a80000,0x00000000e2a80000,0x00000000e3980000)
 ParOldGen       total 140288K, used 14995K [0x0000000080000000, 0x0000000088900000, 0x00000000d5580000)
  object space 140288K, 10% used [0x0000000080000000,0x0000000080ea4e60,0x0000000088900000)
 Metaspace       used 34347K, capacity 35432K, committed 35496K, reserved 1079296K
  class space    used 4729K, capacity 5007K, committed 5040K, reserved 1048576K
}
Event: 3.624 GC heap before
{Heap before GC invocations=9 (full 2):
 PSYoungGen      total 233984K, used 218112K [0x00000000d5580000, 0x00000000e4b80000, 0x0000000100000000)
  eden space 218112K, 100% used [0x00000000d5580000,0x00000000e2a80000,0x00000000e2a80000)
  from space 15872K, 0% used [0x00000000e3980000,0x00000000e3980000,0x00000000e4900000)
  to   space 15360K, 0% used [0x00000000e2a80000,0x00000000e2a80000,0x00000000e3980000)
 ParOldGen       total 140288K, used 14995K [0x0000000080000000, 0x0000000088900000, 0x00000000d5580000)
  object space 140288K, 10% used [0x0000000080000000,0x0000000080ea4e60,0x0000000088900000)
 Metaspace       used 45802K, capacity 47742K, committed 47912K, reserved 1091584K
  class space    used 6212K, capacity 6583K, committed 6704K, reserved 1048576K
Event: 3.633 GC heap after
Heap after GC invocations=9 (full 2):
 PSYoungGen      total 233472K, used 15351K [0x00000000d5580000, 0x00000000ebc80000, 0x0000000100000000)
  eden space 218112K, 0% used [0x00000000d5580000,0x00000000d5580000,0x00000000e2a80000)
  from space 15360K, 99% used [0x00000000e2a80000,0x00000000e397ded8,0x00000000e3980000)
  to   space 17920K, 0% used [0x00000000eab00000,0x00000000eab00000,0x00000000ebc80000)
 ParOldGen       total 140288K, used 16562K [0x0000000080000000, 0x0000000088900000, 0x00000000d5580000)
  object space 140288K, 11% used [0x0000000080000000,0x000000008102c978,0x0000000088900000)
 Metaspace       used 45802K, capacity 47742K, committed 47912K, reserved 1091584K
  class space    used 6212K, capacity 6583K, committed 6704K, reserved 1048576K
}
Event: 4.442 GC heap before
{Heap before GC invocations=10 (full 2):
 PSYoungGen      total 233472K, used 145364K [0x00000000d5580000, 0x00000000ebc80000, 0x0000000100000000)
  eden space 218112K, 59% used [0x00000000d5580000,0x00000000dd4774a0,0x00000000e2a80000)
  from space 15360K, 99% used [0x00000000e2a80000,0x00000000e397ded8,0x00000000e3980000)
  to   space 17920K, 0% used [0x00000000eab00000,0x00000000eab00000,0x00000000ebc80000)
 ParOldGen       total 140288K, used 16562K [0x0000000080000000, 0x0000000088900000, 0x00000000d5580000)
  object space 140288K, 11% used [0x0000000080000000,0x000000008102c978,0x0000000088900000)
 Metaspace       used 56515K, capacity 58898K, committed 59160K, reserved 1099776K
  class space    used 7743K, capacity 8210K, committed 8240K, reserved 1048576K
Event: 4.453 GC heap after
Heap after GC invocations=10 (full 2):
 PSYoungGen      total 344576K, used 17903K [0x00000000d5580000, 0x00000000ec180000, 0x0000000100000000)
  eden space 326656K, 0% used [0x00000000d5580000,0x00000000d5580000,0x00000000e9480000)
  from space 17920K, 99% used [0x00000000eab00000,0x00000000ebc7bd10,0x00000000ebc80000)
  to   space 23040K, 0% used [0x00000000e9480000,0x00000000e9480000,0x00000000eab00000)
 ParOldGen       total 140288K, used 22905K [0x0000000080000000, 0x0000000088900000, 0x00000000d5580000)
  object space 140288K, 16% used [0x0000000080000000,0x000000008165e728,0x0000000088900000)
 Metaspace       used 56515K, capacity 58898K, committed 59160K, reserved 1099776K
  class space    used 7743K, capacity 8210K, committed 8240K, reserved 1048576K
}
Event: 4.453 GC heap before
{Heap before GC invocations=11 (full 3):
 PSYoungGen      total 344576K, used 17903K [0x00000000d5580000, 0x00000000ec180000, 0x0000000100000000)
  eden space 326656K, 0% used [0x00000000d5580000,0x00000000d5580000,0x00000000e9480000)
  from space 17920K, 99% used [0x00000000eab00000,0x00000000ebc7bd10,0x00000000ebc80000)
  to   space 23040K, 0% used [0x00000000e9480000,0x00000000e9480000,0x00000000eab00000)
 ParOldGen       total 140288K, used 22905K [0x0000000080000000, 0x0000000088900000, 0x00000000d5580000)
  object space 140288K, 16% used [0x0000000080000000,0x000000008165e728,0x0000000088900000)
 Metaspace       used 56515K, capacity 58898K, committed 59160K, reserved 1099776K
  class space    used 7743K, capacity 8210K, committed 8240K, reserved 1048576K
Event: 4.606 GC heap after
Heap after GC invocations=11 (full 3):
 PSYoungGen      total 344576K, used 0K [0x00000000d5580000, 0x00000000ec180000, 0x0000000100000000)
  eden space 326656K, 0% used [0x00000000d5580000,0x00000000d5580000,0x00000000e9480000)
  from space 17920K, 0% used [0x00000000eab00000,0x00000000eab00000,0x00000000ebc80000)
  to   space 23040K, 0% used [0x00000000e9480000,0x00000000e9480000,0x00000000eab00000)
 ParOldGen       total 213504K, used 36212K [0x0000000080000000, 0x000000008d080000, 0x00000000d5580000)
  object space 213504K, 16% used [0x0000000080000000,0x000000008235d1d0,0x000000008d080000)
 Metaspace       used 56436K, capacity 58628K, committed 59160K, reserved 1099776K
  class space    used 7719K, capacity 8165K, committed 8240K, reserved 1048576K
}
Event: 6.603 GC heap before
{Heap before GC invocations=12 (full 3):
 PSYoungGen      total 344576K, used 326656K [0x00000000d5580000, 0x00000000ec180000, 0x0000000100000000)
  eden space 326656K, 100% used [0x00000000d5580000,0x00000000e9480000,0x00000000e9480000)
  from space 17920K, 0% used [0x00000000eab00000,0x00000000eab00000,0x00000000ebc80000)
  to   space 23040K, 0% used [0x00000000e9480000,0x00000000e9480000,0x00000000eab00000)
 ParOldGen       total 213504K, used 36212K [0x0000000080000000, 0x000000008d080000, 0x00000000d5580000)
  object space 213504K, 16% used [0x0000000080000000,0x000000008235d1d0,0x000000008d080000)
 Metaspace       used 76395K, capacity 80154K, committed 80408K, reserved 1118208K
  class space    used 10292K, capacity 10969K, committed 11056K, reserved 1048576K
Event: 6.626 GC heap after
Heap after GC invocations=12 (full 3):
 PSYoungGen      total 349696K, used 23015K [0x00000000d5580000, 0x00000000f0e00000, 0x0000000100000000)
  eden space 326656K, 0% used [0x00000000d5580000,0x00000000d5580000,0x00000000e9480000)
  from space 23040K, 99% used [0x00000000e9480000,0x00000000eaaf9e38,0x00000000eab00000)
  to   space 32256K, 0% used [0x00000000eee80000,0x00000000eee80000,0x00000000f0e00000)
 ParOldGen       total 213504K, used 51120K [0x0000000080000000, 0x000000008d080000, 0x00000000d5580000)
  object space 213504K, 23% used [0x0000000080000000,0x00000000831ec3b8,0x000000008d080000)
 Metaspace       used 76395K, capacity 80154K, committed 80408K, reserved 1118208K
  class space    used 10292K, capacity 10969K, committed 11056K, reserved 1048576K
}

