# JRE version: OpenJDK Runtime Environment (8.0_242-b01) (build 1.8.0_242-release-1644-b01)
# Java VM: OpenJDK 64-Bit Server VM (25.242-b01 mixed mode windows-amd64 compressed oops)
Heap:
 PSYoungGen      total 258560K, used 240746K [0x00000000d5580000, 0x00000000eaa80000, 0x0000000100000000)
  eden space 233984K, 92% used [0x00000000d5580000,0x00000000e289c398,0x00000000e3a00000)
  from space 24576K, 99% used [0x00000000e3a00000,0x00000000e51fe4c8,0x00000000e5200000)
  to   space 39424K, 0% used [0x00000000e8400000,0x00000000e8400000,0x00000000eaa80000)
 ParOldGen       total 212480K, used 66308K [0x0000000080000000, 0x000000008cf80000, 0x00000000d5580000)
  object space 212480K, 31% used [0x0000000080000000,0x00000000840c12e8,0x000000008cf80000)
 Metaspace       used 82861K, capacity 87016K, committed 87064K, reserved 1124352K
  class space    used 10803K, capacity 11568K, committed 11568K, reserved 1048576K
GC Heap History (10 events):
Event: 4.641 GC heap before
{Heap before GC invocations=12 (full 2):
 PSYoungGen      total 187904K, used 62922K [0x00000000d5580000, 0x00000000e4080000, 0x0000000100000000)
  eden space 176128K, 29% used [0x00000000d5580000,0x00000000d8773708,0x00000000e0180000)
  from space 11776K, 99% used [0x00000000e0180000,0x00000000e0cff300,0x00000000e0d00000)
  to   space 17408K, 0% used [0x00000000e2f80000,0x00000000e2f80000,0x00000000e4080000)
 ParOldGen       total 140288K, used 26950K [0x0000000080000000, 0x0000000088900000, 0x00000000d5580000)
  object space 140288K, 19% used [0x0000000080000000,0x0000000081a51910,0x0000000088900000)
 Metaspace       used 56778K, capacity 59150K, committed 59160K, reserved 1099776K
  class space    used 7777K, capacity 8236K, committed 8240K, reserved 1048576K
Event: 4.649 GC heap after
Heap after GC invocations=12 (full 2):
 PSYoungGen      total 221184K, used 17380K [0x00000000d5580000, 0x00000000e5a80000, 0x0000000100000000)
  eden space 203776K, 0% used [0x00000000d5580000,0x00000000d5580000,0x00000000e1c80000)
  from space 17408K, 99% used [0x00000000e2f80000,0x00000000e4079190,0x00000000e4080000)
  to   space 19456K, 0% used [0x00000000e1c80000,0x00000000e1c80000,0x00000000e2f80000)
 ParOldGen       total 140288K, used 27055K [0x0000000080000000, 0x0000000088900000, 0x00000000d5580000)
  object space 140288K, 19% used [0x0000000080000000,0x0000000081a6be10,0x0000000088900000)
 Metaspace       used 56778K, capacity 59150K, committed 59160K, reserved 1099776K
  class space    used 7777K, capacity 8236K, committed 8240K, reserved 1048576K
}
Event: 4.649 GC heap before
{Heap before GC invocations=13 (full 3):
 PSYoungGen      total 221184K, used 17380K [0x00000000d5580000, 0x00000000e5a80000, 0x0000000100000000)
  eden space 203776K, 0% used [0x00000000d5580000,0x00000000d5580000,0x00000000e1c80000)
  from space 17408K, 99% used [0x00000000e2f80000,0x00000000e4079190,0x00000000e4080000)
  to   space 19456K, 0% used [0x00000000e1c80000,0x00000000e1c80000,0x00000000e2f80000)
 ParOldGen       total 140288K, used 27055K [0x0000000080000000, 0x0000000088900000, 0x00000000d5580000)
  object space 140288K, 19% used [0x0000000080000000,0x0000000081a6be10,0x0000000088900000)
 Metaspace       used 56778K, capacity 59150K, committed 59160K, reserved 1099776K
  class space    used 7777K, capacity 8236K, committed 8240K, reserved 1048576K
Event: 4.794 GC heap after
Heap after GC invocations=13 (full 3):
 PSYoungGen      total 221184K, used 0K [0x00000000d5580000, 0x00000000e5a80000, 0x0000000100000000)
  eden space 203776K, 0% used [0x00000000d5580000,0x00000000d5580000,0x00000000e1c80000)
  from space 17408K, 0% used [0x00000000e2f80000,0x00000000e2f80000,0x00000000e4080000)
  to   space 19456K, 0% used [0x00000000e1c80000,0x00000000e1c80000,0x00000000e2f80000)
 ParOldGen       total 212480K, used 31955K [0x0000000080000000, 0x000000008cf80000, 0x00000000d5580000)
  object space 212480K, 15% used [0x0000000080000000,0x0000000081f34c50,0x000000008cf80000)
 Metaspace       used 56710K, capacity 58922K, committed 59160K, reserved 1099776K
  class space    used 7757K, capacity 8198K, committed 8240K, reserved 1048576K
}
Event: 5.857 GC heap before
{Heap before GC invocations=14 (full 3):
 PSYoungGen      total 221184K, used 203776K [0x00000000d5580000, 0x00000000e5a80000, 0x0000000100000000)
  eden space 203776K, 100% used [0x00000000d5580000,0x00000000e1c80000,0x00000000e1c80000)
  from space 17408K, 0% used [0x00000000e2f80000,0x00000000e2f80000,0x00000000e4080000)
  to   space 19456K, 0% used [0x00000000e1c80000,0x00000000e1c80000,0x00000000e2f80000)
 ParOldGen       total 212480K, used 31955K [0x0000000080000000, 0x000000008cf80000, 0x00000000d5580000)
  object space 212480K, 15% used [0x0000000080000000,0x0000000081f34c50,0x000000008cf80000)
 Metaspace       used 63892K, capacity 67482K, committed 67736K, reserved 1107968K
  class space    used 8867K, capacity 9544K, committed 9648K, reserved 1048576K
Event: 5.866 GC heap after
Heap after GC invocations=14 (full 3):
 PSYoungGen      total 223232K, used 16842K [0x00000000d5580000, 0x00000000e6980000, 0x0000000100000000)
  eden space 203776K, 0% used [0x00000000d5580000,0x00000000d5580000,0x00000000e1c80000)
  from space 19456K, 86% used [0x00000000e1c80000,0x00000000e2cf2980,0x00000000e2f80000)
  to   space 20992K, 0% used [0x00000000e5500000,0x00000000e5500000,0x00000000e6980000)
 ParOldGen       total 212480K, used 31963K [0x0000000080000000, 0x000000008cf80000, 0x00000000d5580000)
  object space 212480K, 15% used [0x0000000080000000,0x0000000081f36c50,0x000000008cf80000)
 Metaspace       used 63892K, capacity 67482K, committed 67736K, reserved 1107968K
  class space    used 8867K, capacity 9544K, committed 9648K, reserved 1048576K
}
Event: 29.367 GC heap before
{Heap before GC invocations=15 (full 3):
 PSYoungGen      total 223232K, used 220618K [0x00000000d5580000, 0x00000000e6980000, 0x0000000100000000)
  eden space 203776K, 100% used [0x00000000d5580000,0x00000000e1c80000,0x00000000e1c80000)
  from space 19456K, 86% used [0x00000000e1c80000,0x00000000e2cf2980,0x00000000e2f80000)
  to   space 20992K, 0% used [0x00000000e5500000,0x00000000e5500000,0x00000000e6980000)
 ParOldGen       total 212480K, used 31963K [0x0000000080000000, 0x000000008cf80000, 0x00000000d5580000)
  object space 212480K, 15% used [0x0000000080000000,0x0000000081f36c50,0x000000008cf80000)
 Metaspace       used 68051K, capacity 71872K, committed 72088K, reserved 1112064K
  class space    used 9147K, capacity 9823K, committed 9904K, reserved 1048576K
Event: 29.382 GC heap after
Heap after GC invocations=15 (full 3):
 PSYoungGen      total 254976K, used 20989K [0x00000000d5580000, 0x00000000e6a00000, 0x0000000100000000)
  eden space 233984K, 0% used [0x00000000d5580000,0x00000000d5580000,0x00000000e3a00000)
  from space 20992K, 99% used [0x00000000e5500000,0x00000000e697f510,0x00000000e6980000)
  to   space 24576K, 0% used [0x00000000e3a00000,0x00000000e3a00000,0x00000000e5200000)
 ParOldGen       total 212480K, used 34690K [0x0000000080000000, 0x000000008cf80000, 0x00000000d5580000)
  object space 212480K, 16% used [0x0000000080000000,0x00000000821e0aa8,0x000000008cf80000)
 Metaspace       used 68051K, capacity 71872K, committed 72088K, reserved 1112064K
  class space    used 9147K, capacity 9823K, committed 9904K, reserved 1048576K
}
Event: 30.810 GC heap before
{Heap before GC invocations=16 (full 3):
 PSYoungGen      total 254976K, used 254973K [0x00000000d5580000, 0x00000000e6a00000, 0x0000000100000000)
  eden space 233984K, 100% used [0x00000000d5580000,0x00000000e3a00000,0x00000000e3a00000)
  from space 20992K, 99% used [0x00000000e5500000,0x00000000e697f510,0x00000000e6980000)
  to   space 24576K, 0% used [0x00000000e3a00000,0x00000000e3a00000,0x00000000e5200000)
 ParOldGen       total 212480K, used 34690K [0x0000000080000000, 0x000000008cf80000, 0x00000000d5580000)
  object space 212480K, 16% used [0x0000000080000000,0x00000000821e0aa8,0x000000008cf80000)
 Metaspace       used 81469K, capacity 85568K, committed 85784K, reserved 1124352K
  class space    used 10685K, capacity 11444K, committed 11568K, reserved 1048576K
Event: 30.832 GC heap after
Heap after GC invocations=16 (full 3):
 PSYoungGen      total 258560K, used 24569K [0x00000000d5580000, 0x00000000eaa80000, 0x0000000100000000)
  eden space 233984K, 0% used [0x00000000d5580000,0x00000000d5580000,0x00000000e3a00000)
  from space 24576K, 99% used [0x00000000e3a00000,0x00000000e51fe4c8,0x00000000e5200000)
  to   space 39424K, 0% used [0x00000000e8400000,0x00000000e8400000,0x00000000eaa80000)
 ParOldGen       total 212480K, used 66308K [0x0000000080000000, 0x000000008cf80000, 0x00000000d5580000)
  object space 212480K, 31% used [0x0000000080000000,0x00000000840c12e8,0x000000008cf80000)
 Metaspace       used 81469K, capacity 85568K, committed 85784K, reserved 1124352K
  class space    used 10685K, capacity 11444K, committed 11568K, reserved 1048576K
}

