# JRE version: OpenJDK Runtime Environment (8.0_242-b01) (build 1.8.0_242-release-1644-b01)
# Java VM: OpenJDK 64-Bit Server VM (25.242-b01 mixed mode windows-amd64 compressed oops)
Heap:
 PSYoungGen      total 410112K, used 333320K [0x00000000d5580000, 0x00000000f6e80000, 0x0000000100000000)
  eden space 310272K, 92% used [0x00000000d5580000,0x00000000e6e92fc0,0x00000000e8480000)
  from space 99840K, 45% used [0x00000000e8480000,0x00000000eb0ef1c8,0x00000000ee600000)
  to   space 96256K, 0% used [0x00000000f1080000,0x00000000f1080000,0x00000000f6e80000)
 ParOldGen       total 377856K, used 94554K [0x0000000080000000, 0x0000000097100000, 0x00000000d5580000)
  object space 377856K, 25% used [0x0000000080000000,0x0000000085c56b90,0x0000000097100000)
 Metaspace       used 104779K, capacity 109556K, committed 110360K, reserved 1144832K
  class space    used 13534K, capacity 14456K, committed 14640K, reserved 1048576K
GC Heap History (10 events):
Event: 303.130 GC heap before
{Heap before GC invocations=19 (full 3):
 PSYoungGen      total 313856K, used 211451K [0x00000000d5580000, 0x00000000f0700000, 0x0000000100000000)
  eden space 249344K, 59% used [0x00000000d5580000,0x00000000de6b5910,0x00000000e4900000)
  from space 64512K, 97% used [0x00000000e4900000,0x00000000e8649690,0x00000000e8800000)
  to   space 74752K, 0% used [0x00000000ebe00000,0x00000000ebe00000,0x00000000f0700000)
 ParOldGen       total 230400K, used 127857K [0x0000000080000000, 0x000000008e100000, 0x00000000d5580000)
  object space 230400K, 55% used [0x0000000080000000,0x0000000087cdc520,0x000000008e100000)
 Metaspace       used 93263K, capacity 98396K, committed 98584K, reserved 1134592K
  class space    used 12379K, capacity 13314K, committed 13360K, reserved 1048576K
Event: 303.190 GC heap after
Heap after GC invocations=19 (full 3):
 PSYoungGen      total 354816K, used 74751K [0x00000000d5580000, 0x00000000f2e00000, 0x0000000100000000)
  eden space 280064K, 0% used [0x00000000d5580000,0x00000000d5580000,0x00000000e6700000)
  from space 74752K, 99% used [0x00000000ebe00000,0x00000000f06ffe70,0x00000000f0700000)
  to   space 89088K, 0% used [0x00000000e6700000,0x00000000e6700000,0x00000000ebe00000)
 ParOldGen       total 230400K, used 132861K [0x0000000080000000, 0x000000008e100000, 0x00000000d5580000)
  object space 230400K, 57% used [0x0000000080000000,0x00000000881bf460,0x000000008e100000)
 Metaspace       used 93263K, capacity 98396K, committed 98584K, reserved 1134592K
  class space    used 12379K, capacity 13314K, committed 13360K, reserved 1048576K
}
Event: 303.190 GC heap before
{Heap before GC invocations=20 (full 4):
 PSYoungGen      total 354816K, used 74751K [0x00000000d5580000, 0x00000000f2e00000, 0x0000000100000000)
  eden space 280064K, 0% used [0x00000000d5580000,0x00000000d5580000,0x00000000e6700000)
  from space 74752K, 99% used [0x00000000ebe00000,0x00000000f06ffe70,0x00000000f0700000)
  to   space 89088K, 0% used [0x00000000e6700000,0x00000000e6700000,0x00000000ebe00000)
 ParOldGen       total 230400K, used 132861K [0x0000000080000000, 0x000000008e100000, 0x00000000d5580000)
  object space 230400K, 57% used [0x0000000080000000,0x00000000881bf460,0x000000008e100000)
 Metaspace       used 93263K, capacity 98396K, committed 98584K, reserved 1134592K
  class space    used 12379K, capacity 13314K, committed 13360K, reserved 1048576K
Event: 303.349 GC heap after
Heap after GC invocations=20 (full 4):
 PSYoungGen      total 354816K, used 0K [0x00000000d5580000, 0x00000000f2e00000, 0x0000000100000000)
  eden space 280064K, 0% used [0x00000000d5580000,0x00000000d5580000,0x00000000e6700000)
  from space 74752K, 0% used [0x00000000ebe00000,0x00000000ebe00000,0x00000000f0700000)
  to   space 89088K, 0% used [0x00000000e6700000,0x00000000e6700000,0x00000000ebe00000)
 ParOldGen       total 377856K, used 86850K [0x0000000080000000, 0x0000000097100000, 0x00000000d5580000)
  object space 377856K, 22% used [0x0000000080000000,0x00000000854d0950,0x0000000097100000)
 Metaspace       used 92677K, capacity 96724K, committed 98584K, reserved 1134592K
  class space    used 12186K, capacity 12974K, committed 13360K, reserved 1048576K
}
Event: 304.205 GC heap before
{Heap before GC invocations=21 (full 4):
 PSYoungGen      total 354816K, used 280064K [0x00000000d5580000, 0x00000000f2e00000, 0x0000000100000000)
  eden space 280064K, 100% used [0x00000000d5580000,0x00000000e6700000,0x00000000e6700000)
  from space 74752K, 0% used [0x00000000ebe00000,0x00000000ebe00000,0x00000000f0700000)
  to   space 89088K, 0% used [0x00000000e6700000,0x00000000e6700000,0x00000000ebe00000)
 ParOldGen       total 377856K, used 86850K [0x0000000080000000, 0x0000000097100000, 0x00000000d5580000)
  object space 377856K, 22% used [0x0000000080000000,0x00000000854d0950,0x0000000097100000)
 Metaspace       used 93420K, capacity 97474K, committed 99352K, reserved 1134592K
  class space    used 12243K, capacity 13021K, committed 13360K, reserved 1048576K
Event: 304.218 GC heap after
Heap after GC invocations=21 (full 4):
 PSYoungGen      total 369152K, used 33375K [0x00000000d5580000, 0x00000000f3780000, 0x0000000100000000)
  eden space 280064K, 0% used [0x00000000d5580000,0x00000000d5580000,0x00000000e6700000)
  from space 89088K, 37% used [0x00000000e6700000,0x00000000e8797e88,0x00000000ebe00000)
  to   space 83456K, 0% used [0x00000000ee600000,0x00000000ee600000,0x00000000f3780000)
 ParOldGen       total 377856K, used 86858K [0x0000000080000000, 0x0000000097100000, 0x00000000d5580000)
  object space 377856K, 22% used [0x0000000080000000,0x00000000854d2950,0x0000000097100000)
 Metaspace       used 93420K, capacity 97474K, committed 99352K, reserved 1134592K
  class space    used 12243K, capacity 13021K, committed 13360K, reserved 1048576K
}
Event: 305.347 GC heap before
{Heap before GC invocations=22 (full 4):
 PSYoungGen      total 369152K, used 313439K [0x00000000d5580000, 0x00000000f3780000, 0x0000000100000000)
  eden space 280064K, 100% used [0x00000000d5580000,0x00000000e6700000,0x00000000e6700000)
  from space 89088K, 37% used [0x00000000e6700000,0x00000000e8797e88,0x00000000ebe00000)
  to   space 83456K, 0% used [0x00000000ee600000,0x00000000ee600000,0x00000000f3780000)
 ParOldGen       total 377856K, used 86858K [0x0000000080000000, 0x0000000097100000, 0x00000000d5580000)
  object space 377856K, 22% used [0x0000000080000000,0x00000000854d2950,0x0000000097100000)
 Metaspace       used 96430K, capacity 100972K, committed 102040K, reserved 1138688K
  class space    used 12678K, capacity 13522K, committed 13744K, reserved 1048576K
Event: 305.384 GC heap after
Heap after GC invocations=22 (full 4):
 PSYoungGen      total 393728K, used 83429K [0x00000000d5580000, 0x00000000f5b00000, 0x0000000100000000)
  eden space 310272K, 0% used [0x00000000d5580000,0x00000000d5580000,0x00000000e8480000)
  from space 83456K, 99% used [0x00000000ee600000,0x00000000f3779758,0x00000000f3780000)
  to   space 99840K, 0% used [0x00000000e8480000,0x00000000e8480000,0x00000000ee600000)
 ParOldGen       total 377856K, used 94546K [0x0000000080000000, 0x0000000097100000, 0x00000000d5580000)
  object space 377856K, 25% used [0x0000000080000000,0x0000000085c54b90,0x0000000097100000)
 Metaspace       used 96430K, capacity 100972K, committed 102040K, reserved 1138688K
  class space    used 12678K, capacity 13522K, committed 13744K, reserved 1048576K
}
Event: 532.629 GC heap before
{Heap before GC invocations=23 (full 4):
 PSYoungGen      total 393728K, used 393701K [0x00000000d5580000, 0x00000000f5b00000, 0x0000000100000000)
  eden space 310272K, 100% used [0x00000000d5580000,0x00000000e8480000,0x00000000e8480000)
  from space 83456K, 99% used [0x00000000ee600000,0x00000000f3779758,0x00000000f3780000)
  to   space 99840K, 0% used [0x00000000e8480000,0x00000000e8480000,0x00000000ee600000)
 ParOldGen       total 377856K, used 94546K [0x0000000080000000, 0x0000000097100000, 0x00000000d5580000)
  object space 377856K, 25% used [0x0000000080000000,0x0000000085c54b90,0x0000000097100000)
 Metaspace       used 97506K, capacity 102004K, committed 103192K, reserved 1138688K
  class space    used 12764K, capacity 13612K, committed 13872K, reserved 1048576K
Event: 532.648 GC heap after
Heap after GC invocations=23 (full 4):
 PSYoungGen      total 410112K, used 45500K [0x00000000d5580000, 0x00000000f6e80000, 0x0000000100000000)
  eden space 310272K, 0% used [0x00000000d5580000,0x00000000d5580000,0x00000000e8480000)
  from space 99840K, 45% used [0x00000000e8480000,0x00000000eb0ef1c8,0x00000000ee600000)
  to   space 96256K, 0% used [0x00000000f1080000,0x00000000f1080000,0x00000000f6e80000)
 ParOldGen       total 377856K, used 94554K [0x0000000080000000, 0x0000000097100000, 0x00000000d5580000)
  object space 377856K, 25% used [0x0000000080000000,0x0000000085c56b90,0x0000000097100000)
 Metaspace       used 97506K, capacity 102004K, committed 103192K, reserved 1138688K
  class space    used 12764K, capacity 13612K, committed 13872K, reserved 1048576K
}

