# JRE version: OpenJDK Runtime Environment (8.0_242-b01) (build 1.8.0_242-release-1644-b01)
# Java VM: OpenJDK 64-Bit Server VM (25.242-b01 mixed mode windows-amd64 compressed oops)
Heap:
 PSYoungGen      total 576512K, used 510189K [0x00000000d5580000, 0x0000000100000000, 0x0000000100000000)
  eden space 450560K, 100% used [0x00000000d5580000,0x00000000f0d80000,0x00000000f0d80000)
  from space 125952K, 47% used [0x00000000f8500000,0x00000000fbf3b5e8,0x0000000100000000)
  to   space 122368K, 88% used [0x00000000f0d80000,0x00000000f77bdf70,0x00000000f8500000)
 ParOldGen       total 399872K, used 137383K [0x0000000080000000, 0x0000000098680000, 0x00000000d5580000)
  object space 399872K, 34% used [0x0000000080000000,0x0000000088629fd8,0x0000000098680000)
 Metaspace       used 142490K, capacity 148964K, committed 149016K, reserved 1179648K
  class space    used 17369K, capacity 18480K, committed 18480K, reserved 1048576K
GC Heap History (10 events):
Event: 962.461 GC heap after
Heap after GC invocations=18 (full 4):
 PSYoungGen      total 573440K, used 21696K [0x00000000d5580000, 0x00000000fdb00000, 0x0000000100000000)
  eden space 519680K, 0% used [0x00000000d5580000,0x00000000d5580000,0x00000000f5100000)
  from space 53760K, 40% used [0x00000000fa680000,0x00000000fbbb00a0,0x00000000fdb00000)
  to   space 70656K, 0% used [0x00000000f5100000,0x00000000f5100000,0x00000000f9600000)
 ParOldGen       total 399872K, used 78809K [0x0000000080000000, 0x0000000098680000, 0x00000000d5580000)
  object space 399872K, 19% used [0x0000000080000000,0x0000000084cf6410,0x0000000098680000)
 Metaspace       used 112585K, capacity 117582K, committed 117912K, reserved 1153024K
  class space    used 14251K, capacity 15191K, committed 15280K, reserved 1048576K
}
Event: 964.440 GC heap before
{Heap before GC invocations=19 (full 4):
 PSYoungGen      total 573440K, used 541376K [0x00000000d5580000, 0x00000000fdb00000, 0x0000000100000000)
  eden space 519680K, 100% used [0x00000000d5580000,0x00000000f5100000,0x00000000f5100000)
  from space 53760K, 40% used [0x00000000fa680000,0x00000000fbbb00a0,0x00000000fdb00000)
  to   space 70656K, 0% used [0x00000000f5100000,0x00000000f5100000,0x00000000f9600000)
 ParOldGen       total 399872K, used 78809K [0x0000000080000000, 0x0000000098680000, 0x00000000d5580000)
  object space 399872K, 19% used [0x0000000080000000,0x0000000084cf6410,0x0000000098680000)
 Metaspace       used 119931K, capacity 125272K, committed 125336K, reserved 1159168K
  class space    used 15018K, capacity 15992K, committed 16048K, reserved 1048576K
Event: 964.492 GC heap after
Heap after GC invocations=19 (full 4):
 PSYoungGen      total 590336K, used 70654K [0x00000000d5580000, 0x0000000100000000, 0x0000000100000000)
  eden space 519680K, 0% used [0x00000000d5580000,0x00000000d5580000,0x00000000f5100000)
  from space 70656K, 99% used [0x00000000f5100000,0x00000000f95ffae0,0x00000000f9600000)
  to   space 96768K, 0% used [0x00000000fa180000,0x00000000fa180000,0x0000000100000000)
 ParOldGen       total 399872K, used 118851K [0x0000000080000000, 0x0000000098680000, 0x00000000d5580000)
  object space 399872K, 29% used [0x0000000080000000,0x0000000087410cb0,0x0000000098680000)
 Metaspace       used 119931K, capacity 125272K, committed 125336K, reserved 1159168K
  class space    used 15018K, capacity 15992K, committed 16048K, reserved 1048576K
}
Event: 1067.775 GC heap before
{Heap before GC invocations=20 (full 4):
 PSYoungGen      total 590336K, used 590334K [0x00000000d5580000, 0x0000000100000000, 0x0000000100000000)
  eden space 519680K, 100% used [0x00000000d5580000,0x00000000f5100000,0x00000000f5100000)
  from space 70656K, 99% used [0x00000000f5100000,0x00000000f95ffae0,0x00000000f9600000)
  to   space 96768K, 0% used [0x00000000fa180000,0x00000000fa180000,0x0000000100000000)
 ParOldGen       total 399872K, used 118851K [0x0000000080000000, 0x0000000098680000, 0x00000000d5580000)
  object space 399872K, 29% used [0x0000000080000000,0x0000000087410cb0,0x0000000098680000)
 Metaspace       used 127640K, capacity 133340K, committed 133656K, reserved 1165312K
  class space    used 15819K, capacity 16854K, committed 16944K, reserved 1048576K
Event: 1067.826 GC heap after
Heap after GC invocations=20 (full 4):
 PSYoungGen      total 556032K, used 96755K [0x00000000d5580000, 0x0000000100000000, 0x0000000100000000)
  eden space 459264K, 0% used [0x00000000d5580000,0x00000000d5580000,0x00000000f1600000)
  from space 96768K, 99% used [0x00000000fa180000,0x00000000ffffcc98,0x0000000100000000)
  to   space 119808K, 0% used [0x00000000f1600000,0x00000000f1600000,0x00000000f8b00000)
 ParOldGen       total 399872K, used 137359K [0x0000000080000000, 0x0000000098680000, 0x00000000d5580000)
  object space 399872K, 34% used [0x0000000080000000,0x0000000088623fd8,0x0000000098680000)
 Metaspace       used 127640K, capacity 133340K, committed 133656K, reserved 1165312K
  class space    used 15819K, capacity 16854K, committed 16944K, reserved 1048576K
}
Event: 1615.381 GC heap before
{Heap before GC invocations=21 (full 4):
 PSYoungGen      total 556032K, used 556019K [0x00000000d5580000, 0x0000000100000000, 0x0000000100000000)
  eden space 459264K, 100% used [0x00000000d5580000,0x00000000f1600000,0x00000000f1600000)
  from space 96768K, 99% used [0x00000000fa180000,0x00000000ffffcc98,0x0000000100000000)
  to   space 119808K, 0% used [0x00000000f1600000,0x00000000f1600000,0x00000000f8b00000)
 ParOldGen       total 399872K, used 137359K [0x0000000080000000, 0x0000000098680000, 0x00000000d5580000)
  object space 399872K, 34% used [0x0000000080000000,0x0000000088623fd8,0x0000000098680000)
 Metaspace       used 134944K, capacity 141186K, committed 141464K, reserved 1173504K
  class space    used 16625K, capacity 17725K, committed 17840K, reserved 1048576K
Event: 1615.419 GC heap after
Heap after GC invocations=21 (full 4):
 PSYoungGen      total 542208K, used 82657K [0x00000000d5580000, 0x0000000100000000, 0x0000000100000000)
  eden space 459264K, 0% used [0x00000000d5580000,0x00000000d5580000,0x00000000f1600000)
  from space 82944K, 99% used [0x00000000f1600000,0x00000000f66b8788,0x00000000f6700000)
  to   space 125952K, 0% used [0x00000000f8500000,0x00000000f8500000,0x0000000100000000)
 ParOldGen       total 399872K, used 137367K [0x0000000080000000, 0x0000000098680000, 0x00000000d5580000)
  object space 399872K, 34% used [0x0000000080000000,0x0000000088625fd8,0x0000000098680000)
 Metaspace       used 134944K, capacity 141186K, committed 141464K, reserved 1173504K
  class space    used 16625K, capacity 17725K, committed 17840K, reserved 1048576K
}
Event: 1749.460 GC heap before
{Heap before GC invocations=22 (full 4):
 PSYoungGen      total 542208K, used 541919K [0x00000000d5580000, 0x0000000100000000, 0x0000000100000000)
  eden space 459264K, 99% used [0x00000000d5580000,0x00000000f15ff4b8,0x00000000f1600000)
  from space 82944K, 99% used [0x00000000f1600000,0x00000000f66b8788,0x00000000f6700000)
  to   space 125952K, 0% used [0x00000000f8500000,0x00000000f8500000,0x0000000100000000)
 ParOldGen       total 399872K, used 137367K [0x0000000080000000, 0x0000000098680000, 0x00000000d5580000)
  object space 399872K, 34% used [0x0000000080000000,0x0000000088625fd8,0x0000000098680000)
 Metaspace       used 135232K, capacity 141452K, committed 141720K, reserved 1173504K
  class space    used 16629K, capacity 17732K, committed 17840K, reserved 1048576K
Event: 1749.492 GC heap after
Heap after GC invocations=22 (full 4):
 PSYoungGen      total 576512K, used 59629K [0x00000000d5580000, 0x0000000100000000, 0x0000000100000000)
  eden space 450560K, 0% used [0x00000000d5580000,0x00000000d5580000,0x00000000f0d80000)
  from space 125952K, 47% used [0x00000000f8500000,0x00000000fbf3b5e8,0x0000000100000000)
  to   space 122368K, 0% used [0x00000000f0d80000,0x00000000f0d80000,0x00000000f8500000)
 ParOldGen       total 399872K, used 137375K [0x0000000080000000, 0x0000000098680000, 0x00000000d5580000)
  object space 399872K, 34% used [0x0000000080000000,0x0000000088627fd8,0x0000000098680000)
 Metaspace       used 135232K, capacity 141452K, committed 141720K, reserved 1173504K
  class space    used 16629K, capacity 17732K, committed 17840K, reserved 1048576K
}
Event: 1751.086 GC heap before
{Heap before GC invocations=23 (full 4):
 PSYoungGen      total 576512K, used 510189K [0x00000000d5580000, 0x0000000100000000, 0x0000000100000000)
  eden space 450560K, 100% used [0x00000000d5580000,0x00000000f0d80000,0x00000000f0d80000)
  from space 125952K, 47% used [0x00000000f8500000,0x00000000fbf3b5e8,0x0000000100000000)
  to   space 122368K, 0% used [0x00000000f0d80000,0x00000000f0d80000,0x00000000f8500000)
 ParOldGen       total 399872K, used 137375K [0x0000000080000000, 0x0000000098680000, 0x00000000d5580000)
  object space 399872K, 34% used [0x0000000080000000,0x0000000088627fd8,0x0000000098680000)
 Metaspace       used 142490K, capacity 148964K, committed 149016K, reserved 1179648K
  class space    used 17369K, capacity 18480K, committed 18480K, reserved 1048576K

