# JRE version: OpenJDK Runtime Environment (8.0_242-b01) (build 1.8.0_242-release-1644-b01)
# Java VM: OpenJDK 64-Bit Server VM (25.242-b01 mixed mode windows-amd64 compressed oops)
Heap:
 PSYoungGen      total 163840K, used 98778K [0x00000000d5580000, 0x00000000e1580000, 0x0000000100000000)
  eden space 156160K, 58% used [0x00000000d5580000,0x00000000daec3c20,0x00000000dee00000)
  from space 7680K, 95% used [0x00000000e0e00000,0x00000000e1532ea0,0x00000000e1580000)
  to   space 11264K, 0% used [0x00000000dff80000,0x00000000dff80000,0x00000000e0a80000)
 ParOldGen       total 142336K, used 14501K [0x0000000080000000, 0x0000000088b00000, 0x00000000d5580000)
  object space 142336K, 10% used [0x0000000080000000,0x0000000080e296d0,0x0000000088b00000)
 Metaspace       used 46607K, capacity 48446K, committed 48680K, reserved 1091584K
  class space    used 6308K, capacity 6673K, committed 6696K, reserved 1048576K
GC Heap History (10 events):
Event: 4.254 GC heap before
{Heap before GC invocations=6 (full 1):
 PSYoungGen      total 75776K, used 65024K [0x00000000d5580000, 0x00000000de980000, 0x0000000100000000)
  eden space 65024K, 100% used [0x00000000d5580000,0x00000000d9500000,0x00000000d9500000)
  from space 10752K, 0% used [0x00000000d9f80000,0x00000000d9f80000,0x00000000daa00000)
  to   space 10752K, 0% used [0x00000000d9500000,0x00000000d9500000,0x00000000d9f80000)
 ParOldGen       total 95744K, used 7247K [0x0000000080000000, 0x0000000085d80000, 0x00000000d5580000)
  object space 95744K, 7% used [0x0000000080000000,0x0000000080713dc0,0x0000000085d80000)
 Metaspace       used 28845K, capacity 29708K, committed 29872K, reserved 1075200K
  class space    used 3996K, capacity 4231K, committed 4272K, reserved 1048576K
Event: 4.259 GC heap after
Heap after GC invocations=6 (full 1):
 PSYoungGen      total 75776K, used 8629K [0x00000000d5580000, 0x00000000dd300000, 0x0000000100000000)
  eden space 65024K, 0% used [0x00000000d5580000,0x00000000d5580000,0x00000000d9500000)
  from space 10752K, 80% used [0x00000000d9500000,0x00000000d9d6d5c0,0x00000000d9f80000)
  to   space 11776K, 0% used [0x00000000dc780000,0x00000000dc780000,0x00000000dd300000)
 ParOldGen       total 95744K, used 7255K [0x0000000080000000, 0x0000000085d80000, 0x00000000d5580000)
  object space 95744K, 7% used [0x0000000080000000,0x0000000080715dc0,0x0000000085d80000)
 Metaspace       used 28845K, capacity 29708K, committed 29872K, reserved 1075200K
  class space    used 3996K, capacity 4231K, committed 4272K, reserved 1048576K
}
Event: 5.086 GC heap before
{Heap before GC invocations=7 (full 1):
 PSYoungGen      total 75776K, used 73653K [0x00000000d5580000, 0x00000000dd300000, 0x0000000100000000)
  eden space 65024K, 100% used [0x00000000d5580000,0x00000000d9500000,0x00000000d9500000)
  from space 10752K, 80% used [0x00000000d9500000,0x00000000d9d6d5c0,0x00000000d9f80000)
  to   space 11776K, 0% used [0x00000000dc780000,0x00000000dc780000,0x00000000dd300000)
 ParOldGen       total 95744K, used 7255K [0x0000000080000000, 0x0000000085d80000, 0x00000000d5580000)
  object space 95744K, 7% used [0x0000000080000000,0x0000000080715dc0,0x0000000085d80000)
 Metaspace       used 32950K, capacity 34024K, committed 34224K, reserved 1079296K
  class space    used 4497K, capacity 4761K, committed 4784K, reserved 1048576K
Event: 5.098 GC heap after
Heap after GC invocations=7 (full 1):
 PSYoungGen      total 114688K, used 9205K [0x00000000d5580000, 0x00000000dd200000, 0x0000000100000000)
  eden space 103936K, 0% used [0x00000000d5580000,0x00000000d5580000,0x00000000dbb00000)
  from space 10752K, 85% used [0x00000000dc780000,0x00000000dd07d7e0,0x00000000dd200000)
  to   space 11776K, 0% used [0x00000000dbb00000,0x00000000dbb00000,0x00000000dc680000)
 ParOldGen       total 95744K, used 7263K [0x0000000080000000, 0x0000000085d80000, 0x00000000d5580000)
  object space 95744K, 7% used [0x0000000080000000,0x0000000080717dc0,0x0000000085d80000)
 Metaspace       used 32950K, capacity 34024K, committed 34224K, reserved 1079296K
  class space    used 4497K, capacity 4761K, committed 4784K, reserved 1048576K
}
Event: 5.367 GC heap before
{Heap before GC invocations=8 (full 1):
 PSYoungGen      total 114688K, used 38586K [0x00000000d5580000, 0x00000000dd200000, 0x0000000100000000)
  eden space 103936K, 28% used [0x00000000d5580000,0x00000000d7231060,0x00000000dbb00000)
  from space 10752K, 85% used [0x00000000dc780000,0x00000000dd07d7e0,0x00000000dd200000)
  to   space 11776K, 0% used [0x00000000dbb00000,0x00000000dbb00000,0x00000000dc680000)
 ParOldGen       total 95744K, used 7263K [0x0000000080000000, 0x0000000085d80000, 0x00000000d5580000)
  object space 95744K, 7% used [0x0000000080000000,0x0000000080717dc0,0x0000000085d80000)
 Metaspace       used 34348K, capacity 35432K, committed 35496K, reserved 1079296K
  class space    used 4723K, capacity 5007K, committed 5032K, reserved 1048576K
Event: 5.384 GC heap after
Heap after GC invocations=8 (full 1):
 PSYoungGen      total 115712K, used 8068K [0x00000000d5580000, 0x00000000e1980000, 0x0000000100000000)
  eden space 103936K, 0% used [0x00000000d5580000,0x00000000d5580000,0x00000000dbb00000)
  from space 11776K, 68% used [0x00000000dbb00000,0x00000000dc2e1380,0x00000000dc680000)
  to   space 11776K, 0% used [0x00000000e0e00000,0x00000000e0e00000,0x00000000e1980000)
 ParOldGen       total 95744K, used 7271K [0x0000000080000000, 0x0000000085d80000, 0x00000000d5580000)
  object space 95744K, 7% used [0x0000000080000000,0x0000000080719dc0,0x0000000085d80000)
 Metaspace       used 34348K, capacity 35432K, committed 35496K, reserved 1079296K
  class space    used 4723K, capacity 5007K, committed 5032K, reserved 1048576K
}
Event: 5.384 GC heap before
{Heap before GC invocations=9 (full 2):
 PSYoungGen      total 115712K, used 8068K [0x00000000d5580000, 0x00000000e1980000, 0x0000000100000000)
  eden space 103936K, 0% used [0x00000000d5580000,0x00000000d5580000,0x00000000dbb00000)
  from space 11776K, 68% used [0x00000000dbb00000,0x00000000dc2e1380,0x00000000dc680000)
  to   space 11776K, 0% used [0x00000000e0e00000,0x00000000e0e00000,0x00000000e1980000)
 ParOldGen       total 95744K, used 7271K [0x0000000080000000, 0x0000000085d80000, 0x00000000d5580000)
  object space 95744K, 7% used [0x0000000080000000,0x0000000080719dc0,0x0000000085d80000)
 Metaspace       used 34348K, capacity 35432K, committed 35496K, reserved 1079296K
  class space    used 4723K, capacity 5007K, committed 5032K, reserved 1048576K
Event: 5.450 GC heap after
Heap after GC invocations=9 (full 2):
 PSYoungGen      total 115712K, used 0K [0x00000000d5580000, 0x00000000e1980000, 0x0000000100000000)
  eden space 103936K, 0% used [0x00000000d5580000,0x00000000d5580000,0x00000000dbb00000)
  from space 11776K, 0% used [0x00000000dbb00000,0x00000000dbb00000,0x00000000dc680000)
  to   space 11776K, 0% used [0x00000000e0e00000,0x00000000e0e00000,0x00000000e1980000)
 ParOldGen       total 142336K, used 14493K [0x0000000080000000, 0x0000000088b00000, 0x00000000d5580000)
  object space 142336K, 10% used [0x0000000080000000,0x0000000080e276d0,0x0000000088b00000)
 Metaspace       used 34348K, capacity 35432K, committed 35496K, reserved 1079296K
  class space    used 4723K, capacity 5007K, committed 5032K, reserved 1048576K
}
Event: 6.217 GC heap before
{Heap before GC invocations=10 (full 2):
 PSYoungGen      total 115712K, used 103936K [0x00000000d5580000, 0x00000000e1980000, 0x0000000100000000)
  eden space 103936K, 100% used [0x00000000d5580000,0x00000000dbb00000,0x00000000dbb00000)
  from space 11776K, 0% used [0x00000000dbb00000,0x00000000dbb00000,0x00000000dc680000)
  to   space 11776K, 0% used [0x00000000e0e00000,0x00000000e0e00000,0x00000000e1980000)
 ParOldGen       total 142336K, used 14493K [0x0000000080000000, 0x0000000088b00000, 0x00000000d5580000)
  object space 142336K, 10% used [0x0000000080000000,0x0000000080e276d0,0x0000000088b00000)
 Metaspace       used 37399K, capacity 39134K, committed 39336K, reserved 1083392K
  class space    used 5160K, capacity 5527K, committed 5544K, reserved 1048576K
Event: 6.224 GC heap after
Heap after GC invocations=10 (full 2):
 PSYoungGen      total 163840K, used 7371K [0x00000000d5580000, 0x00000000e1580000, 0x0000000100000000)
  eden space 156160K, 0% used [0x00000000d5580000,0x00000000d5580000,0x00000000dee00000)
  from space 7680K, 95% used [0x00000000e0e00000,0x00000000e1532ea0,0x00000000e1580000)
  to   space 11264K, 0% used [0x00000000dff80000,0x00000000dff80000,0x00000000e0a80000)
 ParOldGen       total 142336K, used 14501K [0x0000000080000000, 0x0000000088b00000, 0x00000000d5580000)
  object space 142336K, 10% used [0x0000000080000000,0x0000000080e296d0,0x0000000088b00000)
 Metaspace       used 37399K, capacity 39134K, committed 39336K, reserved 1083392K
  class space    used 5160K, capacity 5527K, committed 5544K, reserved 1048576K
}

