# JRE version: OpenJDK Runtime Environment (8.0_242-b01) (build 1.8.0_242-release-1644-b01)
# Java VM: OpenJDK 64-Bit Server VM (25.242-b01 mixed mode windows-amd64 compressed oops)
Heap:
 PSYoungGen      total 430080K, used 367698K [0x00000000d5580000, 0x00000000f7d80000, 0x0000000100000000)
  eden space 373760K, 97% used [0x00000000d5580000,0x00000000eb9ddde8,0x00000000ec280000)
  from space 56320K, 4% used [0x00000000ec280000,0x00000000ec536c40,0x00000000ef980000)
  to   space 56832K, 0% used [0x00000000f4600000,0x00000000f4600000,0x00000000f7d80000)
 ParOldGen       total 332288K, used 93138K [0x0000000080000000, 0x0000000094480000, 0x00000000d5580000)
  object space 332288K, 28% used [0x0000000080000000,0x0000000085af4b10,0x0000000094480000)
 Metaspace       used 99789K, capacity 105007K, committed 106136K, reserved 1140736K
  class space    used 12935K, capacity 13884K, committed 14256K, reserved 1048576K
GC Heap History (10 events):
Event: 253.339 GC heap before
{Heap before GC invocations=13 (full 3):
 PSYoungGen      total 352768K, used 352548K [0x00000000d5580000, 0x00000000f1880000, 0x0000000100000000)
  eden space 329216K, 100% used [0x00000000d5580000,0x00000000e9700000,0x00000000e9700000)
  from space 23552K, 99% used [0x00000000e9700000,0x00000000eadc9198,0x00000000eae00000)
  to   space 26624K, 0% used [0x00000000efe80000,0x00000000efe80000,0x00000000f1880000)
 ParOldGen       total 199680K, used 35950K [0x0000000080000000, 0x000000008c300000, 0x00000000d5580000)
  object space 199680K, 18% used [0x0000000080000000,0x000000008231ba58,0x000000008c300000)
 Metaspace       used 68505K, capacity 71714K, committed 71960K, reserved 1112064K
  class space    used 9070K, capacity 9680K, committed 9776K, reserved 1048576K
Event: 253.353 GC heap after
Heap after GC invocations=13 (full 3):
 PSYoungGen      total 419840K, used 24106K [0x00000000d5580000, 0x00000000f1680000, 0x0000000100000000)
  eden space 395264K, 0% used [0x00000000d5580000,0x00000000d5580000,0x00000000ed780000)
  from space 24576K, 98% used [0x00000000efe80000,0x00000000f160abb8,0x00000000f1680000)
  to   space 29696K, 0% used [0x00000000edc80000,0x00000000edc80000,0x00000000ef980000)
 ParOldGen       total 199680K, used 35958K [0x0000000080000000, 0x000000008c300000, 0x00000000d5580000)
  object space 199680K, 18% used [0x0000000080000000,0x000000008231da58,0x000000008c300000)
 Metaspace       used 68505K, capacity 71714K, committed 71960K, reserved 1112064K
  class space    used 9070K, capacity 9680K, committed 9776K, reserved 1048576K
}
Event: 525.864 GC heap before
{Heap before GC invocations=14 (full 3):
 PSYoungGen      total 419840K, used 419370K [0x00000000d5580000, 0x00000000f1680000, 0x0000000100000000)
  eden space 395264K, 100% used [0x00000000d5580000,0x00000000ed780000,0x00000000ed780000)
  from space 24576K, 98% used [0x00000000efe80000,0x00000000f160abb8,0x00000000f1680000)
  to   space 29696K, 0% used [0x00000000edc80000,0x00000000edc80000,0x00000000ef980000)
 ParOldGen       total 199680K, used 35958K [0x0000000080000000, 0x000000008c300000, 0x00000000d5580000)
  object space 199680K, 18% used [0x0000000080000000,0x000000008231da58,0x000000008c300000)
 Metaspace       used 83329K, capacity 87052K, committed 87320K, reserved 1124352K
  class space    used 10737K, capacity 11454K, committed 11568K, reserved 1048576K
Event: 525.890 GC heap after
Heap after GC invocations=14 (full 3):
 PSYoungGen      total 411136K, used 29665K [0x00000000d5580000, 0x00000000f1500000, 0x0000000100000000)
  eden space 381440K, 0% used [0x00000000d5580000,0x00000000d5580000,0x00000000eca00000)
  from space 29696K, 99% used [0x00000000edc80000,0x00000000ef978528,0x00000000ef980000)
  to   space 28160K, 0% used [0x00000000ef980000,0x00000000ef980000,0x00000000f1500000)
 ParOldGen       total 199680K, used 49386K [0x0000000080000000, 0x000000008c300000, 0x00000000d5580000)
  object space 199680K, 24% used [0x0000000080000000,0x000000008303ab08,0x000000008c300000)
 Metaspace       used 83329K, capacity 87052K, committed 87320K, reserved 1124352K
  class space    used 10737K, capacity 11454K, committed 11568K, reserved 1048576K
}
Event: 526.945 GC heap before
{Heap before GC invocations=15 (full 3):
 PSYoungGen      total 411136K, used 321698K [0x00000000d5580000, 0x00000000f1500000, 0x0000000100000000)
  eden space 381440K, 76% used [0x00000000d5580000,0x00000000e72b0360,0x00000000eca00000)
  from space 29696K, 99% used [0x00000000edc80000,0x00000000ef978528,0x00000000ef980000)
  to   space 28160K, 0% used [0x00000000ef980000,0x00000000ef980000,0x00000000f1500000)
 ParOldGen       total 199680K, used 49386K [0x0000000080000000, 0x000000008c300000, 0x00000000d5580000)
  object space 199680K, 24% used [0x0000000080000000,0x000000008303ab08,0x000000008c300000)
 Metaspace       used 92856K, capacity 98553K, committed 98600K, reserved 1134592K
  class space    used 12373K, capacity 13441K, committed 13488K, reserved 1048576K
Event: 526.966 GC heap after
Heap after GC invocations=15 (full 3):
 PSYoungGen      total 401920K, used 28156K [0x00000000d5580000, 0x00000000f8380000, 0x0000000100000000)
  eden space 373760K, 0% used [0x00000000d5580000,0x00000000d5580000,0x00000000ec280000)
  from space 28160K, 99% used [0x00000000ef980000,0x00000000f14ff260,0x00000000f1500000)
  to   space 56320K, 0% used [0x00000000ec280000,0x00000000ec280000,0x00000000ef980000)
 ParOldGen       total 199680K, used 92789K [0x0000000080000000, 0x000000008c300000, 0x00000000d5580000)
  object space 199680K, 46% used [0x0000000080000000,0x0000000085a9d6f8,0x000000008c300000)
 Metaspace       used 92856K, capacity 98553K, committed 98600K, reserved 1134592K
  class space    used 12373K, capacity 13441K, committed 13488K, reserved 1048576K
}
Event: 526.966 GC heap before
{Heap before GC invocations=16 (full 4):
 PSYoungGen      total 401920K, used 28156K [0x00000000d5580000, 0x00000000f8380000, 0x0000000100000000)
  eden space 373760K, 0% used [0x00000000d5580000,0x00000000d5580000,0x00000000ec280000)
  from space 28160K, 99% used [0x00000000ef980000,0x00000000f14ff260,0x00000000f1500000)
  to   space 56320K, 0% used [0x00000000ec280000,0x00000000ec280000,0x00000000ef980000)
 ParOldGen       total 199680K, used 92789K [0x0000000080000000, 0x000000008c300000, 0x00000000d5580000)
  object space 199680K, 46% used [0x0000000080000000,0x0000000085a9d6f8,0x000000008c300000)
 Metaspace       used 92856K, capacity 98553K, committed 98600K, reserved 1134592K
  class space    used 12373K, capacity 13441K, committed 13488K, reserved 1048576K
Event: 527.092 GC heap after
Heap after GC invocations=16 (full 4):
 PSYoungGen      total 401920K, used 0K [0x00000000d5580000, 0x00000000f8380000, 0x0000000100000000)
  eden space 373760K, 0% used [0x00000000d5580000,0x00000000d5580000,0x00000000ec280000)
  from space 28160K, 0% used [0x00000000ef980000,0x00000000ef980000,0x00000000f1500000)
  to   space 56320K, 0% used [0x00000000ec280000,0x00000000ec280000,0x00000000ef980000)
 ParOldGen       total 332288K, used 93130K [0x0000000080000000, 0x0000000094480000, 0x00000000d5580000)
  object space 332288K, 28% used [0x0000000080000000,0x0000000085af2b10,0x0000000094480000)
 Metaspace       used 91932K, capacity 96315K, committed 98600K, reserved 1134592K
  class space    used 12052K, capacity 12872K, committed 13488K, reserved 1048576K
}
Event: 529.484 GC heap before
{Heap before GC invocations=17 (full 4):
 PSYoungGen      total 401920K, used 373760K [0x00000000d5580000, 0x00000000f8380000, 0x0000000100000000)
  eden space 373760K, 100% used [0x00000000d5580000,0x00000000ec280000,0x00000000ec280000)
  from space 28160K, 0% used [0x00000000ef980000,0x00000000ef980000,0x00000000f1500000)
  to   space 56320K, 0% used [0x00000000ec280000,0x00000000ec280000,0x00000000ef980000)
 ParOldGen       total 332288K, used 93130K [0x0000000080000000, 0x0000000094480000, 0x00000000d5580000)
  object space 332288K, 28% used [0x0000000080000000,0x0000000085af2b10,0x0000000094480000)
 Metaspace       used 93961K, capacity 98885K, committed 100504K, reserved 1136640K
  class space    used 12324K, capacity 13223K, committed 13744K, reserved 1048576K
Event: 529.488 GC heap after
Heap after GC invocations=17 (full 4):
 PSYoungGen      total 430080K, used 2779K [0x00000000d5580000, 0x00000000f7d80000, 0x0000000100000000)
  eden space 373760K, 0% used [0x00000000d5580000,0x00000000d5580000,0x00000000ec280000)
  from space 56320K, 4% used [0x00000000ec280000,0x00000000ec536c40,0x00000000ef980000)
  to   space 56832K, 0% used [0x00000000f4600000,0x00000000f4600000,0x00000000f7d80000)
 ParOldGen       total 332288K, used 93138K [0x0000000080000000, 0x0000000094480000, 0x00000000d5580000)
  object space 332288K, 28% used [0x0000000080000000,0x0000000085af4b10,0x0000000094480000)
 Metaspace       used 93961K, capacity 98885K, committed 100504K, reserved 1136640K
  class space    used 12324K, capacity 13223K, committed 13744K, reserved 1048576K
}

