# JRE version: OpenJDK Runtime Environment (8.0_242-b01) (build 1.8.0_242-release-1644-b01)
# Java VM: OpenJDK 64-Bit Server VM (25.242-b01 mixed mode windows-amd64 compressed oops)
Heap:
 PSYoungGen      total 395264K, used 395233K [0x00000000d5580000, 0x00000000f3700000, 0x0000000100000000)
  eden space 367616K, 100% used [0x00000000d5580000,0x00000000ebc80000,0x00000000ebc80000)
  from space 27648K, 99% used [0x00000000eec00000,0x00000000f06f8610,0x00000000f0700000)
  to   space 48640K, 35% used [0x00000000ebc80000,0x00000000ecd8d0f8,0x00000000eec00000)
 ParOldGen       total 212992K, used 114670K [0x0000000080000000, 0x000000008d000000, 0x00000000d5580000)
  object space 212992K, 53% used [0x0000000080000000,0x0000000086ffb978,0x000000008d000000)
 Metaspace       used 78985K, capacity 84172K, committed 84376K, reserved 1122304K
  class space    used 11027K, capacity 11939K, committed 11952K, reserved 1048576K
GC Heap History (10 events):
Event: 3.823 GC heap after
Heap after GC invocations=9 (full 2):
 PSYoungGen      total 232448K, used 14827K [0x00000000d5580000, 0x00000000ebb00000, 0x0000000100000000)
  eden space 217600K, 0% used [0x00000000d5580000,0x00000000d5580000,0x00000000e2a00000)
  from space 14848K, 99% used [0x00000000e2a00000,0x00000000e387ae38,0x00000000e3880000)
  to   space 16896K, 0% used [0x00000000eaa80000,0x00000000eaa80000,0x00000000ebb00000)
 ParOldGen       total 139776K, used 14778K [0x0000000080000000, 0x0000000088880000, 0x00000000d5580000)
  object space 139776K, 10% used [0x0000000080000000,0x0000000080e6e8e0,0x0000000088880000)
 Metaspace       used 45448K, capacity 47376K, committed 47528K, reserved 1089536K
  class space    used 6160K, capacity 6512K, committed 6576K, reserved 1048576K
}
Event: 4.691 GC heap before
{Heap before GC invocations=10 (full 2):
 PSYoungGen      total 232448K, used 157854K [0x00000000d5580000, 0x00000000ebb00000, 0x0000000100000000)
  eden space 217600K, 65% used [0x00000000d5580000,0x00000000de12cad0,0x00000000e2a00000)
  from space 14848K, 99% used [0x00000000e2a00000,0x00000000e387ae38,0x00000000e3880000)
  to   space 16896K, 0% used [0x00000000eaa80000,0x00000000eaa80000,0x00000000ebb00000)
 ParOldGen       total 139776K, used 14778K [0x0000000080000000, 0x0000000088880000, 0x00000000d5580000)
  object space 139776K, 10% used [0x0000000080000000,0x0000000080e6e8e0,0x0000000088880000)
 Metaspace       used 56556K, capacity 59020K, committed 59160K, reserved 1099776K
  class space    used 7755K, capacity 8233K, committed 8240K, reserved 1048576K
Event: 4.703 GC heap after
Heap after GC invocations=10 (full 2):
 PSYoungGen      total 343552K, used 16880K [0x00000000d5580000, 0x00000000ec100000, 0x0000000100000000)
  eden space 326656K, 0% used [0x00000000d5580000,0x00000000d5580000,0x00000000e9480000)
  from space 16896K, 99% used [0x00000000eaa80000,0x00000000ebafc108,0x00000000ebb00000)
  to   space 22528K, 0% used [0x00000000e9480000,0x00000000e9480000,0x00000000eaa80000)
 ParOldGen       total 139776K, used 22425K [0x0000000080000000, 0x0000000088880000, 0x00000000d5580000)
  object space 139776K, 16% used [0x0000000080000000,0x00000000815e6610,0x0000000088880000)
 Metaspace       used 56556K, capacity 59020K, committed 59160K, reserved 1099776K
  class space    used 7755K, capacity 8233K, committed 8240K, reserved 1048576K
}
Event: 4.703 GC heap before
{Heap before GC invocations=11 (full 3):
 PSYoungGen      total 343552K, used 16880K [0x00000000d5580000, 0x00000000ec100000, 0x0000000100000000)
  eden space 326656K, 0% used [0x00000000d5580000,0x00000000d5580000,0x00000000e9480000)
  from space 16896K, 99% used [0x00000000eaa80000,0x00000000ebafc108,0x00000000ebb00000)
  to   space 22528K, 0% used [0x00000000e9480000,0x00000000e9480000,0x00000000eaa80000)
 ParOldGen       total 139776K, used 22425K [0x0000000080000000, 0x0000000088880000, 0x00000000d5580000)
  object space 139776K, 16% used [0x0000000080000000,0x00000000815e6610,0x0000000088880000)
 Metaspace       used 56556K, capacity 59020K, committed 59160K, reserved 1099776K
  class space    used 7755K, capacity 8233K, committed 8240K, reserved 1048576K
Event: 4.843 GC heap after
Heap after GC invocations=11 (full 3):
 PSYoungGen      total 343552K, used 0K [0x00000000d5580000, 0x00000000ec100000, 0x0000000100000000)
  eden space 326656K, 0% used [0x00000000d5580000,0x00000000d5580000,0x00000000e9480000)
  from space 16896K, 0% used [0x00000000eaa80000,0x00000000eaa80000,0x00000000ebb00000)
  to   space 22528K, 0% used [0x00000000e9480000,0x00000000e9480000,0x00000000eaa80000)
 ParOldGen       total 212992K, used 36332K [0x0000000080000000, 0x000000008d000000, 0x00000000d5580000)
  object space 212992K, 17% used [0x0000000080000000,0x000000008237b1d8,0x000000008d000000)
 Metaspace       used 56488K, capacity 58792K, committed 59160K, reserved 1099776K
  class space    used 7734K, capacity 8195K, committed 8240K, reserved 1048576K
}
Event: 6.210 GC heap before
{Heap before GC invocations=12 (full 3):
 PSYoungGen      total 343552K, used 326656K [0x00000000d5580000, 0x00000000ec100000, 0x0000000100000000)
  eden space 326656K, 100% used [0x00000000d5580000,0x00000000e9480000,0x00000000e9480000)
  from space 16896K, 0% used [0x00000000eaa80000,0x00000000eaa80000,0x00000000ebb00000)
  to   space 22528K, 0% used [0x00000000e9480000,0x00000000e9480000,0x00000000eaa80000)
 ParOldGen       total 212992K, used 36332K [0x0000000080000000, 0x000000008d000000, 0x00000000d5580000)
  object space 212992K, 17% used [0x0000000080000000,0x000000008237b1d8,0x000000008d000000)
 Metaspace       used 64883K, capacity 68490K, committed 68760K, reserved 1107968K
  class space    used 8954K, capacity 9620K, committed 9648K, reserved 1048576K
Event: 6.224 GC heap after
Heap after GC invocations=12 (full 3):
 PSYoungGen      total 349184K, used 22524K [0x00000000d5580000, 0x00000000f0700000, 0x0000000100000000)
  eden space 326656K, 0% used [0x00000000d5580000,0x00000000d5580000,0x00000000e9480000)
  from space 22528K, 99% used [0x00000000e9480000,0x00000000eaa7f1b8,0x00000000eaa80000)
  to   space 27648K, 0% used [0x00000000eec00000,0x00000000eec00000,0x00000000f0700000)
 ParOldGen       total 212992K, used 40956K [0x0000000080000000, 0x000000008d000000, 0x00000000d5580000)
  object space 212992K, 19% used [0x0000000080000000,0x00000000827ff078,0x000000008d000000)
 Metaspace       used 64883K, capacity 68490K, committed 68760K, reserved 1107968K
  class space    used 8954K, capacity 9620K, committed 9648K, reserved 1048576K
}
Event: 7.259 GC heap before
{Heap before GC invocations=13 (full 3):
 PSYoungGen      total 349184K, used 349147K [0x00000000d5580000, 0x00000000f0700000, 0x0000000100000000)
  eden space 326656K, 99% used [0x00000000d5580000,0x00000000e9477e28,0x00000000e9480000)
  from space 22528K, 99% used [0x00000000e9480000,0x00000000eaa7f1b8,0x00000000eaa80000)
  to   space 27648K, 0% used [0x00000000eec00000,0x00000000eec00000,0x00000000f0700000)
 ParOldGen       total 212992K, used 40956K [0x0000000080000000, 0x000000008d000000, 0x00000000d5580000)
  object space 212992K, 19% used [0x0000000080000000,0x00000000827ff078,0x000000008d000000)
 Metaspace       used 74056K, capacity 78864K, committed 79128K, reserved 1118208K
  class space    used 10379K, capacity 11249K, committed 11312K, reserved 1048576K
Event: 7.290 GC heap after
Heap after GC invocations=13 (full 3):
 PSYoungGen      total 395264K, used 27617K [0x00000000d5580000, 0x00000000f3700000, 0x0000000100000000)
  eden space 367616K, 0% used [0x00000000d5580000,0x00000000d5580000,0x00000000ebc80000)
  from space 27648K, 99% used [0x00000000eec00000,0x00000000f06f8610,0x00000000f0700000)
  to   space 48640K, 0% used [0x00000000ebc80000,0x00000000ebc80000,0x00000000eec00000)
 ParOldGen       total 212992K, used 87973K [0x0000000080000000, 0x000000008d000000, 0x00000000d5580000)
  object space 212992K, 41% used [0x0000000080000000,0x00000000855e9560,0x000000008d000000)
 Metaspace       used 74056K, capacity 78864K, committed 79128K, reserved 1118208K
  class space    used 10379K, capacity 11249K, committed 11312K, reserved 1048576K
}
Event: 9.047 GC heap before
{Heap before GC invocations=14 (full 3):
 PSYoungGen      total 395264K, used 395233K [0x00000000d5580000, 0x00000000f3700000, 0x0000000100000000)
  eden space 367616K, 100% used [0x00000000d5580000,0x00000000ebc80000,0x00000000ebc80000)
  from space 27648K, 99% used [0x00000000eec00000,0x00000000f06f8610,0x00000000f0700000)
  to   space 48640K, 0% used [0x00000000ebc80000,0x00000000ebc80000,0x00000000eec00000)
 ParOldGen       total 212992K, used 87973K [0x0000000080000000, 0x000000008d000000, 0x00000000d5580000)
  object space 212992K, 41% used [0x0000000080000000,0x00000000855e9560,0x000000008d000000)
 Metaspace       used 78985K, capacity 84172K, committed 84376K, reserved 1122304K
  class space    used 11027K, capacity 11939K, committed 11952K, reserved 1048576K

