# JRE version: OpenJDK Runtime Environment (8.0_242-b01) (build 1.8.0_242-release-1644-b01)
# Java VM: OpenJDK 64-Bit Server VM (25.242-b01 mixed mode windows-amd64 compressed oops)
Heap:
 PSYoungGen      total 221696K, used 134502K [0x00000000d5580000, 0x00000000e4880000, 0x0000000100000000)
  eden space 201728K, 56% used [0x00000000d5580000,0x00000000dc578c18,0x00000000e1a80000)
  from space 19968K, 99% used [0x00000000e3180000,0x00000000e44ff768,0x00000000e4500000)
  to   space 23552K, 0% used [0x00000000e1a80000,0x00000000e1a80000,0x00000000e3180000)
 ParOldGen       total 237568K, used 35048K [0x0000000080000000, 0x000000008e800000, 0x00000000d5580000)
  object space 237568K, 14% used [0x0000000080000000,0x000000008223a118,0x000000008e800000)
 Metaspace       used 72053K, capacity 75396K, committed 75544K, reserved 1114112K
  class space    used 9607K, capacity 10239K, committed 10288K, reserved 1048576K
GC Heap History (10 events):
Event: 5.024 GC heap before
{Heap before GC invocations=11 (full 2):
 PSYoungGen      total 152064K, used 151909K [0x00000000d5580000, 0x00000000e0a80000, 0x0000000100000000)
  eden space 144384K, 100% used [0x00000000d5580000,0x00000000de280000,0x00000000de280000)
  from space 7680K, 97% used [0x00000000e0300000,0x00000000e0a595d0,0x00000000e0a80000)
  to   space 11264K, 0% used [0x00000000df480000,0x00000000df480000,0x00000000dff80000)
 ParOldGen       total 156160K, used 14534K [0x0000000080000000, 0x0000000089880000, 0x00000000d5580000)
  object space 156160K, 9% used [0x0000000080000000,0x0000000080e31be8,0x0000000089880000)
 Metaspace       used 51209K, capacity 53312K, committed 53416K, reserved 1095680K
  class space    used 6856K, capacity 7272K, committed 7344K, reserved 1048576K
Event: 5.035 GC heap after
Heap after GC invocations=11 (full 2):
 PSYoungGen      total 174080K, used 11252K [0x00000000d5580000, 0x00000000e2600000, 0x0000000100000000)
  eden space 162816K, 0% used [0x00000000d5580000,0x00000000d5580000,0x00000000df480000)
  from space 11264K, 99% used [0x00000000df480000,0x00000000dff7d300,0x00000000dff80000)
  to   space 16896K, 0% used [0x00000000e1580000,0x00000000e1580000,0x00000000e2600000)
 ParOldGen       total 156160K, used 25538K [0x0000000080000000, 0x0000000089880000, 0x00000000d5580000)
  object space 156160K, 16% used [0x0000000080000000,0x00000000818f0828,0x0000000089880000)
 Metaspace       used 51209K, capacity 53312K, committed 53416K, reserved 1095680K
  class space    used 6856K, capacity 7272K, committed 7344K, reserved 1048576K
}
Event: 6.200 GC heap before
{Heap before GC invocations=12 (full 2):
 PSYoungGen      total 174080K, used 72095K [0x00000000d5580000, 0x00000000e2600000, 0x0000000100000000)
  eden space 162816K, 37% used [0x00000000d5580000,0x00000000d90eac90,0x00000000df480000)
  from space 11264K, 99% used [0x00000000df480000,0x00000000dff7d300,0x00000000dff80000)
  to   space 16896K, 0% used [0x00000000e1580000,0x00000000e1580000,0x00000000e2600000)
 ParOldGen       total 156160K, used 25538K [0x0000000080000000, 0x0000000089880000, 0x00000000d5580000)
  object space 156160K, 16% used [0x0000000080000000,0x00000000818f0828,0x0000000089880000)
 Metaspace       used 56721K, capacity 59106K, committed 59160K, reserved 1099776K
  class space    used 7765K, capacity 8228K, committed 8240K, reserved 1048576K
Event: 6.210 GC heap after
Heap after GC invocations=12 (full 2):
 PSYoungGen      total 194048K, used 16864K [0x00000000d5580000, 0x00000000e3e00000, 0x0000000100000000)
  eden space 177152K, 0% used [0x00000000d5580000,0x00000000d5580000,0x00000000e0280000)
  from space 16896K, 99% used [0x00000000e1580000,0x00000000e25f8368,0x00000000e2600000)
  to   space 19456K, 0% used [0x00000000e0280000,0x00000000e0280000,0x00000000e1580000)
 ParOldGen       total 156160K, used 27011K [0x0000000080000000, 0x0000000089880000, 0x00000000d5580000)
  object space 156160K, 17% used [0x0000000080000000,0x0000000081a60e00,0x0000000089880000)
 Metaspace       used 56721K, capacity 59106K, committed 59160K, reserved 1099776K
  class space    used 7765K, capacity 8228K, committed 8240K, reserved 1048576K
}
Event: 6.210 GC heap before
{Heap before GC invocations=13 (full 3):
 PSYoungGen      total 194048K, used 16864K [0x00000000d5580000, 0x00000000e3e00000, 0x0000000100000000)
  eden space 177152K, 0% used [0x00000000d5580000,0x00000000d5580000,0x00000000e0280000)
  from space 16896K, 99% used [0x00000000e1580000,0x00000000e25f8368,0x00000000e2600000)
  to   space 19456K, 0% used [0x00000000e0280000,0x00000000e0280000,0x00000000e1580000)
 ParOldGen       total 156160K, used 27011K [0x0000000080000000, 0x0000000089880000, 0x00000000d5580000)
  object space 156160K, 17% used [0x0000000080000000,0x0000000081a60e00,0x0000000089880000)
 Metaspace       used 56721K, capacity 59106K, committed 59160K, reserved 1099776K
  class space    used 7765K, capacity 8228K, committed 8240K, reserved 1048576K
Event: 6.354 GC heap after
Heap after GC invocations=13 (full 3):
 PSYoungGen      total 194048K, used 0K [0x00000000d5580000, 0x00000000e3e00000, 0x0000000100000000)
  eden space 177152K, 0% used [0x00000000d5580000,0x00000000d5580000,0x00000000e0280000)
  from space 16896K, 0% used [0x00000000e1580000,0x00000000e1580000,0x00000000e2600000)
  to   space 19456K, 0% used [0x00000000e0280000,0x00000000e0280000,0x00000000e1580000)
 ParOldGen       total 237568K, used 32715K [0x0000000080000000, 0x000000008e800000, 0x00000000d5580000)
  object space 237568K, 13% used [0x0000000080000000,0x0000000081ff2e30,0x000000008e800000)
 Metaspace       used 56668K, capacity 58926K, committed 59160K, reserved 1099776K
  class space    used 7748K, capacity 8198K, committed 8240K, reserved 1048576K
}
Event: 8.578 GC heap before
{Heap before GC invocations=14 (full 3):
 PSYoungGen      total 194048K, used 177152K [0x00000000d5580000, 0x00000000e3e00000, 0x0000000100000000)
  eden space 177152K, 100% used [0x00000000d5580000,0x00000000e0280000,0x00000000e0280000)
  from space 16896K, 0% used [0x00000000e1580000,0x00000000e1580000,0x00000000e2600000)
  to   space 19456K, 0% used [0x00000000e0280000,0x00000000e0280000,0x00000000e1580000)
 ParOldGen       total 237568K, used 32715K [0x0000000080000000, 0x000000008e800000, 0x00000000d5580000)
  object space 237568K, 13% used [0x0000000080000000,0x0000000081ff2e30,0x000000008e800000)
 Metaspace       used 63489K, capacity 66508K, committed 66712K, reserved 1105920K
  class space    used 8764K, capacity 9361K, committed 9392K, reserved 1048576K
Event: 8.589 GC heap after
Heap after GC invocations=14 (full 3):
 PSYoungGen      total 196608K, used 15461K [0x00000000d5580000, 0x00000000e4500000, 0x0000000100000000)
  eden space 177152K, 0% used [0x00000000d5580000,0x00000000d5580000,0x00000000e0280000)
  from space 19456K, 79% used [0x00000000e0280000,0x00000000e1199528,0x00000000e1580000)
  to   space 19968K, 0% used [0x00000000e3180000,0x00000000e3180000,0x00000000e4500000)
 ParOldGen       total 237568K, used 32723K [0x0000000080000000, 0x000000008e800000, 0x00000000d5580000)
  object space 237568K, 13% used [0x0000000080000000,0x0000000081ff4e30,0x000000008e800000)
 Metaspace       used 63489K, capacity 66508K, committed 66712K, reserved 1105920K
  class space    used 8764K, capacity 9361K, committed 9392K, reserved 1048576K
}
Event: 11.835 GC heap before
{Heap before GC invocations=15 (full 3):
 PSYoungGen      total 196608K, used 192613K [0x00000000d5580000, 0x00000000e4500000, 0x0000000100000000)
  eden space 177152K, 100% used [0x00000000d5580000,0x00000000e0280000,0x00000000e0280000)
  from space 19456K, 79% used [0x00000000e0280000,0x00000000e1199528,0x00000000e1580000)
  to   space 19968K, 0% used [0x00000000e3180000,0x00000000e3180000,0x00000000e4500000)
 ParOldGen       total 237568K, used 32723K [0x0000000080000000, 0x000000008e800000, 0x00000000d5580000)
  object space 237568K, 13% used [0x0000000080000000,0x0000000081ff4e30,0x000000008e800000)
 Metaspace       used 68499K, capacity 71764K, committed 71960K, reserved 1112064K
  class space    used 9371K, capacity 9991K, committed 10032K, reserved 1048576K
Event: 11.848 GC heap after
Heap after GC invocations=15 (full 3):
 PSYoungGen      total 221696K, used 19965K [0x00000000d5580000, 0x00000000e4880000, 0x0000000100000000)
  eden space 201728K, 0% used [0x00000000d5580000,0x00000000d5580000,0x00000000e1a80000)
  from space 19968K, 99% used [0x00000000e3180000,0x00000000e44ff768,0x00000000e4500000)
  to   space 23552K, 0% used [0x00000000e1a80000,0x00000000e1a80000,0x00000000e3180000)
 ParOldGen       total 237568K, used 35048K [0x0000000080000000, 0x000000008e800000, 0x00000000d5580000)
  object space 237568K, 14% used [0x0000000080000000,0x000000008223a118,0x000000008e800000)
 Metaspace       used 68499K, capacity 71764K, committed 71960K, reserved 1112064K
  class space    used 9371K, capacity 9991K, committed 10032K, reserved 1048576K
}

