# JRE version: OpenJDK Runtime Environment (8.0_242-b01) (build 1.8.0_242-release-1644-b01)
# Java VM: OpenJDK 64-Bit Server VM (25.242-b01 mixed mode windows-amd64 compressed oops)
Heap:
 PSYoungGen      total 480768K, used 346326K [0x00000000d5580000, 0x00000000faa80000, 0x0000000100000000)
  eden space 415744K, 81% used [0x00000000d5580000,0x00000000ea197a68,0x00000000eeb80000)
  from space 65024K, 9% used [0x00000000eeb80000,0x00000000ef19e0e0,0x00000000f2b00000)
  to   space 64000K, 0% used [0x00000000f6c00000,0x00000000f6c00000,0x00000000faa80000)
 ParOldGen       total 311296K, used 70339K [0x0000000080000000, 0x0000000093000000, 0x00000000d5580000)
  object space 311296K, 22% used [0x0000000080000000,0x00000000844b0fa8,0x0000000093000000)
 Metaspace       used 100067K, capacity 105240K, committed 105368K, reserved 1140736K
  class space    used 13010K, capacity 13968K, committed 13992K, reserved 1048576K
GC Heap History (10 events):
Event: 20.379 GC heap before
{Heap before GC invocations=19 (full 3):
 PSYoungGen      total 342016K, used 74955K [0x00000000d5580000, 0x00000000f2e80000, 0x0000000100000000)
  eden space 274432K, 14% used [0x00000000d5580000,0x00000000d7b755e0,0x00000000e6180000)
  from space 67584K, 53% used [0x00000000e6180000,0x00000000e84bd918,0x00000000ea380000)
  to   space 67072K, 0% used [0x00000000eed00000,0x00000000eed00000,0x00000000f2e80000)
 ParOldGen       total 205824K, used 138165K [0x0000000080000000, 0x000000008c900000, 0x00000000d5580000)
  object space 205824K, 67% used [0x0000000080000000,0x00000000886ed430,0x000000008c900000)
 Metaspace       used 93595K, capacity 98412K, committed 98584K, reserved 1134592K
  class space    used 12617K, capacity 13526K, committed 13608K, reserved 1048576K
Event: 20.401 GC heap after
Heap after GC invocations=19 (full 3):
 PSYoungGen      total 416256K, used 40227K [0x00000000d5580000, 0x00000000f4380000, 0x0000000100000000)
  eden space 349184K, 0% used [0x00000000d5580000,0x00000000d5580000,0x00000000eaa80000)
  from space 67072K, 59% used [0x00000000eed00000,0x00000000f1448ce0,0x00000000f2e80000)
  to   space 68096K, 0% used [0x00000000eaa80000,0x00000000eaa80000,0x00000000eed00000)
 ParOldGen       total 205824K, used 138173K [0x0000000080000000, 0x000000008c900000, 0x00000000d5580000)
  object space 205824K, 67% used [0x0000000080000000,0x00000000886ef430,0x000000008c900000)
 Metaspace       used 93595K, capacity 98412K, committed 98584K, reserved 1134592K
  class space    used 12617K, capacity 13526K, committed 13608K, reserved 1048576K
}
Event: 20.401 GC heap before
{Heap before GC invocations=20 (full 4):
 PSYoungGen      total 416256K, used 40227K [0x00000000d5580000, 0x00000000f4380000, 0x0000000100000000)
  eden space 349184K, 0% used [0x00000000d5580000,0x00000000d5580000,0x00000000eaa80000)
  from space 67072K, 59% used [0x00000000eed00000,0x00000000f1448ce0,0x00000000f2e80000)
  to   space 68096K, 0% used [0x00000000eaa80000,0x00000000eaa80000,0x00000000eed00000)
 ParOldGen       total 205824K, used 138173K [0x0000000080000000, 0x000000008c900000, 0x00000000d5580000)
  object space 205824K, 67% used [0x0000000080000000,0x00000000886ef430,0x000000008c900000)
 Metaspace       used 93595K, capacity 98412K, committed 98584K, reserved 1134592K
  class space    used 12617K, capacity 13526K, committed 13608K, reserved 1048576K
Event: 20.501 GC heap after
Heap after GC invocations=20 (full 4):
 PSYoungGen      total 416256K, used 0K [0x00000000d5580000, 0x00000000f4380000, 0x0000000100000000)
  eden space 349184K, 0% used [0x00000000d5580000,0x00000000d5580000,0x00000000eaa80000)
  from space 67072K, 0% used [0x00000000eed00000,0x00000000eed00000,0x00000000f2e80000)
  to   space 68096K, 0% used [0x00000000eaa80000,0x00000000eaa80000,0x00000000eed00000)
 ParOldGen       total 311296K, used 69235K [0x0000000080000000, 0x0000000093000000, 0x00000000d5580000)
  object space 311296K, 22% used [0x0000000080000000,0x000000008439ce00,0x0000000093000000)
 Metaspace       used 93278K, capacity 97530K, committed 98584K, reserved 1134592K
  class space    used 12514K, capacity 13343K, committed 13608K, reserved 1048576K
}
Event: 451.470 GC heap before
{Heap before GC invocations=21 (full 4):
 PSYoungGen      total 416256K, used 349184K [0x00000000d5580000, 0x00000000f4380000, 0x0000000100000000)
  eden space 349184K, 100% used [0x00000000d5580000,0x00000000eaa80000,0x00000000eaa80000)
  from space 67072K, 0% used [0x00000000eed00000,0x00000000eed00000,0x00000000f2e80000)
  to   space 68096K, 0% used [0x00000000eaa80000,0x00000000eaa80000,0x00000000eed00000)
 ParOldGen       total 311296K, used 69235K [0x0000000080000000, 0x0000000093000000, 0x00000000d5580000)
  object space 311296K, 22% used [0x0000000080000000,0x000000008439ce00,0x0000000093000000)
 Metaspace       used 96880K, capacity 101368K, committed 102040K, reserved 1138688K
  class space    used 12742K, capacity 13584K, committed 13736K, reserved 1048576K
Event: 451.478 GC heap after
Heap after GC invocations=21 (full 4):
 PSYoungGen      total 417280K, used 19189K [0x00000000d5580000, 0x00000000f7500000, 0x0000000100000000)
  eden space 349184K, 0% used [0x00000000d5580000,0x00000000d5580000,0x00000000eaa80000)
  from space 68096K, 28% used [0x00000000eaa80000,0x00000000ebd3d6a0,0x00000000eed00000)
  to   space 65536K, 0% used [0x00000000f3500000,0x00000000f3500000,0x00000000f7500000)
 ParOldGen       total 311296K, used 69243K [0x0000000080000000, 0x0000000093000000, 0x00000000d5580000)
  object space 311296K, 22% used [0x0000000080000000,0x000000008439ee00,0x0000000093000000)
 Metaspace       used 96880K, capacity 101368K, committed 102040K, reserved 1138688K
  class space    used 12742K, capacity 13584K, committed 13736K, reserved 1048576K
}
Event: 474.623 GC heap before
{Heap before GC invocations=22 (full 4):
 PSYoungGen      total 417280K, used 368373K [0x00000000d5580000, 0x00000000f7500000, 0x0000000100000000)
  eden space 349184K, 100% used [0x00000000d5580000,0x00000000eaa80000,0x00000000eaa80000)
  from space 68096K, 28% used [0x00000000eaa80000,0x00000000ebd3d6a0,0x00000000eed00000)
  to   space 65536K, 0% used [0x00000000f3500000,0x00000000f3500000,0x00000000f7500000)
 ParOldGen       total 311296K, used 69243K [0x0000000080000000, 0x0000000093000000, 0x00000000d5580000)
  object space 311296K, 22% used [0x0000000080000000,0x000000008439ee00,0x0000000093000000)
 Metaspace       used 99058K, capacity 103718K, committed 104088K, reserved 1138688K
  class space    used 12943K, capacity 13845K, committed 13992K, reserved 1048576K
Event: 474.631 GC heap after
Heap after GC invocations=22 (full 4):
 PSYoungGen      total 470528K, used 9348K [0x00000000d5580000, 0x00000000f6a80000, 0x0000000100000000)
  eden space 415744K, 0% used [0x00000000d5580000,0x00000000d5580000,0x00000000eeb80000)
  from space 54784K, 17% used [0x00000000f3500000,0x00000000f3e21258,0x00000000f6a80000)
  to   space 65024K, 0% used [0x00000000eeb80000,0x00000000eeb80000,0x00000000f2b00000)
 ParOldGen       total 311296K, used 70331K [0x0000000080000000, 0x0000000093000000, 0x00000000d5580000)
  object space 311296K, 22% used [0x0000000080000000,0x00000000844aefa8,0x0000000093000000)
 Metaspace       used 99058K, capacity 103718K, committed 104088K, reserved 1138688K
  class space    used 12943K, capacity 13845K, committed 13992K, reserved 1048576K
}
Event: 585.424 GC heap before
{Heap before GC invocations=23 (full 4):
 PSYoungGen      total 470528K, used 425092K [0x00000000d5580000, 0x00000000f6a80000, 0x0000000100000000)
  eden space 415744K, 100% used [0x00000000d5580000,0x00000000eeb80000,0x00000000eeb80000)
  from space 54784K, 17% used [0x00000000f3500000,0x00000000f3e21258,0x00000000f6a80000)
  to   space 65024K, 0% used [0x00000000eeb80000,0x00000000eeb80000,0x00000000f2b00000)
 ParOldGen       total 311296K, used 70331K [0x0000000080000000, 0x0000000093000000, 0x00000000d5580000)
  object space 311296K, 22% used [0x0000000080000000,0x00000000844aefa8,0x0000000093000000)
 Metaspace       used 99764K, capacity 104744K, committed 104856K, reserved 1140736K
  class space    used 12988K, capacity 13928K, committed 13992K, reserved 1048576K
Event: 585.430 GC heap after
Heap after GC invocations=23 (full 4):
 PSYoungGen      total 480768K, used 6264K [0x00000000d5580000, 0x00000000faa80000, 0x0000000100000000)
  eden space 415744K, 0% used [0x00000000d5580000,0x00000000d5580000,0x00000000eeb80000)
  from space 65024K, 9% used [0x00000000eeb80000,0x00000000ef19e0e0,0x00000000f2b00000)
  to   space 64000K, 0% used [0x00000000f6c00000,0x00000000f6c00000,0x00000000faa80000)
 ParOldGen       total 311296K, used 70339K [0x0000000080000000, 0x0000000093000000, 0x00000000d5580000)
  object space 311296K, 22% used [0x0000000080000000,0x00000000844b0fa8,0x0000000093000000)
 Metaspace       used 99764K, capacity 104744K, committed 104856K, reserved 1140736K
  class space    used 12988K, capacity 13928K, committed 13992K, reserved 1048576K
}

