# JRE version: OpenJDK Runtime Environment (8.0_242-b01) (build 1.8.0_242-release-1644-b01)
# Java VM: OpenJDK 64-Bit Server VM (25.242-b01 mixed mode windows-amd64 compressed oops)
Heap:
 PSYoungGen      total 117760K, used 20049K [0x00000000d5580000, 0x00000000dd580000, 0x0000000100000000)
  eden space 107520K, 10% used [0x00000000d5580000,0x00000000d600ebf8,0x00000000dbe80000)
  from space 10240K, 90% used [0x00000000dcb80000,0x00000000dd485b40,0x00000000dd580000)
  to   space 11776K, 0% used [0x00000000dbe80000,0x00000000dbe80000,0x00000000dca00000)
 ParOldGen       total 92672K, used 7257K [0x0000000080000000, 0x0000000085a80000, 0x00000000d5580000)
  object space 92672K, 7% used [0x0000000080000000,0x0000000080716690,0x0000000085a80000)
 Metaspace       used 33400K, capacity 34558K, committed 34864K, reserved 1079296K
  class space    used 4577K, capacity 4830K, committed 4912K, reserved 1048576K
GC Heap History (10 events):
Event: 2.219 GC heap before
{Heap before GC invocations=3 (full 0):
 PSYoungGen      total 75776K, used 74028K [0x00000000d5580000, 0x00000000daa00000, 0x0000000100000000)
  eden space 65024K, 100% used [0x00000000d5580000,0x00000000d9500000,0x00000000d9500000)
  from space 10752K, 83% used [0x00000000d9f80000,0x00000000da84b008,0x00000000daa00000)
  to   space 10752K, 0% used [0x00000000d9500000,0x00000000d9500000,0x00000000d9f80000)
 ParOldGen       total 173568K, used 24K [0x0000000080000000, 0x000000008a980000, 0x00000000d5580000)
  object space 173568K, 0% used [0x0000000080000000,0x0000000080006000,0x000000008a980000)
 Metaspace       used 19959K, capacity 20586K, committed 20736K, reserved 1067008K
  class space    used 2778K, capacity 2949K, committed 3072K, reserved 1048576K
Event: 2.225 GC heap after
Heap after GC invocations=3 (full 0):
 PSYoungGen      total 75776K, used 10750K [0x00000000d5580000, 0x00000000daa00000, 0x0000000100000000)
  eden space 65024K, 0% used [0x00000000d5580000,0x00000000d5580000,0x00000000d9500000)
  from space 10752K, 99% used [0x00000000d9500000,0x00000000d9f7f888,0x00000000d9f80000)
  to   space 10752K, 0% used [0x00000000d9f80000,0x00000000d9f80000,0x00000000daa00000)
 ParOldGen       total 173568K, used 794K [0x0000000080000000, 0x000000008a980000, 0x00000000d5580000)
  object space 173568K, 0% used [0x0000000080000000,0x00000000800c6870,0x000000008a980000)
 Metaspace       used 19959K, capacity 20586K, committed 20736K, reserved 1067008K
  class space    used 2778K, capacity 2949K, committed 3072K, reserved 1048576K
}
Event: 2.282 GC heap before
{Heap before GC invocations=4 (full 0):
 PSYoungGen      total 75776K, used 21677K [0x00000000d5580000, 0x00000000daa00000, 0x0000000100000000)
  eden space 65024K, 16% used [0x00000000d5580000,0x00000000d602bcb8,0x00000000d9500000)
  from space 10752K, 99% used [0x00000000d9500000,0x00000000d9f7f888,0x00000000d9f80000)
  to   space 10752K, 0% used [0x00000000d9f80000,0x00000000d9f80000,0x00000000daa00000)
 ParOldGen       total 173568K, used 794K [0x0000000080000000, 0x000000008a980000, 0x00000000d5580000)
  object space 173568K, 0% used [0x0000000080000000,0x00000000800c6870,0x000000008a980000)
 Metaspace       used 20587K, capacity 21236K, committed 21296K, reserved 1067008K
  class space    used 2877K, capacity 3080K, committed 3120K, reserved 1048576K
Event: 2.286 GC heap after
Heap after GC invocations=4 (full 0):
 PSYoungGen      total 75776K, used 7432K [0x00000000d5580000, 0x00000000de980000, 0x0000000100000000)
  eden space 65024K, 0% used [0x00000000d5580000,0x00000000d5580000,0x00000000d9500000)
  from space 10752K, 69% used [0x00000000d9f80000,0x00000000da6c2040,0x00000000daa00000)
  to   space 10752K, 0% used [0x00000000d9500000,0x00000000d9500000,0x00000000d9f80000)
 ParOldGen       total 173568K, used 802K [0x0000000080000000, 0x000000008a980000, 0x00000000d5580000)
  object space 173568K, 0% used [0x0000000080000000,0x00000000800c8870,0x000000008a980000)
 Metaspace       used 20587K, capacity 21236K, committed 21296K, reserved 1067008K
  class space    used 2877K, capacity 3080K, committed 3120K, reserved 1048576K
}
Event: 2.286 GC heap before
{Heap before GC invocations=5 (full 1):
 PSYoungGen      total 75776K, used 7432K [0x00000000d5580000, 0x00000000de980000, 0x0000000100000000)
  eden space 65024K, 0% used [0x00000000d5580000,0x00000000d5580000,0x00000000d9500000)
  from space 10752K, 69% used [0x00000000d9f80000,0x00000000da6c2040,0x00000000daa00000)
  to   space 10752K, 0% used [0x00000000d9500000,0x00000000d9500000,0x00000000d9f80000)
 ParOldGen       total 173568K, used 802K [0x0000000080000000, 0x000000008a980000, 0x00000000d5580000)
  object space 173568K, 0% used [0x0000000080000000,0x00000000800c8870,0x000000008a980000)
 Metaspace       used 20587K, capacity 21236K, committed 21296K, reserved 1067008K
  class space    used 2877K, capacity 3080K, committed 3120K, reserved 1048576K
Event: 2.308 GC heap after
Heap after GC invocations=5 (full 1):
 PSYoungGen      total 75776K, used 0K [0x00000000d5580000, 0x00000000de980000, 0x0000000100000000)
  eden space 65024K, 0% used [0x00000000d5580000,0x00000000d5580000,0x00000000d9500000)
  from space 10752K, 0% used [0x00000000d9f80000,0x00000000d9f80000,0x00000000daa00000)
  to   space 10752K, 0% used [0x00000000d9500000,0x00000000d9500000,0x00000000d9f80000)
 ParOldGen       total 92672K, used 7241K [0x0000000080000000, 0x0000000085a80000, 0x00000000d5580000)
  object space 92672K, 7% used [0x0000000080000000,0x0000000080712690,0x0000000085a80000)
 Metaspace       used 20587K, capacity 21236K, committed 21296K, reserved 1067008K
  class space    used 2877K, capacity 3080K, committed 3120K, reserved 1048576K
}
Event: 2.882 GC heap before
{Heap before GC invocations=6 (full 1):
 PSYoungGen      total 75776K, used 65024K [0x00000000d5580000, 0x00000000de980000, 0x0000000100000000)
  eden space 65024K, 100% used [0x00000000d5580000,0x00000000d9500000,0x00000000d9500000)
  from space 10752K, 0% used [0x00000000d9f80000,0x00000000d9f80000,0x00000000daa00000)
  to   space 10752K, 0% used [0x00000000d9500000,0x00000000d9500000,0x00000000d9f80000)
 ParOldGen       total 92672K, used 7241K [0x0000000080000000, 0x0000000085a80000, 0x00000000d5580000)
  object space 92672K, 7% used [0x0000000080000000,0x0000000080712690,0x0000000085a80000)
 Metaspace       used 28795K, capacity 29638K, committed 29872K, reserved 1075200K
  class space    used 3988K, capacity 4229K, committed 4272K, reserved 1048576K
Event: 2.888 GC heap after
Heap after GC invocations=6 (full 1):
 PSYoungGen      total 75776K, used 8661K [0x00000000d5580000, 0x00000000dd780000, 0x0000000100000000)
  eden space 65024K, 0% used [0x00000000d5580000,0x00000000d5580000,0x00000000d9500000)
  from space 10752K, 80% used [0x00000000d9500000,0x00000000d9d754d8,0x00000000d9f80000)
  to   space 12288K, 0% used [0x00000000dcb80000,0x00000000dcb80000,0x00000000dd780000)
 ParOldGen       total 92672K, used 7249K [0x0000000080000000, 0x0000000085a80000, 0x00000000d5580000)
  object space 92672K, 7% used [0x0000000080000000,0x0000000080714690,0x0000000085a80000)
 Metaspace       used 28795K, capacity 29638K, committed 29872K, reserved 1075200K
  class space    used 3988K, capacity 4229K, committed 4272K, reserved 1048576K
}
Event: 3.330 GC heap before
{Heap before GC invocations=7 (full 1):
 PSYoungGen      total 75776K, used 73685K [0x00000000d5580000, 0x00000000dd780000, 0x0000000100000000)
  eden space 65024K, 100% used [0x00000000d5580000,0x00000000d9500000,0x00000000d9500000)
  from space 10752K, 80% used [0x00000000d9500000,0x00000000d9d754d8,0x00000000d9f80000)
  to   space 12288K, 0% used [0x00000000dcb80000,0x00000000dcb80000,0x00000000dd780000)
 ParOldGen       total 92672K, used 7249K [0x0000000080000000, 0x0000000085a80000, 0x00000000d5580000)
  object space 92672K, 7% used [0x0000000080000000,0x0000000080714690,0x0000000085a80000)
 Metaspace       used 32909K, capacity 33934K, committed 34224K, reserved 1079296K
  class space    used 4495K, capacity 4730K, committed 4784K, reserved 1048576K
Event: 3.335 GC heap after
Heap after GC invocations=7 (full 1):
 PSYoungGen      total 117760K, used 9238K [0x00000000d5580000, 0x00000000dd580000, 0x0000000100000000)
  eden space 107520K, 0% used [0x00000000d5580000,0x00000000d5580000,0x00000000dbe80000)
  from space 10240K, 90% used [0x00000000dcb80000,0x00000000dd485b40,0x00000000dd580000)
  to   space 11776K, 0% used [0x00000000dbe80000,0x00000000dbe80000,0x00000000dca00000)
 ParOldGen       total 92672K, used 7257K [0x0000000080000000, 0x0000000085a80000, 0x00000000d5580000)
  object space 92672K, 7% used [0x0000000080000000,0x0000000080716690,0x0000000085a80000)
 Metaspace       used 32909K, capacity 33934K, committed 34224K, reserved 1079296K
  class space    used 4495K, capacity 4730K, committed 4784K, reserved 1048576K
}

