# JRE version: OpenJDK Runtime Environment (8.0_242-b01) (build 1.8.0_242-release-1644-b01)
# Java VM: OpenJDK 64-Bit Server VM (25.242-b01 mixed mode windows-amd64 compressed oops)
Heap:
 PSYoungGen      total 271360K, used 107731K [0x00000000d5580000, 0x00000000ec580000, 0x0000000100000000)
  eden space 244736K, 33% used [0x00000000d5580000,0x00000000da4b59b0,0x00000000e4480000)
  from space 26624K, 99% used [0x00000000e4480000,0x00000000e5e7f5b0,0x00000000e5e80000)
  to   space 37376K, 0% used [0x00000000ea100000,0x00000000ea100000,0x00000000ec580000)
 ParOldGen       total 206848K, used 60299K [0x0000000080000000, 0x000000008ca00000, 0x00000000d5580000)
  object space 206848K, 29% used [0x0000000080000000,0x0000000083ae2d48,0x000000008ca00000)
 Metaspace       used 79653K, capacity 83746K, committed 83864K, reserved 1122304K
  class space    used 10643K, capacity 11387K, committed 11432K, reserved 1048576K
GC Heap History (10 events):
Event: 5.217 GC heap before
{Heap before GC invocations=12 (full 2):
 PSYoungGen      total 189440K, used 50105K [0x00000000d5580000, 0x00000000e4600000, 0x0000000100000000)
  eden space 178176K, 21% used [0x00000000d5580000,0x00000000d7b713d8,0x00000000e0380000)
  from space 11264K, 99% used [0x00000000e0380000,0x00000000e0e7d300,0x00000000e0e80000)
  to   space 17408K, 0% used [0x00000000e3500000,0x00000000e3500000,0x00000000e4600000)
 ParOldGen       total 137728K, used 27775K [0x0000000080000000, 0x0000000088680000, 0x00000000d5580000)
  object space 137728K, 20% used [0x0000000080000000,0x0000000081b1ff60,0x0000000088680000)
 Metaspace       used 56511K, capacity 58984K, committed 59160K, reserved 1099776K
  class space    used 7740K, capacity 8203K, committed 8232K, reserved 1048576K
Event: 5.225 GC heap after
Heap after GC invocations=12 (full 2):
 PSYoungGen      total 227840K, used 15538K [0x00000000d5580000, 0x00000000e5d00000, 0x0000000100000000)
  eden space 210432K, 0% used [0x00000000d5580000,0x00000000d5580000,0x00000000e2300000)
  from space 17408K, 89% used [0x00000000e3500000,0x00000000e442c938,0x00000000e4600000)
  to   space 18432K, 0% used [0x00000000e2300000,0x00000000e2300000,0x00000000e3500000)
 ParOldGen       total 137728K, used 27783K [0x0000000080000000, 0x0000000088680000, 0x00000000d5580000)
  object space 137728K, 20% used [0x0000000080000000,0x0000000081b21f60,0x0000000088680000)
 Metaspace       used 56511K, capacity 58984K, committed 59160K, reserved 1099776K
  class space    used 7740K, capacity 8203K, committed 8232K, reserved 1048576K
}
Event: 5.225 GC heap before
{Heap before GC invocations=13 (full 3):
 PSYoungGen      total 227840K, used 15538K [0x00000000d5580000, 0x00000000e5d00000, 0x0000000100000000)
  eden space 210432K, 0% used [0x00000000d5580000,0x00000000d5580000,0x00000000e2300000)
  from space 17408K, 89% used [0x00000000e3500000,0x00000000e442c938,0x00000000e4600000)
  to   space 18432K, 0% used [0x00000000e2300000,0x00000000e2300000,0x00000000e3500000)
 ParOldGen       total 137728K, used 27783K [0x0000000080000000, 0x0000000088680000, 0x00000000d5580000)
  object space 137728K, 20% used [0x0000000080000000,0x0000000081b21f60,0x0000000088680000)
 Metaspace       used 56511K, capacity 58984K, committed 59160K, reserved 1099776K
  class space    used 7740K, capacity 8203K, committed 8232K, reserved 1048576K
Event: 5.379 GC heap after
Heap after GC invocations=13 (full 3):
 PSYoungGen      total 227840K, used 0K [0x00000000d5580000, 0x00000000e5d00000, 0x0000000100000000)
  eden space 210432K, 0% used [0x00000000d5580000,0x00000000d5580000,0x00000000e2300000)
  from space 17408K, 0% used [0x00000000e3500000,0x00000000e3500000,0x00000000e4600000)
  to   space 18432K, 0% used [0x00000000e2300000,0x00000000e2300000,0x00000000e3500000)
 ParOldGen       total 206848K, used 30950K [0x0000000080000000, 0x000000008ca00000, 0x00000000d5580000)
  object space 206848K, 14% used [0x0000000080000000,0x0000000081e399a8,0x000000008ca00000)
 Metaspace       used 56443K, capacity 58756K, committed 59160K, reserved 1099776K
  class space    used 7719K, capacity 8165K, committed 8232K, reserved 1048576K
}
Event: 6.591 GC heap before
{Heap before GC invocations=14 (full 3):
 PSYoungGen      total 227840K, used 210432K [0x00000000d5580000, 0x00000000e5d00000, 0x0000000100000000)
  eden space 210432K, 100% used [0x00000000d5580000,0x00000000e2300000,0x00000000e2300000)
  from space 17408K, 0% used [0x00000000e3500000,0x00000000e3500000,0x00000000e4600000)
  to   space 18432K, 0% used [0x00000000e2300000,0x00000000e2300000,0x00000000e3500000)
 ParOldGen       total 206848K, used 30950K [0x0000000080000000, 0x000000008ca00000, 0x00000000d5580000)
  object space 206848K, 14% used [0x0000000080000000,0x0000000081e399a8,0x000000008ca00000)
 Metaspace       used 63618K, capacity 67054K, committed 67352K, reserved 1107968K
  class space    used 8814K, capacity 9450K, committed 9512K, reserved 1048576K
Event: 6.601 GC heap after
Heap after GC invocations=14 (full 3):
 PSYoungGen      total 228864K, used 17692K [0x00000000d5580000, 0x00000000e7280000, 0x0000000100000000)
  eden space 210432K, 0% used [0x00000000d5580000,0x00000000d5580000,0x00000000e2300000)
  from space 18432K, 95% used [0x00000000e2300000,0x00000000e3447130,0x00000000e3500000)
  to   space 20480K, 0% used [0x00000000e5e80000,0x00000000e5e80000,0x00000000e7280000)
 ParOldGen       total 206848K, used 30958K [0x0000000080000000, 0x000000008ca00000, 0x00000000d5580000)
  object space 206848K, 14% used [0x0000000080000000,0x0000000081e3b9a8,0x000000008ca00000)
 Metaspace       used 63618K, capacity 67054K, committed 67352K, reserved 1107968K
  class space    used 8814K, capacity 9450K, committed 9512K, reserved 1048576K
}
Event: 8.305 GC heap before
{Heap before GC invocations=15 (full 3):
 PSYoungGen      total 228864K, used 228124K [0x00000000d5580000, 0x00000000e7280000, 0x0000000100000000)
  eden space 210432K, 100% used [0x00000000d5580000,0x00000000e2300000,0x00000000e2300000)
  from space 18432K, 95% used [0x00000000e2300000,0x00000000e3447130,0x00000000e3500000)
  to   space 20480K, 0% used [0x00000000e5e80000,0x00000000e5e80000,0x00000000e7280000)
 ParOldGen       total 206848K, used 30958K [0x0000000080000000, 0x000000008ca00000, 0x00000000d5580000)
  object space 206848K, 14% used [0x0000000080000000,0x0000000081e3b9a8,0x000000008ca00000)
 Metaspace       used 78051K, capacity 81914K, committed 82072K, reserved 1120256K
  class space    used 10441K, capacity 11159K, committed 11176K, reserved 1048576K
Event: 8.327 GC heap after
Heap after GC invocations=15 (full 3):
 PSYoungGen      total 265216K, used 20474K [0x00000000d5580000, 0x00000000e7d00000, 0x0000000100000000)
  eden space 244736K, 0% used [0x00000000d5580000,0x00000000d5580000,0x00000000e4480000)
  from space 20480K, 99% used [0x00000000e5e80000,0x00000000e727eaa0,0x00000000e7280000)
  to   space 26624K, 0% used [0x00000000e4480000,0x00000000e4480000,0x00000000e5e80000)
 ParOldGen       total 206848K, used 41056K [0x0000000080000000, 0x000000008ca00000, 0x00000000d5580000)
  object space 206848K, 19% used [0x0000000080000000,0x0000000082818010,0x000000008ca00000)
 Metaspace       used 78051K, capacity 81914K, committed 82072K, reserved 1120256K
  class space    used 10441K, capacity 11159K, committed 11176K, reserved 1048576K
}
Event: 8.942 GC heap before
{Heap before GC invocations=16 (full 3):
 PSYoungGen      total 265216K, used 265210K [0x00000000d5580000, 0x00000000e7d00000, 0x0000000100000000)
  eden space 244736K, 100% used [0x00000000d5580000,0x00000000e4480000,0x00000000e4480000)
  from space 20480K, 99% used [0x00000000e5e80000,0x00000000e727eaa0,0x00000000e7280000)
  to   space 26624K, 0% used [0x00000000e4480000,0x00000000e4480000,0x00000000e5e80000)
 ParOldGen       total 206848K, used 41056K [0x0000000080000000, 0x000000008ca00000, 0x00000000d5580000)
  object space 206848K, 19% used [0x0000000080000000,0x0000000082818010,0x000000008ca00000)
 Metaspace       used 78971K, capacity 82884K, committed 82968K, reserved 1120256K
  class space    used 10526K, capacity 11254K, committed 11304K, reserved 1048576K
Event: 8.969 GC heap after
Heap after GC invocations=16 (full 3):
 PSYoungGen      total 271360K, used 26621K [0x00000000d5580000, 0x00000000ec580000, 0x0000000100000000)
  eden space 244736K, 0% used [0x00000000d5580000,0x00000000d5580000,0x00000000e4480000)
  from space 26624K, 99% used [0x00000000e4480000,0x00000000e5e7f5b0,0x00000000e5e80000)
  to   space 37376K, 0% used [0x00000000ea100000,0x00000000ea100000,0x00000000ec580000)
 ParOldGen       total 206848K, used 60299K [0x0000000080000000, 0x000000008ca00000, 0x00000000d5580000)
  object space 206848K, 29% used [0x0000000080000000,0x0000000083ae2d48,0x000000008ca00000)
 Metaspace       used 78971K, capacity 82884K, committed 82968K, reserved 1120256K
  class space    used 10526K, capacity 11254K, committed 11304K, reserved 1048576K
}

