# JRE version: OpenJDK Runtime Environment (8.0_242-b01) (build 1.8.0_242-release-1644-b01)
# Java VM: OpenJDK 64-Bit Server VM (25.242-b01 mixed mode windows-amd64 compressed oops)
Heap:
 PSYoungGen      total 617472K, used 104764K [0x00000000d5580000, 0x0000000100000000, 0x0000000100000000)
  eden space 543744K, 15% used [0x00000000d5580000,0x00000000da5a9ad8,0x00000000f6880000)
  from space 73728K, 30% used [0x00000000fad80000,0x00000000fc3a5908,0x00000000ff580000)
  to   space 70656K, 0% used [0x00000000f6880000,0x00000000f6880000,0x00000000fad80000)
 ParOldGen       total 329216K, used 160203K [0x0000000080000000, 0x0000000094180000, 0x00000000d5580000)
  object space 329216K, 48% used [0x0000000080000000,0x0000000089c72c18,0x0000000094180000)
 Metaspace       used 117265K, capacity 123396K, committed 124440K, reserved 1157120K
  class space    used 14871K, capacity 15966K, committed 16432K, reserved 1048576K
GC Heap History (10 events):
Event: 17.875 GC heap before
{Heap before GC invocations=16 (full 4):
 PSYoungGen      total 499200K, used 35540K [0x00000000d5580000, 0x00000000fb780000, 0x0000000100000000)
  eden space 441856K, 0% used [0x00000000d5580000,0x00000000d5580000,0x00000000f0500000)
  from space 57344K, 61% used [0x00000000f3e80000,0x00000000f61352e8,0x00000000f7680000)
  to   space 58880K, 0% used [0x00000000f0500000,0x00000000f0500000,0x00000000f3e80000)
 ParOldGen       total 209920K, used 119945K [0x0000000080000000, 0x000000008cd00000, 0x00000000d5580000)
  object space 209920K, 57% used [0x0000000080000000,0x00000000875227a0,0x000000008cd00000)
 Metaspace       used 92415K, capacity 98540K, committed 98600K, reserved 1134592K
  class space    used 12635K, capacity 13940K, committed 14000K, reserved 1048576K
Event: 18.070 GC heap after
Heap after GC invocations=16 (full 4):
 PSYoungGen      total 499200K, used 0K [0x00000000d5580000, 0x00000000fb780000, 0x0000000100000000)
  eden space 441856K, 0% used [0x00000000d5580000,0x00000000d5580000,0x00000000f0500000)
  from space 57344K, 0% used [0x00000000f3e80000,0x00000000f3e80000,0x00000000f7680000)
  to   space 58880K, 0% used [0x00000000f0500000,0x00000000f0500000,0x00000000f3e80000)
 ParOldGen       total 329216K, used 91310K [0x0000000080000000, 0x0000000094180000, 0x00000000d5580000)
  object space 329216K, 27% used [0x0000000080000000,0x000000008592b8e0,0x0000000094180000)
 Metaspace       used 90533K, capacity 94338K, committed 98600K, reserved 1134592K
  class space    used 11949K, capacity 12701K, committed 14000K, reserved 1048576K
}
Event: 20.899 GC heap before
{Heap before GC invocations=17 (full 4):
 PSYoungGen      total 499200K, used 441856K [0x00000000d5580000, 0x00000000fb780000, 0x0000000100000000)
  eden space 441856K, 100% used [0x00000000d5580000,0x00000000f0500000,0x00000000f0500000)
  from space 57344K, 0% used [0x00000000f3e80000,0x00000000f3e80000,0x00000000f7680000)
  to   space 58880K, 0% used [0x00000000f0500000,0x00000000f0500000,0x00000000f3e80000)
 ParOldGen       total 329216K, used 91310K [0x0000000080000000, 0x0000000094180000, 0x00000000d5580000)
  object space 329216K, 27% used [0x0000000080000000,0x000000008592b8e0,0x0000000094180000)
 Metaspace       used 96827K, capacity 102396K, committed 103704K, reserved 1138688K
  class space    used 12986K, capacity 14004K, committed 14640K, reserved 1048576K
Event: 20.944 GC heap after
Heap after GC invocations=17 (full 4):
 PSYoungGen      total 500736K, used 58876K [0x00000000d5580000, 0x0000000100000000, 0x0000000100000000)
  eden space 441856K, 0% used [0x00000000d5580000,0x00000000d5580000,0x00000000f0500000)
  from space 58880K, 99% used [0x00000000f0500000,0x00000000f3e7f108,0x00000000f3e80000)
  to   space 80896K, 0% used [0x00000000fb100000,0x00000000fb100000,0x0000000100000000)
 ParOldGen       total 329216K, used 125066K [0x0000000080000000, 0x0000000094180000, 0x00000000d5580000)
  object space 329216K, 37% used [0x0000000080000000,0x0000000087a228c8,0x0000000094180000)
 Metaspace       used 96827K, capacity 102396K, committed 103704K, reserved 1138688K
  class space    used 12986K, capacity 14004K, committed 14640K, reserved 1048576K
}
Event: 1222.808 GC heap before
{Heap before GC invocations=18 (full 4):
 PSYoungGen      total 500736K, used 500732K [0x00000000d5580000, 0x0000000100000000, 0x0000000100000000)
  eden space 441856K, 100% used [0x00000000d5580000,0x00000000f0500000,0x00000000f0500000)
  from space 58880K, 99% used [0x00000000f0500000,0x00000000f3e7f108,0x00000000f3e80000)
  to   space 80896K, 0% used [0x00000000fb100000,0x00000000fb100000,0x0000000100000000)
 ParOldGen       total 329216K, used 125066K [0x0000000080000000, 0x0000000094180000, 0x00000000d5580000)
  object space 329216K, 37% used [0x0000000080000000,0x0000000087a228c8,0x0000000094180000)
 Metaspace       used 109086K, capacity 114892K, committed 116120K, reserved 1148928K
  class space    used 14093K, capacity 15158K, committed 15792K, reserved 1048576K
Event: 1222.870 GC heap after
Heap after GC invocations=18 (full 4):
 PSYoungGen      total 621568K, used 35244K [0x00000000d5580000, 0x0000000100000000, 0x0000000100000000)
  eden space 540672K, 0% used [0x00000000d5580000,0x00000000d5580000,0x00000000f6580000)
  from space 80896K, 43% used [0x00000000fb100000,0x00000000fd36b3e0,0x0000000100000000)
  to   space 77312K, 0% used [0x00000000f6580000,0x00000000f6580000,0x00000000fb100000)
 ParOldGen       total 329216K, used 155400K [0x0000000080000000, 0x0000000094180000, 0x00000000d5580000)
  object space 329216K, 47% used [0x0000000080000000,0x00000000897c2000,0x0000000094180000)
 Metaspace       used 109086K, capacity 114892K, committed 116120K, reserved 1148928K
  class space    used 14093K, capacity 15158K, committed 15792K, reserved 1048576K
}
Event: 2131.793 GC heap before
{Heap before GC invocations=19 (full 4):
 PSYoungGen      total 621568K, used 575913K [0x00000000d5580000, 0x0000000100000000, 0x0000000100000000)
  eden space 540672K, 99% used [0x00000000d5580000,0x00000000f657f418,0x00000000f6580000)
  from space 80896K, 43% used [0x00000000fb100000,0x00000000fd36b3e0,0x0000000100000000)
  to   space 77312K, 0% used [0x00000000f6580000,0x00000000f6580000,0x00000000fb100000)
 ParOldGen       total 329216K, used 155400K [0x0000000080000000, 0x0000000094180000, 0x00000000d5580000)
  object space 329216K, 47% used [0x0000000080000000,0x00000000897c2000,0x0000000094180000)
 Metaspace       used 112862K, capacity 118872K, committed 119960K, reserved 1153024K
  class space    used 14401K, capacity 15476K, committed 16048K, reserved 1048576K
Event: 2131.812 GC heap after
Heap after GC invocations=19 (full 4):
 PSYoungGen      total 567296K, used 26219K [0x00000000d5580000, 0x00000000ff580000, 0x0000000100000000)
  eden space 540672K, 0% used [0x00000000d5580000,0x00000000d5580000,0x00000000f6580000)
  from space 26624K, 98% used [0x00000000f6580000,0x00000000f7f1aca0,0x00000000f7f80000)
  to   space 73728K, 0% used [0x00000000fad80000,0x00000000fad80000,0x00000000ff580000)
 ParOldGen       total 329216K, used 160195K [0x0000000080000000, 0x0000000094180000, 0x00000000d5580000)
  object space 329216K, 48% used [0x0000000080000000,0x0000000089c70c18,0x0000000094180000)
 Metaspace       used 112862K, capacity 118872K, committed 119960K, reserved 1153024K
  class space    used 14401K, capacity 15476K, committed 16048K, reserved 1048576K
}
Event: 2193.917 GC heap before
{Heap before GC invocations=20 (full 4):
 PSYoungGen      total 567296K, used 566891K [0x00000000d5580000, 0x00000000ff580000, 0x0000000100000000)
  eden space 540672K, 100% used [0x00000000d5580000,0x00000000f6580000,0x00000000f6580000)
  from space 26624K, 98% used [0x00000000f6580000,0x00000000f7f1aca0,0x00000000f7f80000)
  to   space 73728K, 0% used [0x00000000fad80000,0x00000000fad80000,0x00000000ff580000)
 ParOldGen       total 329216K, used 160195K [0x0000000080000000, 0x0000000094180000, 0x00000000d5580000)
  object space 329216K, 48% used [0x0000000080000000,0x0000000089c70c18,0x0000000094180000)
 Metaspace       used 117027K, capacity 123082K, committed 124184K, reserved 1157120K
  class space    used 14853K, capacity 15937K, committed 16432K, reserved 1048576K
Event: 2193.935 GC heap after
Heap after GC invocations=20 (full 4):
 PSYoungGen      total 617472K, used 22678K [0x00000000d5580000, 0x0000000100000000, 0x0000000100000000)
  eden space 543744K, 0% used [0x00000000d5580000,0x00000000d5580000,0x00000000f6880000)
  from space 73728K, 30% used [0x00000000fad80000,0x00000000fc3a5908,0x00000000ff580000)
  to   space 70656K, 0% used [0x00000000f6880000,0x00000000f6880000,0x00000000fad80000)
 ParOldGen       total 329216K, used 160203K [0x0000000080000000, 0x0000000094180000, 0x00000000d5580000)
  object space 329216K, 48% used [0x0000000080000000,0x0000000089c72c18,0x0000000094180000)
 Metaspace       used 117027K, capacity 123082K, committed 124184K, reserved 1157120K
  class space    used 14853K, capacity 15937K, committed 16432K, reserved 1048576K
}

