# JRE version: OpenJDK Runtime Environment (8.0_242-b01) (build 1.8.0_242-release-1644-b01)
# Java VM: OpenJDK 64-Bit Server VM (25.242-b01 mixed mode windows-amd64 compressed oops)
Heap:
 PSYoungGen      total 357376K, used 241782K [0x00000000d5580000, 0x00000000ecf80000, 0x0000000100000000)
  eden space 338944K, 71% used [0x00000000d5580000,0x00000000e419d920,0x00000000ea080000)
  from space 18432K, 0% used [0x00000000eb780000,0x00000000eb780000,0x00000000ec980000)
  to   space 23552K, 0% used [0x00000000ea080000,0x00000000ea080000,0x00000000eb780000)
 ParOldGen       total 201728K, used 35972K [0x0000000080000000, 0x000000008c500000, 0x00000000d5580000)
  object space 201728K, 17% used [0x0000000080000000,0x0000000082321368,0x000000008c500000)
 Metaspace       used 64867K, capacity 67840K, committed 68120K, reserved 1107968K
  class space    used 8923K, capacity 9519K, committed 9520K, reserved 1048576K
GC Heap History (10 events):
Event: 3.098 GC heap before
{Heap before GC invocations=7 (full 1):
 PSYoungGen      total 140800K, used 42403K [0x00000000d5580000, 0x00000000e4c80000, 0x0000000100000000)
  eden space 130048K, 24% used [0x00000000d5580000,0x00000000d7469fa0,0x00000000dd480000)
  from space 10752K, 99% used [0x00000000dd480000,0x00000000ddefefd8,0x00000000ddf00000)
  to   space 15872K, 0% used [0x00000000e3d00000,0x00000000e3d00000,0x00000000e4c80000)
 ParOldGen       total 90624K, used 10582K [0x0000000080000000, 0x0000000085880000, 0x00000000d5580000)
  object space 90624K, 11% used [0x0000000080000000,0x0000000080a55978,0x0000000085880000)
 Metaspace       used 34357K, capacity 35432K, committed 35496K, reserved 1079296K
  class space    used 4730K, capacity 5007K, committed 5040K, reserved 1048576K
Event: 3.102 GC heap after
Heap after GC invocations=7 (full 1):
 PSYoungGen      total 237056K, used 8268K [0x00000000d5580000, 0x00000000e4c00000, 0x0000000100000000)
  eden space 221696K, 0% used [0x00000000d5580000,0x00000000d5580000,0x00000000e2e00000)
  from space 15360K, 53% used [0x00000000e3d00000,0x00000000e4513118,0x00000000e4c00000)
  to   space 15360K, 0% used [0x00000000e2e00000,0x00000000e2e00000,0x00000000e3d00000)
 ParOldGen       total 90624K, used 10590K [0x0000000080000000, 0x0000000085880000, 0x00000000d5580000)
  object space 90624K, 11% used [0x0000000080000000,0x0000000080a57978,0x0000000085880000)
 Metaspace       used 34357K, capacity 35432K, committed 35496K, reserved 1079296K
  class space    used 4730K, capacity 5007K, committed 5040K, reserved 1048576K
}
Event: 3.102 GC heap before
{Heap before GC invocations=8 (full 2):
 PSYoungGen      total 237056K, used 8268K [0x00000000d5580000, 0x00000000e4c00000, 0x0000000100000000)
  eden space 221696K, 0% used [0x00000000d5580000,0x00000000d5580000,0x00000000e2e00000)
  from space 15360K, 53% used [0x00000000e3d00000,0x00000000e4513118,0x00000000e4c00000)
  to   space 15360K, 0% used [0x00000000e2e00000,0x00000000e2e00000,0x00000000e3d00000)
 ParOldGen       total 90624K, used 10590K [0x0000000080000000, 0x0000000085880000, 0x00000000d5580000)
  object space 90624K, 11% used [0x0000000080000000,0x0000000080a57978,0x0000000085880000)
 Metaspace       used 34357K, capacity 35432K, committed 35496K, reserved 1079296K
  class space    used 4730K, capacity 5007K, committed 5040K, reserved 1048576K
Event: 3.129 GC heap after
Heap after GC invocations=8 (full 2):
 PSYoungGen      total 237056K, used 0K [0x00000000d5580000, 0x00000000e4c00000, 0x0000000100000000)
  eden space 221696K, 0% used [0x00000000d5580000,0x00000000d5580000,0x00000000e2e00000)
  from space 15360K, 0% used [0x00000000e3d00000,0x00000000e3d00000,0x00000000e4c00000)
  to   space 15360K, 0% used [0x00000000e2e00000,0x00000000e2e00000,0x00000000e3d00000)
 ParOldGen       total 134144K, used 14707K [0x0000000080000000, 0x0000000088300000, 0x00000000d5580000)
  object space 134144K, 10% used [0x0000000080000000,0x0000000080e5cfd0,0x0000000088300000)
 Metaspace       used 34357K, capacity 35432K, committed 35496K, reserved 1079296K
  class space    used 4730K, capacity 5007K, committed 5040K, reserved 1048576K
}
Event: 4.195 GC heap before
{Heap before GC invocations=9 (full 2):
 PSYoungGen      total 237056K, used 221696K [0x00000000d5580000, 0x00000000e4c00000, 0x0000000100000000)
  eden space 221696K, 100% used [0x00000000d5580000,0x00000000e2e00000,0x00000000e2e00000)
  from space 15360K, 0% used [0x00000000e3d00000,0x00000000e3d00000,0x00000000e4c00000)
  to   space 15360K, 0% used [0x00000000e2e00000,0x00000000e2e00000,0x00000000e3d00000)
 ParOldGen       total 134144K, used 14707K [0x0000000080000000, 0x0000000088300000, 0x00000000d5580000)
  object space 134144K, 10% used [0x0000000080000000,0x0000000080e5cfd0,0x0000000088300000)
 Metaspace       used 46060K, capacity 47958K, committed 48168K, reserved 1091584K
  class space    used 6246K, capacity 6613K, committed 6704K, reserved 1048576K
Event: 4.205 GC heap after
Heap after GC invocations=9 (full 2):
 PSYoungGen      total 237056K, used 15337K [0x00000000d5580000, 0x00000000ec980000, 0x0000000100000000)
  eden space 221696K, 0% used [0x00000000d5580000,0x00000000d5580000,0x00000000e2e00000)
  from space 15360K, 99% used [0x00000000e2e00000,0x00000000e3cfa458,0x00000000e3d00000)
  to   space 18432K, 0% used [0x00000000eb780000,0x00000000eb780000,0x00000000ec980000)
 ParOldGen       total 134144K, used 16638K [0x0000000080000000, 0x0000000088300000, 0x00000000d5580000)
  object space 134144K, 12% used [0x0000000080000000,0x000000008103fa98,0x0000000088300000)
 Metaspace       used 46060K, capacity 47958K, committed 48168K, reserved 1091584K
  class space    used 6246K, capacity 6613K, committed 6704K, reserved 1048576K
}
Event: 5.095 GC heap before
{Heap before GC invocations=10 (full 2):
 PSYoungGen      total 237056K, used 143649K [0x00000000d5580000, 0x00000000ec980000, 0x0000000100000000)
  eden space 221696K, 57% used [0x00000000d5580000,0x00000000dd2ce2c0,0x00000000e2e00000)
  from space 15360K, 99% used [0x00000000e2e00000,0x00000000e3cfa458,0x00000000e3d00000)
  to   space 18432K, 0% used [0x00000000eb780000,0x00000000eb780000,0x00000000ec980000)
 ParOldGen       total 134144K, used 16638K [0x0000000080000000, 0x0000000088300000, 0x00000000d5580000)
  object space 134144K, 12% used [0x0000000080000000,0x000000008103fa98,0x0000000088300000)
 Metaspace       used 56666K, capacity 59098K, committed 59160K, reserved 1099776K
  class space    used 7764K, capacity 8238K, committed 8240K, reserved 1048576K
Event: 5.109 GC heap after
Heap after GC invocations=10 (full 2):
 PSYoungGen      total 357376K, used 18421K [0x00000000d5580000, 0x00000000ecf80000, 0x0000000100000000)
  eden space 338944K, 0% used [0x00000000d5580000,0x00000000d5580000,0x00000000ea080000)
  from space 18432K, 99% used [0x00000000eb780000,0x00000000ec97d6e0,0x00000000ec980000)
  to   space 23552K, 0% used [0x00000000ea080000,0x00000000ea080000,0x00000000eb780000)
 ParOldGen       total 134144K, used 22513K [0x0000000080000000, 0x0000000088300000, 0x00000000d5580000)
  object space 134144K, 16% used [0x0000000080000000,0x00000000815fc400,0x0000000088300000)
 Metaspace       used 56666K, capacity 59098K, committed 59160K, reserved 1099776K
  class space    used 7764K, capacity 8238K, committed 8240K, reserved 1048576K
}
Event: 5.109 GC heap before
{Heap before GC invocations=11 (full 3):
 PSYoungGen      total 357376K, used 18421K [0x00000000d5580000, 0x00000000ecf80000, 0x0000000100000000)
  eden space 338944K, 0% used [0x00000000d5580000,0x00000000d5580000,0x00000000ea080000)
  from space 18432K, 99% used [0x00000000eb780000,0x00000000ec97d6e0,0x00000000ec980000)
  to   space 23552K, 0% used [0x00000000ea080000,0x00000000ea080000,0x00000000eb780000)
 ParOldGen       total 134144K, used 22513K [0x0000000080000000, 0x0000000088300000, 0x00000000d5580000)
  object space 134144K, 16% used [0x0000000080000000,0x00000000815fc400,0x0000000088300000)
 Metaspace       used 56666K, capacity 59098K, committed 59160K, reserved 1099776K
  class space    used 7764K, capacity 8238K, committed 8240K, reserved 1048576K
Event: 5.253 GC heap after
Heap after GC invocations=11 (full 3):
 PSYoungGen      total 357376K, used 0K [0x00000000d5580000, 0x00000000ecf80000, 0x0000000100000000)
  eden space 338944K, 0% used [0x00000000d5580000,0x00000000d5580000,0x00000000ea080000)
  from space 18432K, 0% used [0x00000000eb780000,0x00000000eb780000,0x00000000ec980000)
  to   space 23552K, 0% used [0x00000000ea080000,0x00000000ea080000,0x00000000eb780000)
 ParOldGen       total 201728K, used 35972K [0x0000000080000000, 0x000000008c500000, 0x00000000d5580000)
  object space 201728K, 17% used [0x0000000080000000,0x0000000082321368,0x000000008c500000)
 Metaspace       used 56596K, capacity 58858K, committed 59160K, reserved 1099776K
  class space    used 7742K, capacity 8198K, committed 8240K, reserved 1048576K
}

